26/09/2018 22:23:26 [INFO] Loading messages ...
26/09/2018 22:23:26 [INFO] Loading placeholders and event triggers ...
26/09/2018 22:23:26 [INFO] Loading language file: lang_en
26/09/2018 22:23:26 [DEBUG] Loaded placeholder: MySQL
26/09/2018 22:23:26 [DEBUG] Loaded placeholder: CustomPlaceholders
26/09/2018 22:23:26 [INFO] Loading internal placeholders ...
26/09/2018 22:23:27 [INFO] Loading placeholder [Bukkit] ...
26/09/2018 22:23:27 [DEBUG] Loaded placeholder: armor
26/09/2018 22:23:27 [INFO] Loading placeholder [Armor] ...
26/09/2018 22:23:27 [DEBUG] Loaded placeholder: bukkit
26/09/2018 22:23:27 [INFO] Loading placeholder [BungeeCord] ...
26/09/2018 22:23:26 [INFO] Fetching available placeholders from server ...
26/09/2018 22:23:27 [INFO] Loading placeholder [CommandPlaceholderPack] ...
26/09/2018 22:23:27 [DEBUG] Loaded placeholder: color
26/09/2018 22:23:27 [INFO] Loading placeholder [Color] ...
26/09/2018 22:23:27 [DEBUG] Loaded placeholder: bungeecord
26/09/2018 22:23:27 [DEBUG] Loaded placeholder: economy
26/09/2018 22:23:27 [DEBUG] Loaded placeholder: playereffects
26/09/2018 22:23:27 [INFO] Loading placeholder [Effects] ...
26/09/2018 22:23:27 [INFO] Loading placeholder [Compass placeholders] ...
26/09/2018 22:23:27 [INFO] Loading placeholder [Economy] ...
26/09/2018 22:23:27 [DEBUG] Loaded placeholder: compass
26/09/2018 22:23:27 [DEBUG] Loaded placeholder: entities
26/09/2018 22:23:27 [DEBUG] Loaded placeholder: facebook
26/09/2018 22:23:27 [DEBUG] Loaded placeholder: essentials
26/09/2018 22:23:27 [INFO] Loading placeholder [Essentials] ...
26/09/2018 22:23:27 [INFO] Loading placeholder [Facebook] ...
26/09/2018 22:23:27 [DEBUG] Loaded placeholder: command
26/09/2018 22:23:27 [DEBUG] Loaded placeholder: firework
26/09/2018 22:23:28 [DEBUG] Loaded placeholder: java
26/09/2018 22:23:28 [INFO] Loading placeholder [JavaInfo] ...
26/09/2018 22:23:28 [DEBUG] Loaded placeholder: hotbar
26/09/2018 22:23:27 [INFO] Loading placeholder [Geographical] ...
26/09/2018 22:23:28 [INFO] Loading placeholder [LeaderHeads] ...
26/09/2018 22:23:28 [INFO] Loading placeholder [Hotbar] ...
26/09/2018 22:23:28 [DEBUG] Loaded placeholder: geographical
26/09/2018 22:23:27 [INFO] Loading placeholder [Entities] ...
26/09/2018 22:23:27 [INFO] Loading placeholder [FireworkEffect] ...
26/09/2018 22:23:28 [DEBUG] Loaded placeholder: multiverse
26/09/2018 22:23:28 [INFO] Loading placeholder [Permissions] ...
26/09/2018 22:23:28 [DEBUG] Loaded placeholder: permissions
26/09/2018 22:23:28 [DEBUG] Loaded placeholder: memory
26/09/2018 22:23:28 [INFO] Loading placeholder [Memory] ...
26/09/2018 22:23:28 [DEBUG] Loaded placeholder: marriage
26/09/2018 22:23:28 [INFO] Loading placeholder [Marriage] ...
26/09/2018 22:23:28 [INFO] Loading placeholder [Multiverse-Core] ...
26/09/2018 22:23:28 [DEBUG] Loaded placeholder: leaderheads
26/09/2018 22:23:33 [INFO] Loading event hook: PlotSquared Plot ...
26/09/2018 22:23:33 [INFO] Loading placeholder [Previous Names] ...
26/09/2018 22:23:33 [INFO] Loading placeholder [RedisBungee] ...
26/09/2018 22:23:33 [DEBUG] Loaded placeholder: previousnames
26/09/2018 22:23:28 [INFO] Loading placeholder [Player] ...
26/09/2018 22:23:33 [INFO] Loading event hook: PlotSquared Plot ...
26/09/2018 22:23:33 [INFO] Loading placeholder [PlotSquared] ...
26/09/2018 22:23:33 [DEBUG] Loaded placeholder: plotsquared
26/09/2018 22:23:33 [DEBUG] Loaded placeholder: player
26/09/2018 22:23:28 [DEBUG] Loaded placeholder: placeholderapi
26/09/2018 22:23:28 [INFO] Loading placeholder [PlaceholderAPI] ...
26/09/2018 22:23:33 [DEBUG] Loaded placeholder: tickspersecond
26/09/2018 22:23:33 [INFO] Loading placeholder [TicksPerSecond] ...
26/09/2018 22:23:33 [INFO] Loading placeholder [Twitter] ...
26/09/2018 22:23:33 [DEBUG] Loaded placeholder: statistics
26/09/2018 22:23:33 [DEBUG] Loaded placeholder: serverpinger
26/09/2018 22:23:33 [DEBUG] Loaded placeholder: sound
26/09/2018 22:23:33 [INFO] Loading placeholder [Statistics] ...
26/09/2018 22:23:33 [INFO] Loading placeholder [Sound Effects] ...
26/09/2018 22:23:33 [INFO] Loading placeholder [ServerPinger] ...
26/09/2018 22:23:33 [DEBUG] Loaded placeholder: redisbungee
26/09/2018 22:23:33 [INFO] Loading event hook: Vanilla Combat hook ...
26/09/2018 22:23:33 [INFO] Loading event hook: Vanilla player join ...
26/09/2018 22:23:33 [INFO] Loading event hook: Vanilla Create portal hook ...
26/09/2018 22:23:33 [INFO] Loading event hook: Vanilla player first join ...
26/09/2018 22:23:33 [INFO] Loading event hook: Vanilla Death hook ...
26/09/2018 22:23:33 [INFO] Loading event hook: Vanilla Block place hook ...
26/09/2018 22:23:33 [INFO] Loading event hook: Vanilla Block break hook ...
26/09/2018 22:23:33 [INFO] Loading placeholder [VanillaEvents] ...
26/09/2018 22:23:33 [INFO] Loading event hook: Vanilla player rejoin ...
26/09/2018 22:23:33 [DEBUG] Loaded placeholder: vanillaevents
26/09/2018 22:23:33 [DEBUG] Loaded placeholder: unicode
26/09/2018 22:23:33 [INFO] Loading placeholder [Unicode Characters] ...
26/09/2018 22:23:33 [DEBUG] Loaded placeholder: twitter
26/09/2018 22:23:33 [INFO] Loading placeholder [WorldGuard] ...
26/09/2018 22:23:33 [DEBUG] Loaded placeholder: worldguard
26/09/2018 22:23:33 [INFO] Loading event hook: WorldGuard Region ...
26/09/2018 22:23:33 [INFO] Loading event hook: WorldGuard Region ...
26/09/2018 22:23:33 [DEBUG] Loaded placeholder: world
26/09/2018 22:23:33 [INFO] Loading event hook: Vanilla player join ...
26/09/2018 22:23:33 [INFO] Loading event hook: Vanilla player first join ...
26/09/2018 22:23:33 [INFO] Loading event hook: Vanilla Death hook ...
26/09/2018 22:23:33 [INFO] Loading event hook: Vanilla Create portal hook ...
26/09/2018 22:23:33 [INFO] Loading placeholder [World] ...
26/09/2018 22:23:33 [INFO] Loading event hook: Vanilla player rejoin ...
26/09/2018 22:23:33 [INFO] Loading event hook: Vanilla Block place hook ...
26/09/2018 22:23:33 [INFO] Loading event hook: Vanilla Block break hook ...
26/09/2018 22:23:33 [INFO] Loading event hook: Vanilla Combat hook ...
26/09/2018 22:23:34 [DEBUG]  - Server supports Team color
26/09/2018 22:23:34 [DEBUG] Using SCOREBOARD v7
26/09/2018 22:23:34 [INFO] Using OPTIMAL as the update strategy
26/09/2018 22:23:35 [INFO] Loading scoreboard 'default' ...
26/09/2018 22:23:35 [DEBUG] 	Line: title Static: false
26/09/2018 22:23:34 [INFO] Loading custom effect 'example3' ...
26/09/2018 22:23:34 [DEBUG]  - Server supports Team entries
26/09/2018 22:23:34 [INFO] Creating new custom effect: example3
26/09/2018 22:23:34 [INFO] Loading custom effect 'example1' ...
26/09/2018 22:23:34 [INFO] Creating new custom effect: example1
26/09/2018 22:23:34 [DEBUG]  - Server supports Objective entries
26/09/2018 22:23:33 [INFO] Loaded 2975 of the 2975 placholders
26/09/2018 22:23:34 [INFO] Creating new custom effect: example2
26/09/2018 22:23:34 [INFO] Loading custom effect 'example2' ...
26/09/2018 22:23:33 [INFO] Checking for placeholder updates ...
26/09/2018 22:23:35 [DEBUG] 	Line: player-line3 Static: false
26/09/2018 22:23:35 [DEBUG] 	Line: spacer-player5 Static: true
26/09/2018 22:23:35 [DEBUG] Scoreboards groups sorted by priority:
26/09/2018 22:23:35 [DEBUG] 	default - 0
26/09/2018 22:23:35 [INFO] Added 'PERMISSION' as the default scoreboard assign method
26/09/2018 22:23:35 [DEBUG] 	Line: spacer-player4 Static: true
26/09/2018 22:23:35 [DEBUG] 	Line: spacer-player3 Static: true
26/09/2018 22:23:35 [DEBUG] 	Line: player-line7 Static: true
26/09/2018 22:23:35 [DEBUG] 	Line: player-line5 Static: false
26/09/2018 22:23:35 [DEBUG] 	Line: player-line1 Static: false
26/09/2018 22:23:35 [DEBUG] 	Line: player-line31 Static: false
26/09/2018 22:23:35 [DEBUG] 	Line: footer Static: false
26/09/2018 22:23:35 [DEBUG] 	Line: player-line6 Static: false
26/09/2018 22:23:35 [DEBUG] 	Line: player-line2 Static: false
26/09/2018 22:23:35 [DEBUG] 	Line: spacer-player2 Static: false
26/09/2018 22:23:35 [DEBUG] 	Line: player-label1 Static: true
26/09/2018 22:23:35 [DEBUG] 	Line: player-label2 Static: true
26/09/2018 22:23:36 [INFO] Adding command 'featherboard'
26/09/2018 22:23:36 [DEBUG] 	Adding sub command 'reload'
26/09/2018 22:23:36 [DEBUG] 	Adding sub command 'parse'
26/09/2018 22:23:36 [DEBUG] 	Adding sub command 'off'
26/09/2018 22:23:36 [DEBUG] 	Adding sub command 'help'
26/09/2018 22:23:36 [DEBUG] 	Adding sub command 'about'
26/09/2018 22:23:36 [DEBUG] 	Adding sub command 'generatebbcode'
26/09/2018 22:23:36 [DEBUG] 	Adding sub command 'debug'
26/09/2018 22:23:36 [DEBUG] 	Adding sub command 'on'
26/09/2018 22:23:35 [MESSAGE] &5[&9FeatherBoard&5] &aYour version is up to date!
26/09/2018 22:23:35 [INFO] Generating metrics information ...
26/09/2018 22:23:36 [DEBUG] 	Adding sub command 'removescoreboard'
26/09/2018 22:23:36 [DEBUG] 	Adding sub command 'createscoreboard'
26/09/2018 22:23:36 [DEBUG] 	Adding sub command 'modules'
26/09/2018 22:23:36 [DEBUG] 	Adding sub command 'info'
26/09/2018 22:23:36 [DEBUG] 	Adding sub command 'add'
26/09/2018 22:23:36 [DEBUG] 	Adding sub command 'remove'
26/09/2018 22:23:36 [DEBUG] 	Adding sub command 'module'
26/09/2018 22:23:36 [DEBUG] 	Adding sub command 'reload'
26/09/2018 22:23:36 [DEBUG] 	Adding sub command 'editsetting'
26/09/2018 22:23:36 [DEBUG] 	Adding sub command 'hide'
26/09/2018 22:23:36 [DEBUG] 	Adding sub command 'show'
26/09/2018 22:23:36 [DEBUG] 	Adding sub command 'placeholders'
26/09/2018 22:23:36 [DEBUG] 	Adding sub command 'permissions'
26/09/2018 22:23:36 [DEBUG] 	Adding sub command 'gui'
26/09/2018 22:23:36 [DEBUG] 	Adding sub command 'toggle'
26/09/2018 22:23:35 [INFO] Toggle persistence is disabled!
26/09/2018 22:23:37 [DEBUG] Refreshing group 'default' for new custom placeholder 'crazycrates_me.badbones69.crazycrates.api.objects.crate@22a892bd_total'
26/09/2018 22:23:37 [DEBUG] Refreshing group 'default' for new custom placeholder 'crazycrates_me.badbones69.crazycrates.api.objects.crate@4a0a6d1c'
26/09/2018 22:23:37 [DEBUG] Refreshing group 'default' for new custom placeholder 'crazycrates_me.badbones69.crazycrates.api.objects.crate@4a0a6d1c_physical'
26/09/2018 22:23:37 [DEBUG] Refreshing group 'default' for new custom placeholder 'crazycrates_me.badbones69.crazycrates.api.objects.crate@22a892bd'
26/09/2018 22:23:35 [DEBUG] 	Line: spacer-player1 Static: true
26/09/2018 22:23:37 [DEBUG] Refreshing group 'default' for new custom placeholder 'crazycrates_me.badbones69.crazycrates.api.objects.crate@61fd9662'
26/09/2018 22:23:37 [DEBUG] Refreshing group 'default' for new custom placeholder 'crazycrates_me.badbones69.crazycrates.api.objects.crate@4a0a6d1c_total'
26/09/2018 22:23:37 [DEBUG] Refreshing group 'default' for new custom placeholder 'crazycrates_me.badbones69.crazycrates.api.objects.crate@22a892bd_physical'
26/09/2018 22:23:37 [DEBUG] Refreshing group 'default' for new custom placeholder 'crazycrates_me.badbones69.crazycrates.api.objects.crate@61fd9662_physical'
26/09/2018 22:23:37 [DEBUG] Refreshing group 'default' for new custom placeholder 'crazycrates_me.badbones69.crazycrates.api.objects.crate@61fd9662_total'
26/09/2018 22:23:37 [DEBUG] Refreshing group 'default' for new custom placeholder 'crazycrates_me.badbones69.crazycrates.api.objects.crate@bcb2634'
26/09/2018 22:23:37 [DEBUG] Refreshing group 'default' for new custom placeholder 'crazycrates_me.badbones69.crazycrates.api.objects.crate@bcb2634_physical'
26/09/2018 22:23:37 [DEBUG] Refreshing group 'default' for new custom placeholder 'crazycrates_me.badbones69.crazycrates.api.objects.crate@bcb2634_total'
26/09/2018 22:23:37 [DEBUG] Refreshing group 'default' for new custom placeholder 'crazycrates_me.badbones69.crazycrates.api.objects.crate@28506791'
26/09/2018 22:23:37 [DEBUG] Refreshing group 'default' for new custom placeholder 'crazycrates_me.badbones69.crazycrates.api.objects.crate@28506791_physical'
26/09/2018 22:23:37 [DEBUG] Refreshing group 'default' for new custom placeholder 'crazycrates_me.badbones69.crazycrates.api.objects.crate@28506791_total'
26/09/2018 22:24:32 [INFO] Checking for module updates ...
26/09/2018 22:24:32 [INFO] Fetching modules from server ...
