27/10/2018 17:17:23 [INFO] Loading placeholders and event triggers ...
27/10/2018 17:17:23 [INFO] Loading messages ...
27/10/2018 17:17:23 [INFO] Loading language file: lang_en
27/10/2018 17:17:23 [DEBUG] Loaded placeholder: CustomPlaceholders
27/10/2018 17:17:23 [INFO] Loading internal placeholders ...
27/10/2018 17:17:23 [INFO] Fetching available placeholders from server ...
27/10/2018 17:17:23 [DEBUG] Loaded placeholder: MySQL
27/10/2018 17:17:25 [DEBUG] Loaded placeholder: bukkit
27/10/2018 17:17:25 [DEBUG] Loaded placeholder: armor
27/10/2018 17:17:24 [INFO] Loading placeholder [Armor] ...
27/10/2018 17:17:25 [INFO] Loading placeholder [Entities] ...
27/10/2018 17:17:25 [INFO] Loading placeholder [BungeeCord] ...
27/10/2018 17:17:25 [DEBUG] Loaded placeholder: playereffects
27/10/2018 17:17:25 [INFO] Loading placeholder [Compass placeholders] ...
27/10/2018 17:17:27 [DEBUG] Loaded placeholder: hotbar
27/10/2018 17:17:27 [INFO] Loading placeholder [JavaInfo] ...
27/10/2018 17:17:27 [INFO] Loading placeholder [Hotbar] ...
27/10/2018 17:17:27 [DEBUG] Loaded placeholder: java
27/10/2018 17:17:27 [INFO] Loading placeholder [LeaderHeads] ...
27/10/2018 17:17:27 [DEBUG] Loaded placeholder: leaderheads
27/10/2018 17:17:27 [INFO] Loading placeholder [Marriage] ...
27/10/2018 17:17:27 [DEBUG] Loaded placeholder: marriage
27/10/2018 17:17:27 [INFO] Loading placeholder [Memory] ...
27/10/2018 17:17:27 [DEBUG] Loaded placeholder: memory
27/10/2018 17:17:27 [INFO] Loading placeholder [Multiverse-Core] ...
27/10/2018 17:17:27 [DEBUG] Loaded placeholder: multiverse
27/10/2018 17:17:27 [INFO] Loading placeholder [Permissions] ...
27/10/2018 17:17:27 [DEBUG] Loaded placeholder: permissions
27/10/2018 17:17:27 [DEBUG] Loaded placeholder: placeholderapi
27/10/2018 17:17:27 [INFO] Loading placeholder [PlaceholderAPI] ...
27/10/2018 17:17:27 [INFO] Loading placeholder [Player] ...
27/10/2018 17:17:28 [INFO] Loading placeholder [PlotSquared] ...
27/10/2018 17:17:28 [DEBUG] Loaded placeholder: plotsquared
27/10/2018 17:17:28 [INFO] Loading event hook: PlotSquared Plot ...
27/10/2018 17:17:28 [INFO] Loading event hook: PlotSquared Plot ...
27/10/2018 17:17:28 [INFO] Loading placeholder [Previous Names] ...
27/10/2018 17:17:28 [DEBUG] Loaded placeholder: previousnames
27/10/2018 17:17:28 [INFO] Loading placeholder [RedisBungee] ...
27/10/2018 17:17:28 [INFO] Loading placeholder [ServerPinger] ...
27/10/2018 17:17:28 [DEBUG] Loaded placeholder: redisbungee
27/10/2018 17:17:28 [DEBUG] Loaded placeholder: serverpinger
27/10/2018 17:17:28 [INFO] Loading placeholder [Sound Effects] ...
27/10/2018 17:17:28 [DEBUG] Loaded placeholder: player
27/10/2018 17:17:28 [DEBUG] Loaded placeholder: sound
27/10/2018 17:17:28 [INFO] Loading placeholder [Statistics] ...
27/10/2018 17:17:28 [DEBUG] Loaded placeholder: statistics
27/10/2018 17:17:28 [INFO] Loading placeholder [Twitter] ...
27/10/2018 17:17:28 [INFO] Loading placeholder [TicksPerSecond] ...
27/10/2018 17:17:28 [DEBUG] Loaded placeholder: tickspersecond
27/10/2018 17:17:29 [INFO] Loading placeholder [Unicode Characters] ...
27/10/2018 17:17:29 [DEBUG] Loaded placeholder: twitter
27/10/2018 17:17:29 [DEBUG] Loaded placeholder: unicode
27/10/2018 17:17:29 [INFO] Loading placeholder [VanillaEvents] ...
27/10/2018 17:17:29 [DEBUG] Loaded placeholder: vanillaevents
27/10/2018 17:17:29 [INFO] Loading event hook: Vanilla Combat hook ...
27/10/2018 17:17:29 [INFO] Loading event hook: Vanilla Block break hook ...
27/10/2018 17:17:29 [INFO] Loading event hook: Vanilla player rejoin ...
27/10/2018 17:17:29 [INFO] Loading event hook: Vanilla Block place hook ...
27/10/2018 17:17:29 [INFO] Loading event hook: Vanilla Create portal hook ...
27/10/2018 17:17:29 [INFO] Loading event hook: Vanilla player join ...
27/10/2018 17:17:29 [INFO] Loading event hook: Vanilla Death hook ...
27/10/2018 17:17:29 [INFO] Loading event hook: Vanilla player first join ...
27/10/2018 17:17:29 [INFO] Loading event hook: Vanilla Combat hook ...
27/10/2018 17:17:29 [INFO] Loading event hook: Vanilla Block place hook ...
27/10/2018 17:17:29 [INFO] Loading event hook: Vanilla Block break hook ...
27/10/2018 17:17:29 [INFO] Loading event hook: Vanilla player rejoin ...
27/10/2018 17:17:29 [INFO] Loading event hook: Vanilla player join ...
27/10/2018 17:17:29 [INFO] Loading event hook: Vanilla Death hook ...
27/10/2018 17:17:29 [INFO] Loading event hook: Vanilla Create portal hook ...
27/10/2018 17:17:26 [INFO] Loading placeholder [FireworkEffect] ...
27/10/2018 17:17:29 [DEBUG] Loaded placeholder: worldguard
27/10/2018 17:17:29 [INFO] Loading event hook: Vanilla player first join ...
27/10/2018 17:17:29 [INFO] Loading placeholder [World] ...
27/10/2018 17:17:29 [INFO] Loading event hook: WorldGuard Region ...
27/10/2018 17:17:29 [INFO] Loading placeholder [WorldGuard] ...
27/10/2018 17:17:29 [DEBUG] Loaded placeholder: world
27/10/2018 17:17:31 [INFO] Loading scoreboard 'default' ...
27/10/2018 17:17:31 [DEBUG]  - Server supports Objective entries
27/10/2018 17:17:31 [DEBUG] 	Line: player-label1 Static: true
27/10/2018 17:17:31 [DEBUG] 	Line: player-line2 Static: false
27/10/2018 17:17:31 [DEBUG] 	Line: spacer-player3 Static: true
27/10/2018 17:17:31 [DEBUG] 	Line: player-line6 Static: false
27/10/2018 17:17:31 [DEBUG] 	Line: player-line31 Static: false
27/10/2018 17:17:31 [DEBUG] 	Line: spacer-player4 Static: true
27/10/2018 17:17:31 [DEBUG] 	default - 0
27/10/2018 17:17:26 [INFO] Loading placeholder [Geographical] ...
27/10/2018 17:17:32 [MESSAGE] &5[&9FeatherBoard&5] &aYour version is up to date!
27/10/2018 17:17:30 [INFO] Creating new custom effect: example3
27/10/2018 17:17:31 [DEBUG]  - Server supports Team entries
27/10/2018 17:17:31 [DEBUG]  - Server supports Team color
27/10/2018 17:17:31 [DEBUG] Using SCOREBOARD v7
27/10/2018 17:17:31 [DEBUG] 	Line: title Static: false
27/10/2018 17:17:33 [DEBUG] 	Adding sub command 'on'
27/10/2018 17:17:31 [INFO] Using OPTIMAL as the update strategy
27/10/2018 17:17:31 [DEBUG] 	Line: player-line1 Static: false
27/10/2018 17:17:27 [DEBUG] Loaded placeholder: geographical
27/10/2018 17:17:33 [DEBUG] 	Adding sub command 'gui'
27/10/2018 17:17:33 [DEBUG] 	Adding sub command 'toggle'
27/10/2018 17:17:26 [DEBUG] Loaded placeholder: firework
27/10/2018 17:17:33 [INFO] Adding command 'featherboard'
27/10/2018 17:17:26 [DEBUG] Loaded placeholder: facebook
27/10/2018 17:17:34 [DEBUG] 	Adding sub command 'generatebbcode'
27/10/2018 17:17:34 [DEBUG] 	Adding sub command 'reload'
27/10/2018 17:17:25 [INFO] Loading placeholder [Essentials] ...
27/10/2018 17:17:34 [DEBUG] 	Adding sub command 'help'
27/10/2018 17:17:34 [DEBUG] 	Adding sub command 'about'
27/10/2018 17:17:34 [DEBUG] 	Adding sub command 'editsetting'
27/10/2018 17:17:34 [DEBUG] 	Adding sub command 'info'
27/10/2018 17:17:25 [INFO] Loading placeholder [Facebook] ...
27/10/2018 17:17:25 [DEBUG] Loaded placeholder: economy
27/10/2018 17:17:34 [DEBUG] 	Adding sub command 'remove'
27/10/2018 17:17:34 [DEBUG] 	Adding sub command 'module'
27/10/2018 17:17:25 [DEBUG] Loaded placeholder: command
27/10/2018 17:17:36 [DEBUG] Refreshing group 'default' for new custom placeholder 'crazycrates_me.badbones69.crazycrates.api.objects.crate@24515ed5_physical'
27/10/2018 17:17:36 [DEBUG] Refreshing group 'default' for new custom placeholder 'crazycrates_me.badbones69.crazycrates.api.objects.crate@24515ed5_total'
27/10/2018 17:17:36 [DEBUG] Refreshing group 'default' for new custom placeholder 'crazycrates_me.badbones69.crazycrates.api.objects.crate@6ce19b37_total'
27/10/2018 17:17:36 [DEBUG] Refreshing group 'default' for new custom placeholder 'crazycrates_me.badbones69.crazycrates.api.objects.crate@40b76e7d_physical'
27/10/2018 17:17:25 [DEBUG] Loaded placeholder: entities
27/10/2018 17:17:25 [DEBUG] Loaded placeholder: bungeecord
27/10/2018 17:17:34 [DEBUG] 	Adding sub command 'add'
27/10/2018 17:17:31 [INFO] Added 'PERMISSION' as the default scoreboard assign method
27/10/2018 17:17:34 [DEBUG] 	Adding sub command 'hide'
27/10/2018 17:17:34 [DEBUG] 	Adding sub command 'modules'
27/10/2018 17:17:34 [DEBUG] 	Adding sub command 'parse'
27/10/2018 17:17:34 [DEBUG] 	Adding sub command 'createscoreboard'
27/10/2018 17:17:34 [DEBUG] 	Adding sub command 'show'
27/10/2018 17:17:34 [DEBUG] 	Adding sub command 'reload'
27/10/2018 17:17:34 [DEBUG] 	Adding sub command 'placeholders'
27/10/2018 17:17:31 [DEBUG] Scoreboards groups sorted by priority:
27/10/2018 17:17:34 [DEBUG] 	Adding sub command 'debug'
27/10/2018 17:17:33 [INFO] Toggle persistence is disabled!
27/10/2018 17:17:33 [DEBUG] 	Adding sub command 'off'
27/10/2018 17:17:31 [INFO] Generating metrics information ...
27/10/2018 17:17:31 [DEBUG] 	Line: spacer-player1 Static: true
27/10/2018 17:17:30 [INFO] Creating new custom effect: example2
27/10/2018 17:17:31 [DEBUG] 	Line: spacer-player5 Static: true
27/10/2018 17:17:31 [DEBUG] 	Line: footer Static: false
27/10/2018 17:17:31 [DEBUG] 	Line: player-line7 Static: true
27/10/2018 17:17:36 [DEBUG] Refreshing group 'default' for new custom placeholder 'crazycrates_me.badbones69.crazycrates.api.objects.crate@40b76e7d'
27/10/2018 17:17:30 [INFO] Loading custom effect 'example2' ...
27/10/2018 17:17:30 [INFO] Creating new custom effect: example1
27/10/2018 17:17:30 [INFO] Loading custom effect 'example3' ...
27/10/2018 17:17:25 [DEBUG] Loaded placeholder: essentials
27/10/2018 17:17:29 [INFO] Loaded 2963 of the 2963 placholders
27/10/2018 17:17:29 [INFO] Loading event hook: WorldGuard Region ...
27/10/2018 17:17:30 [INFO] Loading custom effect 'example1' ...
27/10/2018 17:17:34 [DEBUG] 	Adding sub command 'permissions'
27/10/2018 17:17:29 [INFO] Checking for placeholder updates ...
27/10/2018 17:17:36 [DEBUG] Refreshing group 'default' for new custom placeholder 'crazycrates_me.badbones69.crazycrates.api.objects.crate@7d403f5f_total'
27/10/2018 17:17:25 [INFO] Loading placeholder [Economy] ...
27/10/2018 17:17:36 [DEBUG] Refreshing group 'default' for new custom placeholder 'crazycrates_me.badbones69.crazycrates.api.objects.crate@40b76e7d_total'
27/10/2018 17:17:25 [DEBUG] Loaded placeholder: compass
27/10/2018 17:17:36 [DEBUG] Refreshing group 'default' for new custom placeholder 'crazycrates_me.badbones69.crazycrates.api.objects.crate@6ce19b37'
27/10/2018 17:17:36 [DEBUG] Refreshing group 'default' for new custom placeholder 'crazycrates_me.badbones69.crazycrates.api.objects.crate@6ce19b37_physical'
27/10/2018 17:17:25 [INFO] Loading placeholder [Effects] ...
27/10/2018 17:17:36 [DEBUG] Refreshing group 'default' for new custom placeholder 'crazycrates_me.badbones69.crazycrates.api.objects.crate@78fd8c6e'
27/10/2018 17:17:25 [INFO] Loading placeholder [CommandPlaceholderPack] ...
27/10/2018 17:17:25 [INFO] Loading placeholder [Bukkit] ...
27/10/2018 17:17:25 [DEBUG] Loaded placeholder: color
27/10/2018 17:17:36 [DEBUG] Refreshing group 'default' for new custom placeholder 'crazycrates_me.badbones69.crazycrates.api.objects.crate@78fd8c6e_physical'
27/10/2018 17:17:36 [DEBUG] Refreshing group 'default' for new custom placeholder 'crazycrates_me.badbones69.crazycrates.api.objects.crate@78fd8c6e_total'
27/10/2018 17:17:36 [DEBUG] Refreshing group 'default' for new custom placeholder 'crazycrates_me.badbones69.crazycrates.api.objects.crate@24515ed5'
27/10/2018 17:17:25 [INFO] Loading placeholder [Color] ...
27/10/2018 17:17:36 [DEBUG] Refreshing group 'default' for new custom placeholder 'crazycrates_me.badbones69.crazycrates.api.objects.crate@7d403f5f_physical'
27/10/2018 17:17:36 [DEBUG] Refreshing group 'default' for new custom placeholder 'crazycrates_me.badbones69.crazycrates.api.objects.crate@7d403f5f'
27/10/2018 17:17:31 [DEBUG] 	Line: spacer-player2 Static: false
27/10/2018 17:17:31 [DEBUG] 	Line: player-label2 Static: true
27/10/2018 17:17:31 [DEBUG] 	Line: player-line5 Static: false
27/10/2018 17:17:31 [DEBUG] 	Line: player-line3 Static: false
27/10/2018 17:17:34 [DEBUG] 	Adding sub command 'removescoreboard'
27/10/2018 17:19:44 [INFO] Fetching modules from server ...
27/10/2018 17:19:44 [INFO] Checking for module updates ...
