22/09/2018 21:50:50 [DEBUG] Loaded placeholder: facebook
22/09/2018 21:50:53 [DEBUG] Loaded placeholder: world
22/09/2018 21:50:46 [INFO] Loading messages ...
22/09/2018 21:50:53 [INFO] Loading placeholder [World] ...
22/09/2018 21:50:50 [INFO] Loading placeholder [FireworkEffect] ...
22/09/2018 21:50:53 [INFO] Loading placeholder [WorldGuard] ...
22/09/2018 21:50:50 [DEBUG] Loaded placeholder: firework
22/09/2018 21:50:53 [INFO] Loading event hook: WorldGuard Region ...
22/09/2018 21:50:53 [DEBUG] Loaded placeholder: worldguard
22/09/2018 21:50:46 [INFO] Loading language file: lang_en
22/09/2018 21:50:53 [INFO] Loading event hook: WorldGuard Region ...
22/09/2018 21:50:50 [INFO] Loading placeholder [Geographical] ...
22/09/2018 21:50:50 [DEBUG] Loaded placeholder: geographical
22/09/2018 21:50:53 [INFO] Checking for placeholder updates ...
22/09/2018 21:50:53 [INFO] Loaded 2342 of the 2342 placholders
22/09/2018 21:50:54 [INFO] Creating new custom effect: example2
22/09/2018 21:50:50 [DEBUG] Loaded placeholder: hotbar
22/09/2018 21:50:46 [INFO] Loading placeholders and event triggers ...
22/09/2018 21:50:54 [DEBUG]  - Server supports Team entries
22/09/2018 21:50:53 [INFO] Creating new custom effect: example1
22/09/2018 21:50:50 [DEBUG] Loaded placeholder: java
22/09/2018 21:50:54 [INFO] Loading custom effect 'example3' ...
22/09/2018 21:50:55 [INFO] Using OPTIMAL as the update strategy
22/09/2018 21:50:50 [INFO] Loading placeholder [LeaderHeads] ...
22/09/2018 21:50:53 [INFO] Loading custom effect 'example1' ...
22/09/2018 21:50:55 [INFO] Loading scoreboard 'default' ...
22/09/2018 21:50:50 [INFO] Loading placeholder [Hotbar] ...
22/09/2018 21:50:54 [INFO] Creating new custom effect: example3
22/09/2018 21:50:54 [INFO] Loading custom effect 'example2' ...
22/09/2018 21:50:55 [DEBUG] 	Line: title Static: false
22/09/2018 21:50:46 [DEBUG] Loaded placeholder: MySQL
22/09/2018 21:50:55 [DEBUG] 	Line: player-line2 Static: false
22/09/2018 21:50:46 [INFO] Fetching available placeholders from server ...
22/09/2018 21:50:55 [DEBUG] 	Line: spacer-player2 Static: false
22/09/2018 21:50:54 [DEBUG]  - Server supports Objective entries
22/09/2018 21:50:55 [DEBUG] 	Line: player-line7 Static: true
22/09/2018 21:50:55 [DEBUG] 	Line: player-line5 Static: false
22/09/2018 21:50:55 [DEBUG] 	Line: player-line6 Static: false
22/09/2018 21:50:50 [INFO] Loading placeholder [Multiverse-Core] ...
22/09/2018 21:50:55 [DEBUG] 	Line: player-line31 Static: false
22/09/2018 21:50:50 [DEBUG] Loaded placeholder: multiverse
22/09/2018 21:50:55 [DEBUG] Scoreboards groups sorted by priority:
22/09/2018 21:50:55 [DEBUG] 	Line: player-label2 Static: true
22/09/2018 21:50:50 [INFO] Loading placeholder [Permissions] ...
22/09/2018 21:50:47 [INFO] Loading placeholder [Armor] ...
22/09/2018 21:50:55 [DEBUG] 	Line: spacer-player4 Static: true
22/09/2018 21:50:54 [DEBUG] Using SCOREBOARD v7
22/09/2018 21:50:55 [DEBUG] 	Line: spacer-player3 Static: true
22/09/2018 21:50:50 [DEBUG] Loaded placeholder: memory
22/09/2018 21:50:55 [DEBUG] 	Line: player-line1 Static: false
22/09/2018 21:50:50 [INFO] Loading placeholder [Memory] ...
22/09/2018 21:50:50 [DEBUG] Loaded placeholder: marriage
22/09/2018 21:50:55 [DEBUG] 	Line: player-label1 Static: true
22/09/2018 21:50:50 [INFO] Loading placeholder [JavaInfo] ...
22/09/2018 21:50:55 [DEBUG] 	Line: player-line3 Static: false
22/09/2018 21:50:46 [INFO] Loading internal placeholders ...
22/09/2018 21:50:55 [DEBUG] 	Line: spacer-player1 Static: true
22/09/2018 21:50:50 [INFO] Loading placeholder [Marriage] ...
22/09/2018 21:50:50 [DEBUG] Loaded placeholder: leaderheads
22/09/2018 21:50:46 [DEBUG] Loaded placeholder: CustomPlaceholders
22/09/2018 21:50:57 [DEBUG] 	Adding sub command 'on'
22/09/2018 21:50:56 [INFO] Toggle persistence is disabled!
22/09/2018 21:50:56 [MESSAGE] &5[&9FeatherBoard&5] &aYour version is up to date!
22/09/2018 21:50:57 [INFO] Adding command 'featherboard'
22/09/2018 21:50:59 [DEBUG] Refreshing group 'default' for new custom placeholder 'crazycrates_me.badbones69.crazycrates.api.objects.crate@25a983e'
22/09/2018 21:50:59 [DEBUG] Refreshing group 'default' for new custom placeholder 'crazycrates_me.badbones69.crazycrates.api.objects.crate@1842d116'
22/09/2018 21:51:00 [DEBUG] Refreshing group 'default' for new custom placeholder 'crazycrates_me.badbones69.crazycrates.api.objects.crate@38548d96_physical'
22/09/2018 21:50:57 [DEBUG] 	Adding sub command 'toggle'
22/09/2018 21:50:59 [DEBUG] Refreshing group 'default' for new custom placeholder 'crazycrates_me.badbones69.crazycrates.api.objects.crate@25a983e_total'
22/09/2018 21:50:55 [DEBUG] 	Line: spacer-player5 Static: true
22/09/2018 21:50:57 [DEBUG] 	Adding sub command 'gui'
22/09/2018 21:50:48 [DEBUG] Loaded placeholder: bukkit
22/09/2018 21:50:48 [INFO] Loading placeholder [Bukkit] ...
22/09/2018 21:51:00 [DEBUG] Refreshing group 'default' for new custom placeholder 'crazycrates_me.badbones69.crazycrates.api.objects.crate@538d7d4f_total'
22/09/2018 21:50:59 [DEBUG] Refreshing group 'default' for new custom placeholder 'crazycrates_me.badbones69.crazycrates.api.objects.crate@1842d116_physical'
22/09/2018 21:50:55 [INFO] Generating metrics information ...
22/09/2018 21:51:00 [DEBUG] Refreshing group 'default' for new custom placeholder 'crazycrates_me.badbones69.crazycrates.api.objects.crate@538d7d4f_physical'
22/09/2018 21:50:50 [INFO] Loading placeholder [Player] ...
22/09/2018 21:50:59 [DEBUG] Refreshing group 'default' for new custom placeholder 'crazycrates_me.badbones69.crazycrates.api.objects.crate@66aaad4_physical'
22/09/2018 21:50:59 [DEBUG] Refreshing group 'default' for new custom placeholder 'crazycrates_me.badbones69.crazycrates.api.objects.crate@66aaad4'
22/09/2018 21:50:52 [DEBUG] Loaded placeholder: player
22/09/2018 21:50:50 [INFO] Loading placeholder [PlaceholderAPI] ...
22/09/2018 21:50:55 [INFO] Added 'PERMISSION' as the default scoreboard assign method
22/09/2018 21:51:00 [DEBUG] Refreshing group 'default' for new custom placeholder 'crazycrates_me.badbones69.crazycrates.api.objects.crate@38548d96_total'
22/09/2018 21:50:50 [DEBUG] Loaded placeholder: permissions
22/09/2018 21:50:52 [INFO] Loading placeholder [PlotSquared] ...
22/09/2018 21:50:57 [DEBUG] 	Adding sub command 'off'
22/09/2018 21:50:50 [DEBUG] Loaded placeholder: placeholderapi
22/09/2018 21:50:55 [DEBUG] 	Line: footer Static: false
22/09/2018 21:50:48 [DEBUG] Loaded placeholder: armor
22/09/2018 21:51:00 [DEBUG] Refreshing group 'default' for new custom placeholder 'crazycrates_me.badbones69.crazycrates.api.objects.crate@538d7d4f'
22/09/2018 21:50:59 [DEBUG] Refreshing group 'default' for new custom placeholder 'crazycrates_me.badbones69.crazycrates.api.objects.crate@66aaad4_total'
22/09/2018 21:50:55 [DEBUG] 	default - 0
22/09/2018 21:50:59 [DEBUG] Refreshing group 'default' for new custom placeholder 'crazycrates_me.badbones69.crazycrates.api.objects.crate@25a983e_physical'
22/09/2018 21:50:48 [INFO] Loading placeholder [BungeeCord] ...
22/09/2018 21:50:52 [DEBUG] Loaded placeholder: plotsquared
22/09/2018 21:50:57 [DEBUG] 	Adding sub command 'placeholders'
22/09/2018 21:50:57 [DEBUG] 	Adding sub command 'generatebbcode'
22/09/2018 21:50:57 [DEBUG] 	Adding sub command 'remove'
22/09/2018 21:50:57 [DEBUG] 	Adding sub command 'editsetting'
22/09/2018 21:50:52 [INFO] Loading event hook: PlotSquared Plot ...
22/09/2018 21:50:52 [INFO] Loading placeholder [Previous Names] ...
22/09/2018 21:50:57 [DEBUG] 	Adding sub command 'permissions'
22/09/2018 21:50:57 [DEBUG] 	Adding sub command 'show'
22/09/2018 21:50:57 [DEBUG] 	Adding sub command 'module'
22/09/2018 21:50:57 [DEBUG] 	Adding sub command 'about'
22/09/2018 21:50:57 [DEBUG] 	Adding sub command 'reload'
22/09/2018 21:50:57 [DEBUG] 	Adding sub command 'removescoreboard'
22/09/2018 21:50:57 [DEBUG] 	Adding sub command 'debug'
22/09/2018 21:50:57 [DEBUG] 	Adding sub command 'modules'
22/09/2018 21:50:57 [DEBUG] 	Adding sub command 'hide'
22/09/2018 21:50:52 [INFO] Loading event hook: PlotSquared Plot ...
22/09/2018 21:50:57 [DEBUG] 	Adding sub command 'createscoreboard'
22/09/2018 21:50:57 [DEBUG] 	Adding sub command 'reload'
22/09/2018 21:50:57 [DEBUG] 	Adding sub command 'help'
22/09/2018 21:50:57 [DEBUG] 	Adding sub command 'add'
22/09/2018 21:50:52 [DEBUG] Loaded placeholder: previousnames
22/09/2018 21:50:57 [DEBUG] 	Adding sub command 'parse'
22/09/2018 21:50:52 [INFO] Loading placeholder [RedisBungee] ...
22/09/2018 21:50:52 [DEBUG] Loaded placeholder: redisbungee
22/09/2018 21:50:48 [DEBUG] Loaded placeholder: bungeecord
22/09/2018 21:50:57 [DEBUG] 	Adding sub command 'info'
22/09/2018 21:50:52 [INFO] Loading placeholder [ServerPinger] ...
22/09/2018 21:50:48 [INFO] Loading placeholder [Color] ...
22/09/2018 21:50:52 [DEBUG] Loaded placeholder: serverpinger
22/09/2018 21:50:52 [INFO] Loading placeholder [Sound Effects] ...
22/09/2018 21:50:48 [DEBUG] Loaded placeholder: color
22/09/2018 21:50:52 [DEBUG] Loaded placeholder: sound
22/09/2018 21:50:48 [INFO] Loading placeholder [CommandPlaceholderPack] ...
22/09/2018 21:50:52 [INFO] Loading placeholder [Statistics] ...
22/09/2018 21:50:52 [DEBUG] Loaded placeholder: statistics
22/09/2018 21:50:48 [DEBUG] Loaded placeholder: command
22/09/2018 21:50:52 [INFO] Loading placeholder [TicksPerSecond] ...
22/09/2018 21:50:48 [INFO] Loading placeholder [Compass placeholders] ...
22/09/2018 21:51:00 [DEBUG] Refreshing group 'default' for new custom placeholder 'crazycrates_me.badbones69.crazycrates.api.objects.crate@1842d116_total'
22/09/2018 21:50:52 [DEBUG] Loaded placeholder: tickspersecond
22/09/2018 21:50:52 [INFO] Loading placeholder [Twitter] ...
22/09/2018 21:51:00 [DEBUG] Refreshing group 'default' for new custom placeholder 'crazycrates_me.badbones69.crazycrates.api.objects.crate@38548d96'
22/09/2018 21:50:53 [DEBUG] Loaded placeholder: twitter
22/09/2018 21:50:48 [DEBUG] Loaded placeholder: compass
22/09/2018 21:50:53 [DEBUG] Loaded placeholder: unicode
22/09/2018 21:50:53 [INFO] Loading placeholder [Unicode Characters] ...
22/09/2018 21:50:48 [INFO] Loading placeholder [Economy] ...
22/09/2018 21:50:53 [INFO] Loading placeholder [VanillaEvents] ...
22/09/2018 21:50:53 [DEBUG] Loaded placeholder: vanillaevents
22/09/2018 21:50:48 [DEBUG] Loaded placeholder: economy
22/09/2018 21:50:53 [INFO] Loading event hook: Vanilla Combat hook ...
22/09/2018 21:50:53 [INFO] Loading event hook: Vanilla Block break hook ...
22/09/2018 21:50:48 [INFO] Loading placeholder [Effects] ...
22/09/2018 21:50:53 [INFO] Loading event hook: Vanilla player rejoin ...
22/09/2018 21:50:48 [DEBUG] Loaded placeholder: playereffects
22/09/2018 21:50:53 [INFO] Loading event hook: Vanilla player join ...
22/09/2018 21:50:53 [INFO] Loading event hook: Vanilla Death hook ...
22/09/2018 21:50:48 [INFO] Loading placeholder [Entities] ...
22/09/2018 21:50:53 [INFO] Loading event hook: Vanilla player first join ...
22/09/2018 21:50:53 [INFO] Loading event hook: Vanilla Create portal hook ...
22/09/2018 21:50:53 [INFO] Loading event hook: Vanilla player join ...
22/09/2018 21:50:53 [INFO] Loading event hook: Vanilla Death hook ...
22/09/2018 21:50:53 [INFO] Loading event hook: Vanilla Block break hook ...
22/09/2018 21:50:53 [INFO] Loading event hook: Vanilla Create portal hook ...
22/09/2018 21:50:53 [INFO] Loading event hook: Vanilla player rejoin ...
22/09/2018 21:50:53 [INFO] Loading event hook: Vanilla player first join ...
22/09/2018 21:50:48 [DEBUG] Loaded placeholder: entities
22/09/2018 21:50:53 [INFO] Loading event hook: Vanilla Combat hook ...
22/09/2018 21:50:48 [INFO] Loading placeholder [Essentials] ...
22/09/2018 21:50:53 [INFO] Loading event hook: Vanilla Block place hook ...
22/09/2018 21:50:53 [INFO] Loading event hook: Vanilla Block place hook ...
22/09/2018 21:50:48 [DEBUG] Loaded placeholder: essentials
22/09/2018 21:50:48 [INFO] Loading placeholder [Facebook] ...
22/09/2018 21:51:25 [INFO] Checking for module updates ...
22/09/2018 21:51:25 [INFO] Fetching modules from server ...
