07/10/2018 15:23:18 [DEBUG] Loaded placeholder: CustomPlaceholders
07/10/2018 15:23:18 [DEBUG] Loaded placeholder: MySQL
07/10/2018 15:23:20 [DEBUG] Loaded placeholder: armor
07/10/2018 15:23:18 [INFO] Loading internal placeholders ...
07/10/2018 15:23:20 [INFO] Loading placeholder [BungeeCord] ...
07/10/2018 15:23:18 [INFO] Loading placeholders and event triggers ...
07/10/2018 15:23:18 [INFO] Loading language file: lang_en
07/10/2018 15:23:20 [INFO] Loading placeholder [Armor] ...
07/10/2018 15:23:18 [INFO] Loading messages ...
07/10/2018 15:23:18 [INFO] Fetching available placeholders from server ...
07/10/2018 15:23:23 [INFO] Loading placeholder [Marriage] ...
07/10/2018 15:23:23 [INFO] Loading placeholder [Permissions] ...
07/10/2018 15:23:23 [DEBUG] Loaded placeholder: memory
07/10/2018 15:23:24 [INFO] Loading event hook: PlotSquared Plot ...
07/10/2018 15:23:25 [INFO] Loading placeholder [TicksPerSecond] ...
07/10/2018 15:23:24 [DEBUG] Loaded placeholder: plotsquared
07/10/2018 15:23:24 [INFO] Loading placeholder [PlotSquared] ...
07/10/2018 15:23:26 [INFO] Loading event hook: Vanilla Combat hook ...
07/10/2018 15:23:26 [INFO] Loading placeholder [World] ...
07/10/2018 15:23:26 [INFO] Loading event hook: Vanilla Death hook ...
07/10/2018 15:23:26 [INFO] Loading event hook: WorldGuard Region ...
07/10/2018 15:23:26 [DEBUG] Loaded placeholder: worldguard
07/10/2018 15:23:27 [INFO] Creating new custom effect: example2
07/10/2018 15:23:26 [INFO] Loaded 2963 of the 2963 placholders
07/10/2018 15:23:28 [DEBUG] 	Line: spacer-player2 Static: false
07/10/2018 15:23:26 [INFO] Loading event hook: Vanilla player first join ...
07/10/2018 15:23:28 [DEBUG] 	Line: player-line6 Static: false
07/10/2018 15:23:28 [DEBUG] 	Line: spacer-player5 Static: true
07/10/2018 15:23:28 [DEBUG] 	Line: player-line7 Static: true
07/10/2018 15:23:28 [DEBUG] 	Line: player-line31 Static: false
07/10/2018 15:23:24 [INFO] Loading placeholder [Previous Names] ...
07/10/2018 15:23:28 [DEBUG] 	Line: spacer-player4 Static: true
07/10/2018 15:23:28 [DEBUG] 	Line: footer Static: false
07/10/2018 15:23:28 [DEBUG] Scoreboards groups sorted by priority:
07/10/2018 15:23:28 [DEBUG] 	default - 0
07/10/2018 15:23:28 [INFO] Added 'PERMISSION' as the default scoreboard assign method
07/10/2018 15:23:20 [INFO] Loading placeholder [Bukkit] ...
07/10/2018 15:23:28 [INFO] Generating metrics information ...
07/10/2018 15:23:20 [DEBUG] Loaded placeholder: bukkit
07/10/2018 15:23:30 [MESSAGE] &5[&9FeatherBoard&5] &aYour version is up to date!
07/10/2018 15:23:30 [INFO] Toggle persistence is disabled!
07/10/2018 15:23:30 [INFO] Adding command 'featherboard'
07/10/2018 15:23:30 [DEBUG] 	Adding sub command 'toggle'
07/10/2018 15:23:30 [DEBUG] 	Adding sub command 'on'
07/10/2018 15:23:30 [DEBUG] 	Adding sub command 'off'
07/10/2018 15:23:31 [DEBUG] 	Adding sub command 'placeholders'
07/10/2018 15:23:30 [DEBUG] 	Adding sub command 'gui'
07/10/2018 15:23:31 [DEBUG] 	Adding sub command 'debug'
07/10/2018 15:23:31 [DEBUG] 	Adding sub command 'permissions'
07/10/2018 15:23:31 [DEBUG] 	Adding sub command 'reload'
07/10/2018 15:23:28 [DEBUG] 	Line: player-line3 Static: false
07/10/2018 15:23:31 [DEBUG] 	Adding sub command 'removescoreboard'
07/10/2018 15:23:28 [DEBUG] 	Line: spacer-player3 Static: true
07/10/2018 15:23:31 [DEBUG] 	Adding sub command 'reload'
07/10/2018 15:23:31 [DEBUG] 	Adding sub command 'parse'
07/10/2018 15:23:28 [DEBUG] 	Line: player-line5 Static: false
07/10/2018 15:23:31 [DEBUG] 	Adding sub command 'add'
07/10/2018 15:23:31 [DEBUG] 	Adding sub command 'hide'
07/10/2018 15:23:28 [DEBUG] 	Line: player-line2 Static: false
07/10/2018 15:23:28 [DEBUG] 	Line: player-label2 Static: true
07/10/2018 15:23:24 [INFO] Loading event hook: PlotSquared Plot ...
07/10/2018 15:23:24 [DEBUG] Loaded placeholder: redisbungee
07/10/2018 15:23:23 [INFO] Loading placeholder [PlaceholderAPI] ...
07/10/2018 15:23:31 [DEBUG] 	Adding sub command 'about'
07/10/2018 15:23:23 [DEBUG] Loaded placeholder: placeholderapi
07/10/2018 15:23:23 [DEBUG] Loaded placeholder: java
07/10/2018 15:23:23 [DEBUG] Loaded placeholder: multiverse
07/10/2018 15:23:23 [DEBUG] Loaded placeholder: permissions
07/10/2018 15:23:22 [INFO] Loading placeholder [Geographical] ...
07/10/2018 15:23:21 [DEBUG] Loaded placeholder: playereffects
07/10/2018 15:23:26 [INFO] Loading event hook: Vanilla player join ...
07/10/2018 15:23:26 [DEBUG] Loaded placeholder: vanillaevents
07/10/2018 15:23:26 [INFO] Loading event hook: Vanilla Create portal hook ...
07/10/2018 15:23:32 [DEBUG] Refreshing group 'default' for new custom placeholder 'crazycrates_me.badbones69.crazycrates.api.objects.crate@6b7f0f98_physical'
07/10/2018 15:23:32 [DEBUG] Refreshing group 'default' for new custom placeholder 'crazycrates_me.badbones69.crazycrates.api.objects.crate@149cb16e_total'
07/10/2018 15:23:28 [DEBUG]  - Server supports Team color
07/10/2018 15:23:26 [INFO] Loading event hook: Vanilla Block break hook ...
07/10/2018 15:23:28 [DEBUG] 	Line: spacer-player1 Static: true
07/10/2018 15:23:32 [DEBUG] Refreshing group 'default' for new custom placeholder 'crazycrates_me.badbones69.crazycrates.api.objects.crate@5e2b018_physical'
07/10/2018 15:23:27 [INFO] Creating new custom effect: example1
07/10/2018 15:23:28 [DEBUG] Using SCOREBOARD v7
07/10/2018 15:23:31 [DEBUG] 	Adding sub command 'modules'
07/10/2018 15:23:31 [DEBUG] 	Adding sub command 'show'
07/10/2018 15:23:26 [INFO] Loading placeholder [WorldGuard] ...
07/10/2018 15:23:28 [DEBUG] 	Line: player-label1 Static: true
07/10/2018 15:23:31 [DEBUG] 	Adding sub command 'info'
07/10/2018 15:23:31 [DEBUG] 	Adding sub command 'generatebbcode'
07/10/2018 15:23:26 [INFO] Loading event hook: WorldGuard Region ...
07/10/2018 15:23:31 [DEBUG] 	Adding sub command 'editsetting'
07/10/2018 15:23:28 [DEBUG] 	Line: player-line1 Static: false
07/10/2018 15:23:28 [DEBUG] 	Line: title Static: false
07/10/2018 15:23:31 [DEBUG] 	Adding sub command 'createscoreboard'
07/10/2018 15:23:28 [DEBUG]  - Server supports Objective entries
07/10/2018 15:23:26 [INFO] Loading event hook: Vanilla player join ...
07/10/2018 15:23:26 [INFO] Loading event hook: Vanilla player rejoin ...
07/10/2018 15:23:26 [INFO] Loading event hook: Vanilla Combat hook ...
07/10/2018 15:23:27 [INFO] Loading custom effect 'example2' ...
07/10/2018 15:23:26 [INFO] Loading event hook: Vanilla Block place hook ...
07/10/2018 15:23:26 [INFO] Loading event hook: Vanilla Create portal hook ...
07/10/2018 15:23:28 [INFO] Loading custom effect 'example3' ...
07/10/2018 15:23:27 [INFO] Loading custom effect 'example1' ...
07/10/2018 15:23:32 [DEBUG] Refreshing group 'default' for new custom placeholder 'crazycrates_me.badbones69.crazycrates.api.objects.crate@52bfdda9'
07/10/2018 15:23:26 [INFO] Checking for placeholder updates ...
07/10/2018 15:23:28 [DEBUG]  - Server supports Team entries
07/10/2018 15:23:26 [INFO] Loading event hook: Vanilla player first join ...
07/10/2018 15:23:26 [DEBUG] Loaded placeholder: world
07/10/2018 15:23:28 [INFO] Using OPTIMAL as the update strategy
07/10/2018 15:23:31 [DEBUG] 	Adding sub command 'help'
07/10/2018 15:23:28 [INFO] Creating new custom effect: example3
07/10/2018 15:23:31 [DEBUG] 	Adding sub command 'module'
07/10/2018 15:23:32 [DEBUG] Refreshing group 'default' for new custom placeholder 'crazycrates_me.badbones69.crazycrates.api.objects.crate@149cb16e'
07/10/2018 15:23:31 [DEBUG] 	Adding sub command 'remove'
07/10/2018 15:23:32 [DEBUG] Refreshing group 'default' for new custom placeholder 'crazycrates_me.badbones69.crazycrates.api.objects.crate@6b7f0f98'
07/10/2018 15:23:32 [DEBUG] Refreshing group 'default' for new custom placeholder 'crazycrates_me.badbones69.crazycrates.api.objects.crate@6b7f0f98_total'
07/10/2018 15:23:32 [DEBUG] Refreshing group 'default' for new custom placeholder 'crazycrates_me.badbones69.crazycrates.api.objects.crate@149cb16e_physical'
07/10/2018 15:23:32 [DEBUG] Refreshing group 'default' for new custom placeholder 'crazycrates_me.badbones69.crazycrates.api.objects.crate@6e1ea353'
07/10/2018 15:23:24 [DEBUG] Loaded placeholder: serverpinger
07/10/2018 15:23:28 [INFO] Loading scoreboard 'default' ...
07/10/2018 15:23:26 [INFO] Loading placeholder [Unicode Characters] ...
07/10/2018 15:23:20 [INFO] Loading placeholder [Compass placeholders] ...
07/10/2018 15:23:20 [INFO] Loading placeholder [Color] ...
07/10/2018 15:23:26 [INFO] Loading event hook: Vanilla Block place hook ...
07/10/2018 15:23:25 [DEBUG] Loaded placeholder: tickspersecond
07/10/2018 15:23:32 [DEBUG] Refreshing group 'default' for new custom placeholder 'crazycrates_me.badbones69.crazycrates.api.objects.crate@5e2b018_total'
07/10/2018 15:23:32 [DEBUG] Refreshing group 'default' for new custom placeholder 'crazycrates_me.badbones69.crazycrates.api.objects.crate@52bfdda9_total'
07/10/2018 15:23:32 [DEBUG] Refreshing group 'default' for new custom placeholder 'crazycrates_me.badbones69.crazycrates.api.objects.crate@52bfdda9_physical'
07/10/2018 15:23:26 [INFO] Loading event hook: Vanilla Block break hook ...
07/10/2018 15:23:26 [INFO] Loading placeholder [VanillaEvents] ...
07/10/2018 15:23:26 [DEBUG] Loaded placeholder: twitter
07/10/2018 15:23:26 [DEBUG] Loaded placeholder: unicode
07/10/2018 15:23:26 [INFO] Loading event hook: Vanilla Death hook ...
07/10/2018 15:23:25 [INFO] Loading placeholder [Twitter] ...
07/10/2018 15:23:20 [DEBUG] Loaded placeholder: compass
07/10/2018 15:23:21 [INFO] Loading placeholder [Essentials] ...
07/10/2018 15:23:20 [INFO] Loading placeholder [CommandPlaceholderPack] ...
07/10/2018 15:23:23 [INFO] Loading placeholder [Memory] ...
07/10/2018 15:23:24 [INFO] Loading placeholder [Sound Effects] ...
07/10/2018 15:23:25 [DEBUG] Loaded placeholder: statistics
07/10/2018 15:23:24 [DEBUG] Loaded placeholder: sound
07/10/2018 15:23:26 [INFO] Loading event hook: Vanilla player rejoin ...
07/10/2018 15:23:22 [INFO] Loading placeholder [FireworkEffect] ...
07/10/2018 15:23:32 [DEBUG] Refreshing group 'default' for new custom placeholder 'crazycrates_me.badbones69.crazycrates.api.objects.crate@5e2b018'
07/10/2018 15:23:23 [INFO] Loading placeholder [Hotbar] ...
07/10/2018 15:23:24 [INFO] Loading placeholder [RedisBungee] ...
07/10/2018 15:23:21 [DEBUG] Loaded placeholder: essentials
07/10/2018 15:23:20 [INFO] Loading placeholder [Economy] ...
07/10/2018 15:23:24 [INFO] Loading placeholder [ServerPinger] ...
07/10/2018 15:23:20 [DEBUG] Loaded placeholder: color
07/10/2018 15:23:23 [INFO] Loading placeholder [LeaderHeads] ...
07/10/2018 15:23:22 [DEBUG] Loaded placeholder: facebook
07/10/2018 15:23:20 [DEBUG] Loaded placeholder: bungeecord
07/10/2018 15:23:21 [DEBUG] Loaded placeholder: entities
07/10/2018 15:23:20 [DEBUG] Loaded placeholder: command
07/10/2018 15:23:21 [INFO] Loading placeholder [Effects] ...
07/10/2018 15:23:21 [DEBUG] Loaded placeholder: economy
07/10/2018 15:23:21 [INFO] Loading placeholder [Entities] ...
07/10/2018 15:23:23 [DEBUG] Loaded placeholder: geographical
07/10/2018 15:23:21 [INFO] Loading placeholder [Facebook] ...
07/10/2018 15:23:22 [DEBUG] Loaded placeholder: firework
07/10/2018 15:23:23 [INFO] Loading placeholder [JavaInfo] ...
07/10/2018 15:23:23 [INFO] Loading placeholder [Multiverse-Core] ...
07/10/2018 15:23:23 [DEBUG] Loaded placeholder: marriage
07/10/2018 15:23:23 [DEBUG] Loaded placeholder: leaderheads
07/10/2018 15:23:23 [DEBUG] Loaded placeholder: hotbar
07/10/2018 15:23:24 [DEBUG] Loaded placeholder: player
07/10/2018 15:23:23 [INFO] Loading placeholder [Player] ...
07/10/2018 15:23:24 [DEBUG] Loaded placeholder: previousnames
07/10/2018 15:23:32 [DEBUG] Refreshing group 'default' for new custom placeholder 'crazycrates_me.badbones69.crazycrates.api.objects.crate@6e1ea353_physical'
07/10/2018 15:23:32 [DEBUG] Refreshing group 'default' for new custom placeholder 'crazycrates_me.badbones69.crazycrates.api.objects.crate@6e1ea353_total'
07/10/2018 15:23:24 [INFO] Loading placeholder [Statistics] ...
07/10/2018 15:24:48 [INFO] Fetching modules from server ...
07/10/2018 15:24:48 [INFO] Checking for module updates ...
