24/09/2018 15:41:14 [INFO] Loading messages ...
24/09/2018 15:41:15 [DEBUG] Loaded placeholder: facebook
24/09/2018 15:41:16 [INFO] Loading placeholder [World] ...
24/09/2018 15:41:16 [DEBUG] Loaded placeholder: world
24/09/2018 15:41:16 [INFO] Loading placeholder [FireworkEffect] ...
24/09/2018 15:41:16 [INFO] Loading placeholder [WorldGuard] ...
24/09/2018 15:41:16 [DEBUG] Loaded placeholder: worldguard
24/09/2018 15:41:16 [DEBUG] Loaded placeholder: firework
24/09/2018 15:41:14 [INFO] Loading language file: lang_en
24/09/2018 15:41:16 [INFO] Loading event hook: WorldGuard Region ...
24/09/2018 15:41:16 [INFO] Loading event hook: WorldGuard Region ...
24/09/2018 15:41:16 [INFO] Loading placeholder [Geographical] ...
24/09/2018 15:41:16 [INFO] Checking for placeholder updates ...
24/09/2018 15:41:16 [INFO] Loaded 2342 of the 2342 placholders
24/09/2018 15:41:16 [DEBUG] Loaded placeholder: geographical
24/09/2018 15:41:17 [INFO] Loading custom effect 'example2' ...
24/09/2018 15:41:16 [INFO] Loading placeholder [Hotbar] ...
24/09/2018 15:41:17 [INFO] Loading custom effect 'example3' ...
24/09/2018 15:41:14 [INFO] Loading placeholders and event triggers ...
24/09/2018 15:41:18 [INFO] Loading custom effect 'example1' ...
24/09/2018 15:41:16 [DEBUG] Loaded placeholder: hotbar
24/09/2018 15:41:17 [INFO] Creating new custom effect: example2
24/09/2018 15:41:18 [INFO] Creating new custom effect: example3
24/09/2018 15:41:16 [INFO] Loading placeholder [JavaInfo] ...
24/09/2018 15:41:18 [INFO] Creating new custom effect: example1
24/09/2018 15:41:18 [DEBUG]  - Server supports Team entries
24/09/2018 15:41:18 [DEBUG]  - Server supports Objective entries
24/09/2018 15:41:16 [DEBUG] Loaded placeholder: java
24/09/2018 15:41:16 [INFO] Loading placeholder [LeaderHeads] ...
24/09/2018 15:41:18 [INFO] Using OPTIMAL as the update strategy
24/09/2018 15:41:14 [DEBUG] Loaded placeholder: CustomPlaceholders
24/09/2018 15:41:18 [DEBUG] 	Line: title Static: false
24/09/2018 15:41:18 [INFO] Loading scoreboard 'default' ...
24/09/2018 15:41:18 [DEBUG] 	Line: player-line1 Static: false
24/09/2018 15:41:18 [DEBUG] 	Line: player-label1 Static: true
24/09/2018 15:41:16 [INFO] Loading placeholder [Marriage] ...
24/09/2018 15:41:18 [DEBUG] 	Line: spacer-player2 Static: false
24/09/2018 15:41:18 [DEBUG] 	Line: spacer-player1 Static: true
24/09/2018 15:41:16 [DEBUG] Loaded placeholder: leaderheads
24/09/2018 15:41:18 [DEBUG] 	Line: player-label2 Static: true
24/09/2018 15:41:18 [DEBUG] 	Line: player-line3 Static: false
24/09/2018 15:41:16 [INFO] Loading placeholder [Memory] ...
24/09/2018 15:41:18 [DEBUG] 	Line: spacer-player3 Static: true
24/09/2018 15:41:18 [DEBUG] 	Line: player-line2 Static: false
24/09/2018 15:41:16 [DEBUG] Loaded placeholder: marriage
24/09/2018 15:41:14 [DEBUG] Loaded placeholder: MySQL
24/09/2018 15:41:16 [INFO] Loading placeholder [Multiverse-Core] ...
24/09/2018 15:41:18 [DEBUG] 	Line: player-line7 Static: true
24/09/2018 15:41:18 [DEBUG] 	Line: spacer-player5 Static: true
24/09/2018 15:41:18 [DEBUG] 	Line: player-line6 Static: false
24/09/2018 15:41:18 [DEBUG] 	Line: player-line5 Static: false
24/09/2018 15:41:16 [DEBUG] Loaded placeholder: memory
24/09/2018 15:41:14 [INFO] Fetching available placeholders from server ...
24/09/2018 15:41:18 [DEBUG] 	Line: spacer-player4 Static: true
24/09/2018 15:41:16 [INFO] Loading placeholder [Permissions] ...
24/09/2018 15:41:18 [DEBUG] 	Line: footer Static: false
24/09/2018 15:41:18 [DEBUG] 	Line: player-line31 Static: false
24/09/2018 15:41:16 [DEBUG] Loaded placeholder: multiverse
24/09/2018 15:41:15 [INFO] Loading placeholder [Armor] ...
24/09/2018 15:41:18 [INFO] Added 'PERMISSION' as the default scoreboard assign method
24/09/2018 15:41:16 [INFO] Loading placeholder [PlaceholderAPI] ...
24/09/2018 15:41:18 [DEBUG] 	default - 0
24/09/2018 15:41:18 [DEBUG] Using SCOREBOARD v7
24/09/2018 15:41:18 [INFO] Generating metrics information ...
24/09/2018 15:41:16 [DEBUG] Loaded placeholder: placeholderapi
24/09/2018 15:41:15 [INFO] Loading placeholder [Bukkit] ...
24/09/2018 15:41:14 [INFO] Loading internal placeholders ...
24/09/2018 15:41:18 [DEBUG] Scoreboards groups sorted by priority:
24/09/2018 15:41:16 [INFO] Loading placeholder [Player] ...
24/09/2018 15:41:15 [DEBUG] Loaded placeholder: bukkit
24/09/2018 15:41:16 [DEBUG] Loaded placeholder: player
24/09/2018 15:41:19 [INFO] Adding command 'featherboard'
24/09/2018 15:41:19 [DEBUG] 	Adding sub command 'toggle'
24/09/2018 15:41:19 [INFO] Toggle persistence is disabled!
24/09/2018 15:41:19 [DEBUG] 	Adding sub command 'on'
24/09/2018 15:41:20 [DEBUG] Refreshing group 'default' for new custom placeholder 'crazycrates_me.badbones69.crazycrates.api.objects.crate@60fd0f3e_physical'
24/09/2018 15:41:20 [DEBUG] Refreshing group 'default' for new custom placeholder 'crazycrates_me.badbones69.crazycrates.api.objects.crate@6bd76cb0_total'
24/09/2018 15:41:20 [DEBUG] Refreshing group 'default' for new custom placeholder 'crazycrates_me.badbones69.crazycrates.api.objects.crate@6bd76cb0_physical'
24/09/2018 15:41:20 [DEBUG] Refreshing group 'default' for new custom placeholder 'crazycrates_me.badbones69.crazycrates.api.objects.crate@60fd0f3e_total'
24/09/2018 15:41:20 [DEBUG] Refreshing group 'default' for new custom placeholder 'crazycrates_me.badbones69.crazycrates.api.objects.crate@f87181e_physical'
24/09/2018 15:41:20 [DEBUG] Refreshing group 'default' for new custom placeholder 'crazycrates_me.badbones69.crazycrates.api.objects.crate@58a7de59_physical'
24/09/2018 15:41:20 [DEBUG] Refreshing group 'default' for new custom placeholder 'crazycrates_me.badbones69.crazycrates.api.objects.crate@58a7de59'
24/09/2018 15:41:20 [DEBUG] Refreshing group 'default' for new custom placeholder 'crazycrates_me.badbones69.crazycrates.api.objects.crate@f87181e_total'
24/09/2018 15:41:16 [INFO] Loading placeholder [PlotSquared] ...
24/09/2018 15:41:20 [DEBUG] Refreshing group 'default' for new custom placeholder 'crazycrates_me.badbones69.crazycrates.api.objects.crate@6bd76cb0'
24/09/2018 15:41:20 [DEBUG] Refreshing group 'default' for new custom placeholder 'crazycrates_me.badbones69.crazycrates.api.objects.crate@3847cf41'
24/09/2018 15:41:20 [DEBUG] Refreshing group 'default' for new custom placeholder 'crazycrates_me.badbones69.crazycrates.api.objects.crate@3847cf41_physical'
24/09/2018 15:41:20 [DEBUG] Refreshing group 'default' for new custom placeholder 'crazycrates_me.badbones69.crazycrates.api.objects.crate@3847cf41_total'
24/09/2018 15:41:20 [DEBUG] Refreshing group 'default' for new custom placeholder 'crazycrates_me.badbones69.crazycrates.api.objects.crate@f87181e'
24/09/2018 15:41:15 [DEBUG] Loaded placeholder: armor
24/09/2018 15:41:16 [DEBUG] Loaded placeholder: permissions
24/09/2018 15:41:18 [MESSAGE] &5[&9FeatherBoard&5] &aYour version is up to date!
24/09/2018 15:41:19 [DEBUG] 	Adding sub command 'gui'
24/09/2018 15:41:19 [DEBUG] 	Adding sub command 'module'
24/09/2018 15:41:19 [DEBUG] 	Adding sub command 'remove'
24/09/2018 15:41:19 [DEBUG] 	Adding sub command 'add'
24/09/2018 15:41:19 [DEBUG] 	Adding sub command 'modules'
24/09/2018 15:41:19 [DEBUG] 	Adding sub command 'createscoreboard'
24/09/2018 15:41:19 [DEBUG] 	Adding sub command 'removescoreboard'
24/09/2018 15:41:19 [DEBUG] 	Adding sub command 'editsetting'
24/09/2018 15:41:19 [DEBUG] 	Adding sub command 'hide'
24/09/2018 15:41:19 [DEBUG] 	Adding sub command 'show'
24/09/2018 15:41:19 [DEBUG] 	Adding sub command 'parse'
24/09/2018 15:41:19 [DEBUG] 	Adding sub command 'reload'
24/09/2018 15:41:19 [DEBUG] 	Adding sub command 'help'
24/09/2018 15:41:19 [DEBUG] 	Adding sub command 'about'
24/09/2018 15:41:19 [DEBUG] 	Adding sub command 'permissions'
24/09/2018 15:41:19 [DEBUG] 	Adding sub command 'reload'
24/09/2018 15:41:19 [DEBUG] 	Adding sub command 'debug'
24/09/2018 15:41:19 [DEBUG] 	Adding sub command 'placeholders'
24/09/2018 15:41:19 [DEBUG] 	Adding sub command 'off'
24/09/2018 15:41:16 [INFO] Loading event hook: PlotSquared Plot ...
24/09/2018 15:41:16 [INFO] Loading event hook: PlotSquared Plot ...
24/09/2018 15:41:16 [INFO] Loading placeholder [Previous Names] ...
24/09/2018 15:41:16 [DEBUG] Loaded placeholder: plotsquared
24/09/2018 15:41:15 [INFO] Loading placeholder [BungeeCord] ...
24/09/2018 15:41:16 [INFO] Loading placeholder [RedisBungee] ...
24/09/2018 15:41:16 [DEBUG] Loaded placeholder: previousnames
24/09/2018 15:41:19 [DEBUG] 	Adding sub command 'generatebbcode'
24/09/2018 15:41:16 [DEBUG] Loaded placeholder: redisbungee
24/09/2018 15:41:15 [DEBUG] Loaded placeholder: bungeecord
24/09/2018 15:41:16 [DEBUG] Loaded placeholder: serverpinger
24/09/2018 15:41:19 [DEBUG] 	Adding sub command 'info'
24/09/2018 15:41:16 [INFO] Loading placeholder [ServerPinger] ...
24/09/2018 15:41:15 [INFO] Loading placeholder [Color] ...
24/09/2018 15:41:15 [DEBUG] Loaded placeholder: color
24/09/2018 15:41:16 [DEBUG] Loaded placeholder: sound
24/09/2018 15:41:16 [INFO] Loading placeholder [Twitter] ...
24/09/2018 15:41:16 [DEBUG] Loaded placeholder: tickspersecond
24/09/2018 15:41:15 [INFO] Loading placeholder [CommandPlaceholderPack] ...
24/09/2018 15:41:16 [INFO] Loading placeholder [Statistics] ...
24/09/2018 15:41:16 [DEBUG] Loaded placeholder: statistics
24/09/2018 15:41:16 [INFO] Loading placeholder [Sound Effects] ...
24/09/2018 15:41:15 [DEBUG] Loaded placeholder: command
24/09/2018 15:41:15 [INFO] Loading placeholder [Compass placeholders] ...
24/09/2018 15:41:16 [DEBUG] Loaded placeholder: twitter
24/09/2018 15:41:16 [INFO] Loading placeholder [Unicode Characters] ...
24/09/2018 15:41:16 [DEBUG] Loaded placeholder: unicode
24/09/2018 15:41:15 [INFO] Loading placeholder [Economy] ...
24/09/2018 15:41:16 [INFO] Loading placeholder [TicksPerSecond] ...
24/09/2018 15:41:15 [DEBUG] Loaded placeholder: compass
24/09/2018 15:41:20 [DEBUG] Refreshing group 'default' for new custom placeholder 'crazycrates_me.badbones69.crazycrates.api.objects.crate@58a7de59_total'
24/09/2018 15:41:16 [DEBUG] Loaded placeholder: vanillaevents
24/09/2018 15:41:15 [DEBUG] Loaded placeholder: economy
24/09/2018 15:41:16 [INFO] Loading event hook: Vanilla Combat hook ...
24/09/2018 15:41:16 [INFO] Loading event hook: Vanilla Block break hook ...
24/09/2018 15:41:15 [INFO] Loading placeholder [Effects] ...
24/09/2018 15:41:20 [DEBUG] Refreshing group 'default' for new custom placeholder 'crazycrates_me.badbones69.crazycrates.api.objects.crate@60fd0f3e'
24/09/2018 15:41:15 [DEBUG] Loaded placeholder: playereffects
24/09/2018 15:41:16 [INFO] Loading event hook: Vanilla player join ...
24/09/2018 15:41:16 [INFO] Loading event hook: Vanilla player rejoin ...
24/09/2018 15:41:15 [INFO] Loading placeholder [Entities] ...
24/09/2018 15:41:16 [INFO] Loading event hook: Vanilla player first join ...
24/09/2018 15:41:16 [INFO] Loading event hook: Vanilla Death hook ...
24/09/2018 15:41:16 [INFO] Loading event hook: Vanilla Create portal hook ...
24/09/2018 15:41:16 [INFO] Loading placeholder [VanillaEvents] ...
24/09/2018 15:41:16 [INFO] Loading event hook: Vanilla Create portal hook ...
24/09/2018 15:41:16 [INFO] Loading event hook: Vanilla Block place hook ...
24/09/2018 15:41:16 [INFO] Loading event hook: Vanilla player first join ...
24/09/2018 15:41:16 [INFO] Loading event hook: Vanilla player join ...
24/09/2018 15:41:16 [INFO] Loading event hook: Vanilla Block place hook ...
24/09/2018 15:41:16 [INFO] Loading event hook: Vanilla Combat hook ...
24/09/2018 15:41:16 [INFO] Loading event hook: Vanilla player rejoin ...
24/09/2018 15:41:16 [INFO] Loading event hook: Vanilla Death hook ...
24/09/2018 15:41:16 [INFO] Loading event hook: Vanilla Block break hook ...
24/09/2018 15:41:15 [DEBUG] Loaded placeholder: entities
24/09/2018 15:41:15 [INFO] Loading placeholder [Essentials] ...
24/09/2018 15:41:15 [INFO] Loading placeholder [Facebook] ...
24/09/2018 15:41:15 [DEBUG] Loaded placeholder: essentials
24/09/2018 15:41:30 [INFO] Checking for module updates ...
24/09/2018 15:41:30 [INFO] Fetching modules from server ...
