25/09/2018 21:45:49 [INFO] Loading language file: lang_en
25/09/2018 21:45:49 [INFO] Loading messages ...
25/09/2018 21:45:49 [DEBUG] Loaded placeholder: CustomPlaceholders
25/09/2018 21:45:49 [INFO] Loading placeholders and event triggers ...
25/09/2018 21:45:49 [INFO] Fetching available placeholders from server ...
25/09/2018 21:45:49 [DEBUG] Loaded placeholder: MySQL
25/09/2018 21:45:50 [INFO] Loading placeholder [Armor] ...
25/09/2018 21:45:49 [INFO] Loading internal placeholders ...
25/09/2018 21:45:50 [INFO] Loading placeholder [BungeeCord] ...
25/09/2018 21:45:50 [DEBUG] Loaded placeholder: bukkit
25/09/2018 21:45:50 [INFO] Loading placeholder [Bukkit] ...
25/09/2018 21:45:50 [DEBUG] Loaded placeholder: armor
25/09/2018 21:45:50 [DEBUG] Loaded placeholder: bungeecord
25/09/2018 21:45:50 [DEBUG] Loaded placeholder: color
25/09/2018 21:45:50 [INFO] Loading placeholder [Color] ...
25/09/2018 21:45:50 [INFO] Loading placeholder [Effects] ...
25/09/2018 21:45:50 [INFO] Loading placeholder [CommandPlaceholderPack] ...
25/09/2018 21:45:50 [DEBUG] Loaded placeholder: economy
25/09/2018 21:45:50 [INFO] Loading placeholder [Compass placeholders] ...
25/09/2018 21:45:50 [DEBUG] Loaded placeholder: entities
25/09/2018 21:45:50 [DEBUG] Loaded placeholder: compass
25/09/2018 21:45:50 [INFO] Loading placeholder [Economy] ...
25/09/2018 21:45:50 [DEBUG] Loaded placeholder: command
25/09/2018 21:45:50 [DEBUG] Loaded placeholder: essentials
25/09/2018 21:45:51 [DEBUG] Loaded placeholder: facebook
25/09/2018 21:45:51 [DEBUG] Loaded placeholder: firework
25/09/2018 21:45:50 [INFO] Loading placeholder [Entities] ...
25/09/2018 21:45:51 [INFO] Loading placeholder [FireworkEffect] ...
25/09/2018 21:45:51 [INFO] Loading placeholder [Geographical] ...
25/09/2018 21:45:50 [INFO] Loading placeholder [Facebook] ...
25/09/2018 21:45:50 [DEBUG] Loaded placeholder: playereffects
25/09/2018 21:45:50 [INFO] Loading placeholder [Essentials] ...
25/09/2018 21:45:52 [DEBUG] Loaded placeholder: java
25/09/2018 21:45:52 [INFO] Loading placeholder [LeaderHeads] ...
25/09/2018 21:45:52 [DEBUG] Loaded placeholder: marriage
25/09/2018 21:45:52 [INFO] Loading placeholder [JavaInfo] ...
25/09/2018 21:45:52 [DEBUG] Loaded placeholder: hotbar
25/09/2018 21:45:52 [INFO] Loading placeholder [Hotbar] ...
25/09/2018 21:45:52 [DEBUG] Loaded placeholder: geographical
25/09/2018 21:45:52 [INFO] Loading placeholder [Marriage] ...
25/09/2018 21:45:52 [INFO] Loading placeholder [PlaceholderAPI] ...
25/09/2018 21:45:52 [DEBUG] Loaded placeholder: leaderheads
25/09/2018 21:45:52 [DEBUG] Loaded placeholder: placeholderapi
25/09/2018 21:45:52 [INFO] Loading placeholder [Permissions] ...
25/09/2018 21:45:52 [DEBUG] Loaded placeholder: permissions
25/09/2018 21:45:52 [INFO] Loading placeholder [Multiverse-Core] ...
25/09/2018 21:45:52 [DEBUG] Loaded placeholder: multiverse
25/09/2018 21:45:52 [DEBUG] Loaded placeholder: memory
25/09/2018 21:45:52 [INFO] Loading placeholder [Memory] ...
25/09/2018 21:45:52 [INFO] Loading placeholder [RedisBungee] ...
25/09/2018 21:45:52 [DEBUG] Loaded placeholder: redisbungee
25/09/2018 21:45:52 [INFO] Loading event hook: PlotSquared Plot ...
25/09/2018 21:45:52 [INFO] Loading event hook: PlotSquared Plot ...
25/09/2018 21:45:52 [DEBUG] Loaded placeholder: plotsquared
25/09/2018 21:45:52 [INFO] Loading placeholder [Previous Names] ...
25/09/2018 21:45:52 [INFO] Loading placeholder [PlotSquared] ...
25/09/2018 21:45:52 [DEBUG] Loaded placeholder: player
25/09/2018 21:45:52 [INFO] Loading placeholder [Player] ...
25/09/2018 21:45:52 [INFO] Loading placeholder [Twitter] ...
25/09/2018 21:45:53 [DEBUG] Loaded placeholder: twitter
25/09/2018 21:45:52 [INFO] Loading placeholder [Statistics] ...
25/09/2018 21:45:52 [DEBUG] Loaded placeholder: tickspersecond
25/09/2018 21:45:52 [INFO] Loading placeholder [TicksPerSecond] ...
25/09/2018 21:45:52 [DEBUG] Loaded placeholder: statistics
25/09/2018 21:45:52 [DEBUG] Loaded placeholder: sound
25/09/2018 21:45:52 [INFO] Loading placeholder [Sound Effects] ...
25/09/2018 21:45:52 [DEBUG] Loaded placeholder: serverpinger
25/09/2018 21:45:53 [INFO] Loading event hook: Vanilla Death hook ...
25/09/2018 21:45:53 [INFO] Loading event hook: Vanilla Create portal hook ...
25/09/2018 21:45:53 [INFO] Loading event hook: Vanilla player rejoin ...
25/09/2018 21:45:53 [INFO] Loading event hook: Vanilla Combat hook ...
25/09/2018 21:45:53 [INFO] Loading event hook: Vanilla Block place hook ...
25/09/2018 21:45:53 [INFO] Loading event hook: Vanilla Block break hook ...
25/09/2018 21:45:53 [INFO] Loading event hook: Vanilla player join ...
25/09/2018 21:45:53 [DEBUG] Loaded placeholder: vanillaevents
25/09/2018 21:45:53 [INFO] Loading placeholder [VanillaEvents] ...
25/09/2018 21:45:53 [DEBUG] Loaded placeholder: unicode
25/09/2018 21:45:53 [INFO] Loading placeholder [Unicode Characters] ...
25/09/2018 21:45:53 [DEBUG] Loaded placeholder: world
25/09/2018 21:45:53 [INFO] Loading placeholder [World] ...
25/09/2018 21:45:53 [INFO] Loading event hook: Vanilla player rejoin ...
25/09/2018 21:45:52 [INFO] Loading placeholder [ServerPinger] ...
25/09/2018 21:45:53 [INFO] Loading event hook: Vanilla player join ...
25/09/2018 21:45:53 [INFO] Loading event hook: Vanilla Death hook ...
25/09/2018 21:45:53 [INFO] Loading event hook: Vanilla Create portal hook ...
25/09/2018 21:45:53 [INFO] Loading event hook: Vanilla player first join ...
25/09/2018 21:45:53 [INFO] Loading placeholder [WorldGuard] ...
25/09/2018 21:45:53 [INFO] Loading event hook: Vanilla Block place hook ...
25/09/2018 21:45:53 [INFO] Loading event hook: Vanilla Block break hook ...
25/09/2018 21:45:53 [INFO] Loading event hook: Vanilla Combat hook ...
25/09/2018 21:45:53 [INFO] Loading event hook: Vanilla player first join ...
25/09/2018 21:45:54 [INFO] Loading custom effect 'example2' ...
25/09/2018 21:45:54 [DEBUG]  - Server supports Team color
25/09/2018 21:45:54 [INFO] Loading custom effect 'example3' ...
25/09/2018 21:45:54 [DEBUG] Using SCOREBOARD v7
25/09/2018 21:45:53 [INFO] Loaded 2975 of the 2975 placholders
25/09/2018 21:45:54 [DEBUG]  - Server supports Team entries
25/09/2018 21:45:54 [INFO] Creating new custom effect: example2
25/09/2018 21:45:54 [INFO] Loading custom effect 'example1' ...
25/09/2018 21:45:54 [INFO] Creating new custom effect: example3
25/09/2018 21:45:54 [INFO] Creating new custom effect: example1
25/09/2018 21:45:54 [DEBUG]  - Server supports Objective entries
25/09/2018 21:45:53 [INFO] Checking for placeholder updates ...
25/09/2018 21:45:53 [INFO] Loading event hook: WorldGuard Region ...
25/09/2018 21:45:53 [INFO] Loading event hook: WorldGuard Region ...
25/09/2018 21:45:53 [DEBUG] Loaded placeholder: worldguard
25/09/2018 21:45:54 [DEBUG] 	Line: player-line6 Static: false
25/09/2018 21:45:54 [DEBUG] 	Line: spacer-player5 Static: true
25/09/2018 21:45:54 [DEBUG] 	Line: player-line31 Static: false
25/09/2018 21:45:54 [DEBUG] 	Line: player-line7 Static: true
25/09/2018 21:45:54 [DEBUG] 	Line: spacer-player2 Static: false
25/09/2018 21:45:54 [DEBUG] 	Line: player-line1 Static: false
25/09/2018 21:45:54 [DEBUG] 	Line: player-line2 Static: false
25/09/2018 21:45:54 [DEBUG] 	Line: spacer-player3 Static: true
25/09/2018 21:45:54 [DEBUG] 	Line: player-line5 Static: false
25/09/2018 21:45:54 [DEBUG] 	Line: player-label1 Static: true
25/09/2018 21:45:54 [DEBUG] 	Line: spacer-player1 Static: true
25/09/2018 21:45:54 [DEBUG] 	Line: title Static: false
25/09/2018 21:45:54 [INFO] Loading scoreboard 'default' ...
25/09/2018 21:45:54 [INFO] Using OPTIMAL as the update strategy
25/09/2018 21:45:56 [DEBUG] 	Adding sub command 'off'
25/09/2018 21:45:56 [DEBUG] 	Adding sub command 'on'
25/09/2018 21:45:54 [INFO] Generating metrics information ...
25/09/2018 21:45:55 [MESSAGE] &5[&9FeatherBoard&5] &aYour version is up to date!
25/09/2018 21:45:56 [INFO] Toggle persistence is disabled!
25/09/2018 21:45:56 [INFO] Adding command 'featherboard'
25/09/2018 21:45:56 [DEBUG] 	Adding sub command 'toggle'
25/09/2018 21:45:54 [INFO] Added 'PERMISSION' as the default scoreboard assign method
25/09/2018 21:45:54 [DEBUG] 	default - 0
25/09/2018 21:45:54 [DEBUG] Scoreboards groups sorted by priority:
25/09/2018 21:45:54 [DEBUG] 	Line: footer Static: false
25/09/2018 21:45:54 [DEBUG] 	Line: spacer-player4 Static: true
25/09/2018 21:45:56 [DEBUG] 	Adding sub command 'removescoreboard'
25/09/2018 21:45:56 [DEBUG] 	Adding sub command 'editsetting'
25/09/2018 21:45:56 [DEBUG] 	Adding sub command 'help'
25/09/2018 21:45:52 [DEBUG] Loaded placeholder: previousnames
25/09/2018 21:45:56 [DEBUG] 	Adding sub command 'reload'
25/09/2018 21:45:56 [DEBUG] 	Adding sub command 'generatebbcode'
25/09/2018 21:45:56 [DEBUG] 	Adding sub command 'parse'
25/09/2018 21:45:56 [DEBUG] 	Adding sub command 'show'
25/09/2018 21:45:56 [DEBUG] 	Adding sub command 'hide'
25/09/2018 21:45:54 [DEBUG] 	Line: player-label2 Static: true
25/09/2018 21:45:56 [DEBUG] 	Adding sub command 'about'
25/09/2018 21:45:56 [DEBUG] 	Adding sub command 'permissions'
25/09/2018 21:45:56 [DEBUG] 	Adding sub command 'reload'
25/09/2018 21:45:56 [DEBUG] 	Adding sub command 'debug'
25/09/2018 21:45:56 [DEBUG] 	Adding sub command 'gui'
25/09/2018 21:45:56 [DEBUG] 	Adding sub command 'placeholders'
25/09/2018 21:45:54 [DEBUG] 	Line: player-line3 Static: false
25/09/2018 21:45:56 [DEBUG] 	Adding sub command 'add'
25/09/2018 21:45:56 [DEBUG] 	Adding sub command 'remove'
25/09/2018 21:45:56 [DEBUG] 	Adding sub command 'info'
25/09/2018 21:45:56 [DEBUG] 	Adding sub command 'module'
25/09/2018 21:45:56 [DEBUG] 	Adding sub command 'modules'
25/09/2018 21:45:56 [DEBUG] 	Adding sub command 'createscoreboard'
25/09/2018 21:45:57 [DEBUG] Refreshing group 'default' for new custom placeholder 'crazycrates_me.badbones69.crazycrates.api.objects.crate@412cd27f'
25/09/2018 21:45:57 [DEBUG] Refreshing group 'default' for new custom placeholder 'crazycrates_me.badbones69.crazycrates.api.objects.crate@412cd27f_total'
25/09/2018 21:45:57 [DEBUG] Refreshing group 'default' for new custom placeholder 'crazycrates_me.badbones69.crazycrates.api.objects.crate@581589b3_physical'
25/09/2018 21:45:57 [DEBUG] Refreshing group 'default' for new custom placeholder 'crazycrates_me.badbones69.crazycrates.api.objects.crate@581589b3_total'
25/09/2018 21:45:57 [DEBUG] Refreshing group 'default' for new custom placeholder 'crazycrates_me.badbones69.crazycrates.api.objects.crate@581589b3'
25/09/2018 21:45:57 [DEBUG] Refreshing group 'default' for new custom placeholder 'crazycrates_me.badbones69.crazycrates.api.objects.crate@412cd27f_physical'
25/09/2018 21:45:57 [DEBUG] Refreshing group 'default' for new custom placeholder 'crazycrates_me.badbones69.crazycrates.api.objects.crate@3a31fc98_physical'
25/09/2018 21:45:57 [DEBUG] Refreshing group 'default' for new custom placeholder 'crazycrates_me.badbones69.crazycrates.api.objects.crate@3a31fc98_total'
25/09/2018 21:45:57 [DEBUG] Refreshing group 'default' for new custom placeholder 'crazycrates_me.badbones69.crazycrates.api.objects.crate@3e5c71f2_total'
25/09/2018 21:45:57 [DEBUG] Refreshing group 'default' for new custom placeholder 'crazycrates_me.badbones69.crazycrates.api.objects.crate@3e5c71f2_physical'
25/09/2018 21:45:57 [DEBUG] Refreshing group 'default' for new custom placeholder 'crazycrates_me.badbones69.crazycrates.api.objects.crate@49a644de'
25/09/2018 21:45:57 [DEBUG] Refreshing group 'default' for new custom placeholder 'crazycrates_me.badbones69.crazycrates.api.objects.crate@49a644de_physical'
25/09/2018 21:45:57 [DEBUG] Refreshing group 'default' for new custom placeholder 'crazycrates_me.badbones69.crazycrates.api.objects.crate@49a644de_total'
25/09/2018 21:45:57 [DEBUG] Refreshing group 'default' for new custom placeholder 'crazycrates_me.badbones69.crazycrates.api.objects.crate@3a31fc98'
25/09/2018 21:45:57 [DEBUG] Refreshing group 'default' for new custom placeholder 'crazycrates_me.badbones69.crazycrates.api.objects.crate@3e5c71f2'
25/09/2018 21:46:15 [INFO] Fetching modules from server ...
25/09/2018 21:46:15 [INFO] Checking for module updates ...
