22/09/2018 21:39:49 [DEBUG] Output file is: C:\Users\patricia 1\Desktop\Survival Setup 17-08-2018\plugins\FeatherBoard\modules\redisbungee.jar
22/09/2018 21:39:26 [INFO] 		Converting footer ...
22/09/2018 21:39:32 [DEBUG] Downloading file: http://modules.mvdw-software.com/api/v1/moduleupdate/31e2c055-4d34-47cf-b8eb-869f73800dba/download?plugin=FeatherBoard&plugin-version=4.13.0&plugin-filehash=47300a15dc508e4c65137dc161a0f99f&plugin-nonce=-1491768596&plugin-asmhash=3cfd9b52cf838d82de97918bc9c37bb9&plugin-asmhash2=6ad810a9e7ba58d3db074625538c043d&plugin-filecount=403&plugin-user=23191&server-javaversion=1.8.0_181
22/09/2018 21:39:26 [INFO] Making the scoreboard config FeatherBoard 4 compatible ...
22/09/2018 21:39:50 [INFO] Downloading placeholder [ServerPinger 1.0.2] ...
22/09/2018 21:39:32 [INFO] Loading placeholder [Economy 1.0.1] ...
22/09/2018 21:39:32 [DEBUG] Loaded placeholder: economy
22/09/2018 21:39:32 [DEBUG] Downloading file: http://modules.mvdw-software.com/api/v1/moduleupdate/7ae70f9d-9f43-4b95-b74c-bcd99eabd20b/download?plugin=FeatherBoard&plugin-version=4.13.0&plugin-filehash=47300a15dc508e4c65137dc161a0f99f&plugin-nonce=-1491768596&plugin-asmhash=3cfd9b52cf838d82de97918bc9c37bb9&plugin-asmhash2=6ad810a9e7ba58d3db074625538c043d&plugin-filecount=403&plugin-user=23191&server-javaversion=1.8.0_181
22/09/2018 21:39:50 [DEBUG] Output file is: C:\Users\patricia 1\Desktop\Survival Setup 17-08-2018\plugins\FeatherBoard\modules\serverpinger.jar
22/09/2018 21:39:32 [INFO] Downloading placeholder [Effects 1.0.1] ...
22/09/2018 21:39:50 [DEBUG] Downloaded file to: C:\Users\patricia 1\Desktop\Survival Setup 17-08-2018\plugins\FeatherBoard\modules\serverpinger.jar
22/09/2018 21:39:32 [DEBUG] Downloaded file to: C:\Users\patricia 1\Desktop\Survival Setup 17-08-2018\plugins\FeatherBoard\modules\effects.jar
22/09/2018 21:39:50 [DEBUG] Download location: C:\Users\patricia 1\Desktop\Survival Setup 17-08-2018\plugins\FeatherBoard\modules\serverpinger.jar
22/09/2018 21:39:51 [DEBUG] Output file is: C:\Users\patricia 1\Desktop\Survival Setup 17-08-2018\plugins\FeatherBoard\modules\tickspersecond.jar
22/09/2018 21:39:33 [DEBUG] Download location: C:\Users\patricia 1\Desktop\Survival Setup 17-08-2018\plugins\FeatherBoard\modules\entities.jar
22/09/2018 21:39:50 [DEBUG] Downloading file: http://modules.mvdw-software.com/api/v1/moduleupdate/c3926954-b7ba-4f5e-9956-70fdf421d077/download?plugin=FeatherBoard&plugin-version=4.13.0&plugin-filehash=47300a15dc508e4c65137dc161a0f99f&plugin-nonce=-1491768596&plugin-asmhash=3cfd9b52cf838d82de97918bc9c37bb9&plugin-asmhash2=6ad810a9e7ba58d3db074625538c043d&plugin-filecount=403&plugin-user=23191&server-javaversion=1.8.0_181
22/09/2018 21:39:52 [DEBUG] Downloading file: http://modules.mvdw-software.com/api/v1/moduleupdate/02d11193-32da-456e-b2b3-16e1e5ba5072/download?plugin=FeatherBoard&plugin-version=4.13.0&plugin-filehash=47300a15dc508e4c65137dc161a0f99f&plugin-nonce=-1491768596&plugin-asmhash=3cfd9b52cf838d82de97918bc9c37bb9&plugin-asmhash2=6ad810a9e7ba58d3db074625538c043d&plugin-filecount=403&plugin-user=23191&server-javaversion=1.8.0_181
22/09/2018 21:39:26 [WARNING] Backup config saved to: config_22_09_2018-21_39_26.yml
22/09/2018 21:39:51 [DEBUG] Downloaded file to: C:\Users\patricia 1\Desktop\Survival Setup 17-08-2018\plugins\FeatherBoard\modules\statistics.jar
22/09/2018 21:39:51 [DEBUG] Downloading file: http://modules.mvdw-software.com/api/v1/moduleupdate/15a8a3dc-e3ce-43df-b4ab-b04da812209d/download?plugin=FeatherBoard&plugin-version=4.13.0&plugin-filehash=47300a15dc508e4c65137dc161a0f99f&plugin-nonce=-1491768596&plugin-asmhash=3cfd9b52cf838d82de97918bc9c37bb9&plugin-asmhash2=6ad810a9e7ba58d3db074625538c043d&plugin-filecount=403&plugin-user=23191&server-javaversion=1.8.0_181
22/09/2018 21:39:32 [INFO] Downloading placeholder [Entities 1.0.1] ...
22/09/2018 21:39:32 [DEBUG] Output file is: C:\Users\patricia 1\Desktop\Survival Setup 17-08-2018\plugins\FeatherBoard\modules\entities.jar
22/09/2018 21:39:50 [DEBUG] Loaded placeholder: sound
22/09/2018 21:39:50 [DEBUG] Output file is: C:\Users\patricia 1\Desktop\Survival Setup 17-08-2018\plugins\FeatherBoard\modules\sound effects.jar
22/09/2018 21:39:32 [DEBUG] Loaded placeholder: playereffects
22/09/2018 21:39:50 [INFO] Downloading placeholder [Statistics 1.0.3] ...
22/09/2018 21:39:26 [INFO] 		Converting title ...
22/09/2018 21:39:32 [INFO] Loading placeholder [Effects 1.0.1] ...
22/09/2018 21:39:50 [INFO] Loading placeholder [Sound Effects 1.0.1] ...
22/09/2018 21:39:50 [INFO] Downloading placeholder [Sound Effects 1.0.1] ...
22/09/2018 21:39:26 [INFO] 	Deleting old placeholder configs ...
22/09/2018 21:39:26 [INFO] 	Deleting old plugin data ...
22/09/2018 21:39:50 [DEBUG] Downloaded file to: C:\Users\patricia 1\Desktop\Survival Setup 17-08-2018\plugins\FeatherBoard\modules\sound effects.jar
22/09/2018 21:39:50 [DEBUG] Download location: C:\Users\patricia 1\Desktop\Survival Setup 17-08-2018\plugins\FeatherBoard\modules\sound effects.jar
22/09/2018 21:39:50 [INFO] Loading placeholder [ServerPinger 1.0.2] ...
22/09/2018 21:39:32 [DEBUG] Download location: C:\Users\patricia 1\Desktop\Survival Setup 17-08-2018\plugins\FeatherBoard\modules\effects.jar
22/09/2018 21:39:50 [DEBUG] Loaded placeholder: serverpinger
22/09/2018 21:39:50 [DEBUG] Downloading file: http://modules.mvdw-software.com/api/v1/moduleupdate/d55bae2c-ef40-4002-b509-1929cc39f464/download?plugin=FeatherBoard&plugin-version=4.13.0&plugin-filehash=47300a15dc508e4c65137dc161a0f99f&plugin-nonce=-1491768596&plugin-asmhash=3cfd9b52cf838d82de97918bc9c37bb9&plugin-asmhash2=6ad810a9e7ba58d3db074625538c043d&plugin-filecount=403&plugin-user=23191&server-javaversion=1.8.0_181
22/09/2018 21:39:32 [DEBUG] Output file is: C:\Users\patricia 1\Desktop\Survival Setup 17-08-2018\plugins\FeatherBoard\modules\effects.jar
22/09/2018 21:39:51 [DEBUG] Loaded placeholder: statistics
22/09/2018 21:39:32 [DEBUG] Downloaded file to: C:\Users\patricia 1\Desktop\Survival Setup 17-08-2018\plugins\FeatherBoard\modules\economy.jar
22/09/2018 21:39:50 [DEBUG] Downloaded file to: C:\Users\patricia 1\Desktop\Survival Setup 17-08-2018\plugins\FeatherBoard\modules\redisbungee.jar
22/09/2018 21:39:50 [DEBUG] Download location: C:\Users\patricia 1\Desktop\Survival Setup 17-08-2018\plugins\FeatherBoard\modules\redisbungee.jar
22/09/2018 21:39:26 [INFO] 	Deleting old log file ...
22/09/2018 21:39:50 [DEBUG] Loaded placeholder: redisbungee
22/09/2018 21:39:26 [INFO] Removing unused files and folders ...
22/09/2018 21:39:50 [DEBUG] Downloading file: http://modules.mvdw-software.com/api/v1/moduleupdate/66aafeb3-e1f7-4e78-b1e3-ba9ff4c8c7e9/download?plugin=FeatherBoard&plugin-version=4.13.0&plugin-filehash=47300a15dc508e4c65137dc161a0f99f&plugin-nonce=-1491768596&plugin-asmhash=3cfd9b52cf838d82de97918bc9c37bb9&plugin-asmhash2=6ad810a9e7ba58d3db074625538c043d&plugin-filecount=403&plugin-user=23191&server-javaversion=1.8.0_181
22/09/2018 21:39:26 [DEBUG] 	Line: footer Static: false
22/09/2018 21:39:26 [INFO] 	Converting default ...
22/09/2018 21:39:32 [DEBUG] Download location: C:\Users\patricia 1\Desktop\Survival Setup 17-08-2018\plugins\FeatherBoard\modules\economy.jar
22/09/2018 21:39:51 [INFO] Downloading placeholder [TicksPerSecond 1.0.2] ...
22/09/2018 21:39:50 [INFO] Loading placeholder [RedisBungee 1.0.1] ...
22/09/2018 21:39:52 [INFO] Loading placeholder [TicksPerSecond 1.0.2] ...
22/09/2018 21:39:50 [DEBUG] Output file is: C:\Users\patricia 1\Desktop\Survival Setup 17-08-2018\plugins\FeatherBoard\modules\statistics.jar
22/09/2018 21:39:52 [DEBUG] Downloaded file to: C:\Users\patricia 1\Desktop\Survival Setup 17-08-2018\plugins\FeatherBoard\modules\tickspersecond.jar
22/09/2018 21:39:52 [DEBUG] Download location: C:\Users\patricia 1\Desktop\Survival Setup 17-08-2018\plugins\FeatherBoard\modules\tickspersecond.jar
22/09/2018 21:39:33 [INFO] Loading placeholder [Entities 1.0.1] ...
22/09/2018 21:39:51 [INFO] Loading placeholder [Statistics 1.0.3] ...
22/09/2018 21:39:52 [DEBUG] Loaded placeholder: tickspersecond
22/09/2018 21:39:26 [WARNING] Updating configuration file!
22/09/2018 21:39:51 [DEBUG] Download location: C:\Users\patricia 1\Desktop\Survival Setup 17-08-2018\plugins\FeatherBoard\modules\statistics.jar
22/09/2018 21:39:33 [DEBUG] Downloading file: http://modules.mvdw-software.com/api/v1/moduleupdate/93cb5b0c-06b4-4333-8ad0-7845d3ce183b/download?plugin=FeatherBoard&plugin-version=4.13.0&plugin-filehash=47300a15dc508e4c65137dc161a0f99f&plugin-nonce=-1491768596&plugin-asmhash=3cfd9b52cf838d82de97918bc9c37bb9&plugin-asmhash2=6ad810a9e7ba58d3db074625538c043d&plugin-filecount=403&plugin-user=23191&server-javaversion=1.8.0_181
22/09/2018 21:39:33 [DEBUG] Downloaded file to: C:\Users\patricia 1\Desktop\Survival Setup 17-08-2018\plugins\FeatherBoard\modules\entities.jar
22/09/2018 21:39:26 [INFO] Copying 'plugins\FeatherBoard\config.yml' from the resources!
22/09/2018 21:39:26 [INFO] 		Converting spacer-player1 ...
22/09/2018 21:39:26 [DEBUG] 	Line: title Static: true
22/09/2018 21:39:52 [INFO] Downloading placeholder [Twitter 1.0.2] ...
22/09/2018 21:39:33 [DEBUG] Loaded placeholder: entities
22/09/2018 21:39:52 [DEBUG] Output file is: C:\Users\patricia 1\Desktop\Survival Setup 17-08-2018\plugins\FeatherBoard\modules\twitter.jar
22/09/2018 21:39:26 [INFO] Loading messages ...
22/09/2018 21:39:33 [DEBUG] Output file is: C:\Users\patricia 1\Desktop\Survival Setup 17-08-2018\plugins\FeatherBoard\modules\essentials.jar
22/09/2018 21:39:56 [INFO] Downloading placeholder [Unicode Characters 1.0.1] ...
22/09/2018 21:39:33 [DEBUG] Download location: C:\Users\patricia 1\Desktop\Survival Setup 17-08-2018\plugins\FeatherBoard\modules\essentials.jar
22/09/2018 21:39:33 [INFO] Downloading placeholder [Essentials 1.0.1] ...
22/09/2018 21:39:26 [DEBUG] 	Line: spacer-player1 Static: true
22/09/2018 21:39:26 [INFO] Loading language file: lang_en
22/09/2018 21:39:56 [DEBUG] Output file is: C:\Users\patricia 1\Desktop\Survival Setup 17-08-2018\plugins\FeatherBoard\modules\unicode characters.jar
22/09/2018 21:39:52 [DEBUG] Downloading file: http://modules.mvdw-software.com/api/v1/moduleupdate/d0c4ab1d-a802-4224-8d2e-3e308b44d584/download?plugin=FeatherBoard&plugin-version=4.13.0&plugin-filehash=47300a15dc508e4c65137dc161a0f99f&plugin-nonce=-1491768596&plugin-asmhash=3cfd9b52cf838d82de97918bc9c37bb9&plugin-asmhash2=6ad810a9e7ba58d3db074625538c043d&plugin-filecount=403&plugin-user=23191&server-javaversion=1.8.0_181
22/09/2018 21:40:08 [DEBUG] Refreshing group 'default' for new custom placeholder 'crazycrates_me.badbones69.crazycrates.api.objects.crate@24bda4e1_physical'
22/09/2018 21:39:52 [DEBUG] Download location: C:\Users\patricia 1\Desktop\Survival Setup 17-08-2018\plugins\FeatherBoard\modules\twitter.jar
22/09/2018 21:39:33 [DEBUG] Downloading file: http://modules.mvdw-software.com/api/v1/moduleupdate/d1e86e80-d79e-4055-93f3-6bdcd46bba10/download?plugin=FeatherBoard&plugin-version=4.13.0&plugin-filehash=47300a15dc508e4c65137dc161a0f99f&plugin-nonce=-1491768596&plugin-asmhash=3cfd9b52cf838d82de97918bc9c37bb9&plugin-asmhash2=6ad810a9e7ba58d3db074625538c043d&plugin-filecount=403&plugin-user=23191&server-javaversion=1.8.0_181
22/09/2018 21:40:08 [DEBUG] Refreshing group 'default' for new custom placeholder 'crazycrates_me.badbones69.crazycrates.api.objects.crate@7a2c9efd'
22/09/2018 21:40:08 [DEBUG] Refreshing group 'default' for new custom placeholder 'crazycrates_me.badbones69.crazycrates.api.objects.crate@71458db0_total'
22/09/2018 21:40:08 [DEBUG] Refreshing group 'default' for new custom placeholder 'crazycrates_me.badbones69.crazycrates.api.objects.crate@24bda4e1_total'
22/09/2018 21:40:08 [DEBUG] Refreshing group 'default' for new custom placeholder 'crazycrates_me.badbones69.crazycrates.api.objects.crate@24fe6adf_physical'
22/09/2018 21:39:56 [INFO] Loading placeholder [Twitter 1.0.2] ...
22/09/2018 21:39:57 [DEBUG] Downloading file: http://modules.mvdw-software.com/api/v1/moduleupdate/3bb0751f-ea43-44a8-b468-62d907991d76/download?plugin=FeatherBoard&plugin-version=4.13.0&plugin-filehash=47300a15dc508e4c65137dc161a0f99f&plugin-nonce=-1491768596&plugin-asmhash=3cfd9b52cf838d82de97918bc9c37bb9&plugin-asmhash2=6ad810a9e7ba58d3db074625538c043d&plugin-filecount=403&plugin-user=23191&server-javaversion=1.8.0_181
22/09/2018 21:40:08 [DEBUG] Refreshing group 'default' for new custom placeholder 'crazycrates_me.badbones69.crazycrates.api.objects.crate@6856604a_physical'
22/09/2018 21:40:08 [DEBUG] Refreshing group 'default' for new custom placeholder 'crazycrates_me.badbones69.crazycrates.api.objects.crate@24fe6adf_total'
22/09/2018 21:40:08 [DEBUG] Refreshing group 'default' for new custom placeholder 'crazycrates_me.badbones69.crazycrates.api.objects.crate@6856604a'
22/09/2018 21:40:08 [DEBUG] Refreshing group 'default' for new custom placeholder 'crazycrates_me.badbones69.crazycrates.api.objects.crate@24bda4e1'
22/09/2018 21:40:08 [DEBUG] Refreshing group 'default' for new custom placeholder 'crazycrates_me.badbones69.crazycrates.api.objects.crate@6856604a_total'
22/09/2018 21:40:08 [DEBUG] Refreshing group 'default' for new custom placeholder 'crazycrates_me.badbones69.crazycrates.api.objects.crate@7a2c9efd_total'
22/09/2018 21:40:08 [DEBUG] Refreshing group 'default' for new custom placeholder 'crazycrates_me.badbones69.crazycrates.api.objects.crate@71458db0'
22/09/2018 21:40:08 [DEBUG] Refreshing group 'default' for new custom placeholder 'crazycrates_me.badbones69.crazycrates.api.objects.crate@71458db0_physical'
22/09/2018 21:39:56 [DEBUG] Loaded placeholder: twitter
22/09/2018 21:39:56 [DEBUG] Downloaded file to: C:\Users\patricia 1\Desktop\Survival Setup 17-08-2018\plugins\FeatherBoard\modules\twitter.jar
22/09/2018 21:40:04 [DEBUG] 	Adding sub command 'gui'
22/09/2018 21:39:26 [INFO] 		Converting player-label1 ...
22/09/2018 21:39:33 [DEBUG] Downloaded file to: C:\Users\patricia 1\Desktop\Survival Setup 17-08-2018\plugins\FeatherBoard\modules\essentials.jar
22/09/2018 21:40:04 [DEBUG] 	Adding sub command 'on'
22/09/2018 21:39:57 [DEBUG] Downloaded file to: C:\Users\patricia 1\Desktop\Survival Setup 17-08-2018\plugins\FeatherBoard\modules\unicode characters.jar
22/09/2018 21:39:26 [INFO] Loading placeholders and event triggers ...
22/09/2018 21:39:57 [DEBUG] Download location: C:\Users\patricia 1\Desktop\Survival Setup 17-08-2018\plugins\FeatherBoard\modules\unicode characters.jar
22/09/2018 21:40:00 [DEBUG] Loaded placeholder: worldguard
22/09/2018 21:40:00 [INFO] Checking for placeholder updates ...
22/09/2018 21:39:59 [INFO] Loading placeholder [World 1.0.1] ...
22/09/2018 21:39:59 [DEBUG] Output file is: C:\Users\patricia 1\Desktop\Survival Setup 17-08-2018\plugins\FeatherBoard\modules\world.jar
22/09/2018 21:39:59 [DEBUG] Output file is: C:\Users\patricia 1\Desktop\Survival Setup 17-08-2018\plugins\FeatherBoard\modules\worldguard.jar
22/09/2018 21:39:59 [DEBUG] Loaded placeholder: world
22/09/2018 21:39:59 [DEBUG] Downloading file: http://modules.mvdw-software.com/api/v1/moduleupdate/f45af077-96b3-4a6c-857c-d4c345a63355/download?plugin=FeatherBoard&plugin-version=4.13.0&plugin-filehash=47300a15dc508e4c65137dc161a0f99f&plugin-nonce=-1491768596&plugin-asmhash=3cfd9b52cf838d82de97918bc9c37bb9&plugin-asmhash2=6ad810a9e7ba58d3db074625538c043d&plugin-filecount=403&plugin-user=23191&server-javaversion=1.8.0_181
22/09/2018 21:40:00 [DEBUG] Download location: C:\Users\patricia 1\Desktop\Survival Setup 17-08-2018\plugins\FeatherBoard\modules\worldguard.jar
22/09/2018 21:40:00 [INFO] Loading placeholder [WorldGuard 1.0.1] ...
22/09/2018 21:39:33 [DEBUG] Loaded placeholder: essentials
22/09/2018 21:40:02 [INFO] Loading custom effect 'example3' ...
22/09/2018 21:40:00 [DEBUG] Downloaded file to: C:\Users\patricia 1\Desktop\Survival Setup 17-08-2018\plugins\FeatherBoard\modules\worldguard.jar
22/09/2018 21:40:00 [DEBUG] Downloading file: http://modules.mvdw-software.com/api/v1/moduleupdate/12dea5c6-4646-41ee-9048-ae7d7fefe422/download?plugin=FeatherBoard&plugin-version=4.13.0&plugin-filehash=47300a15dc508e4c65137dc161a0f99f&plugin-nonce=-1491768596&plugin-asmhash=3cfd9b52cf838d82de97918bc9c37bb9&plugin-asmhash2=6ad810a9e7ba58d3db074625538c043d&plugin-filecount=403&plugin-user=23191&server-javaversion=1.8.0_181
22/09/2018 21:40:02 [INFO] Creating new custom effect: example3
22/09/2018 21:40:01 [INFO] Creating new custom effect: example2
22/09/2018 21:40:02 [DEBUG]  - Server supports Objective entries
22/09/2018 21:40:02 [DEBUG]  - Server supports Team entries
22/09/2018 21:40:01 [INFO] Loading custom effect 'example2' ...
22/09/2018 21:40:02 [DEBUG] 	Line: player-label2 Static: true
22/09/2018 21:40:02 [DEBUG] Using SCOREBOARD v7
22/09/2018 21:40:00 [INFO] Loading event hook: WorldGuard Region ...
22/09/2018 21:40:02 [INFO] Loading scoreboard 'default' ...
22/09/2018 21:40:00 [INFO] Loading event hook: WorldGuard Region ...
22/09/2018 21:40:02 [DEBUG] 	Line: title Static: false
22/09/2018 21:40:02 [INFO] Using OPTIMAL as the update strategy
22/09/2018 21:40:00 [INFO] Loaded 2342 of the 2342 placholders
22/09/2018 21:40:02 [DEBUG] 	Line: spacer-player1 Static: true
22/09/2018 21:40:01 [INFO] Copying default custom effects ...
22/09/2018 21:40:02 [DEBUG] 	Line: spacer-player2 Static: false
22/09/2018 21:40:02 [DEBUG] 	Line: player-label1 Static: true
22/09/2018 21:40:02 [DEBUG] 	Line: player-line3 Static: false
22/09/2018 21:40:02 [DEBUG] 	Line: player-line2 Static: false
22/09/2018 21:40:02 [DEBUG] 	Line: spacer-player3 Static: true
22/09/2018 21:39:57 [INFO] Loading placeholder [Unicode Characters 1.0.1] ...
22/09/2018 21:39:59 [INFO] Loading event hook: Vanilla player join ...
22/09/2018 21:40:02 [INFO] Added 'PERMISSION' as the default scoreboard assign method
22/09/2018 21:39:59 [INFO] Loading event hook: Vanilla Block break hook ...
22/09/2018 21:39:59 [INFO] Loading event hook: Vanilla Death hook ...
22/09/2018 21:40:04 [DEBUG] 	Adding sub command 'off'
22/09/2018 21:40:05 [DEBUG] 	Adding sub command 'reload'
22/09/2018 21:40:04 [INFO] Toggle persistence is disabled!
22/09/2018 21:40:02 [DEBUG] 	default - 0
22/09/2018 21:40:03 [MESSAGE] &5[&9FeatherBoard&5] &aYour version is up to date!
22/09/2018 21:40:05 [DEBUG] 	Adding sub command 'generatebbcode'
22/09/2018 21:40:05 [DEBUG] 	Adding sub command 'placeholders'
22/09/2018 21:40:04 [INFO] Adding command 'featherboard'
22/09/2018 21:40:02 [DEBUG] Scoreboards groups sorted by priority:
22/09/2018 21:40:05 [DEBUG] 	Adding sub command 'editsetting'
22/09/2018 21:39:59 [INFO] Loading event hook: Vanilla Combat hook ...
22/09/2018 21:40:05 [DEBUG] 	Adding sub command 'permissions'
22/09/2018 21:40:05 [DEBUG] 	Adding sub command 'about'
22/09/2018 21:40:05 [DEBUG] 	Adding sub command 'help'
22/09/2018 21:40:05 [DEBUG] 	Adding sub command 'reload'
22/09/2018 21:40:05 [DEBUG] 	Adding sub command 'hide'
22/09/2018 21:40:05 [DEBUG] 	Adding sub command 'parse'
22/09/2018 21:40:05 [DEBUG] 	Adding sub command 'removescoreboard'
22/09/2018 21:39:59 [INFO] Loading event hook: Vanilla Block place hook ...
22/09/2018 21:39:59 [INFO] Loading event hook: Vanilla player join ...
22/09/2018 21:39:59 [INFO] Loading event hook: Vanilla player first join ...
22/09/2018 21:40:05 [DEBUG] 	Adding sub command 'remove'
22/09/2018 21:39:59 [DEBUG] Download location: C:\Users\patricia 1\Desktop\Survival Setup 17-08-2018\plugins\FeatherBoard\modules\world.jar
22/09/2018 21:39:45 [DEBUG] Download location: C:\Users\patricia 1\Desktop\Survival Setup 17-08-2018\plugins\FeatherBoard\modules\memory.jar
22/09/2018 21:39:59 [INFO] Loading event hook: Vanilla player rejoin ...
22/09/2018 21:39:45 [DEBUG] Loaded placeholder: memory
22/09/2018 21:40:08 [DEBUG] Refreshing group 'default' for new custom placeholder 'crazycrates_me.badbones69.crazycrates.api.objects.crate@7a2c9efd_physical'
22/09/2018 21:39:45 [DEBUG] Output file is: C:\Users\patricia 1\Desktop\Survival Setup 17-08-2018\plugins\FeatherBoard\modules\multiverse-core.jar
22/09/2018 21:39:45 [DEBUG] Download location: C:\Users\patricia 1\Desktop\Survival Setup 17-08-2018\plugins\FeatherBoard\modules\multiverse-core.jar
22/09/2018 21:39:45 [INFO] Loading placeholder [Multiverse-Core 1.0.1] ...
22/09/2018 21:40:08 [DEBUG] Refreshing group 'default' for new custom placeholder 'crazycrates_me.badbones69.crazycrates.api.objects.crate@24fe6adf'
22/09/2018 21:39:45 [DEBUG] Output file is: C:\Users\patricia 1\Desktop\Survival Setup 17-08-2018\plugins\FeatherBoard\modules\permissions.jar
22/09/2018 21:39:47 [DEBUG] Downloaded file to: C:\Users\patricia 1\Desktop\Survival Setup 17-08-2018\plugins\FeatherBoard\modules\placeholderapi.jar
22/09/2018 21:39:46 [DEBUG] Downloaded file to: C:\Users\patricia 1\Desktop\Survival Setup 17-08-2018\plugins\FeatherBoard\modules\permissions.jar
22/09/2018 21:39:26 [DEBUG] 	Line: player-line2 Static: true
22/09/2018 21:39:46 [DEBUG] Loaded placeholder: permissions
22/09/2018 21:39:48 [DEBUG] Downloaded file to: C:\Users\patricia 1\Desktop\Survival Setup 17-08-2018\plugins\FeatherBoard\modules\player.jar
22/09/2018 21:39:46 [INFO] Loading placeholder [Permissions 1.0.1] ...
22/09/2018 21:39:47 [DEBUG] Downloading file: http://modules.mvdw-software.com/api/v1/moduleupdate/29d6a360-23da-43e8-b575-ca7a4c710bd3/download?plugin=FeatherBoard&plugin-version=4.13.0&plugin-filehash=47300a15dc508e4c65137dc161a0f99f&plugin-nonce=-1491768596&plugin-asmhash=3cfd9b52cf838d82de97918bc9c37bb9&plugin-asmhash2=6ad810a9e7ba58d3db074625538c043d&plugin-filecount=403&plugin-user=23191&server-javaversion=1.8.0_181
22/09/2018 21:39:46 [DEBUG] Download location: C:\Users\patricia 1\Desktop\Survival Setup 17-08-2018\plugins\FeatherBoard\modules\permissions.jar
22/09/2018 21:39:47 [DEBUG] Output file is: C:\Users\patricia 1\Desktop\Survival Setup 17-08-2018\plugins\FeatherBoard\modules\player.jar
22/09/2018 21:39:47 [DEBUG] Download location: C:\Users\patricia 1\Desktop\Survival Setup 17-08-2018\plugins\FeatherBoard\modules\player.jar
22/09/2018 21:39:47 [DEBUG] Loaded placeholder: placeholderapi
22/09/2018 21:39:49 [DEBUG] Downloading file: http://modules.mvdw-software.com/api/v1/moduleupdate/45a77a9d-06fb-4638-a818-b408b4a496fa/download?plugin=FeatherBoard&plugin-version=4.13.0&plugin-filehash=47300a15dc508e4c65137dc161a0f99f&plugin-nonce=-1491768596&plugin-asmhash=3cfd9b52cf838d82de97918bc9c37bb9&plugin-asmhash2=6ad810a9e7ba58d3db074625538c043d&plugin-filecount=403&plugin-user=23191&server-javaversion=1.8.0_181
22/09/2018 21:39:47 [DEBUG] Downloading file: http://modules.mvdw-software.com/api/v1/moduleupdate/22b28930-2b33-402d-ad57-3b4ac6bab1dd/download?plugin=FeatherBoard&plugin-version=4.13.0&plugin-filehash=47300a15dc508e4c65137dc161a0f99f&plugin-nonce=-1491768596&plugin-asmhash=3cfd9b52cf838d82de97918bc9c37bb9&plugin-asmhash2=6ad810a9e7ba58d3db074625538c043d&plugin-filecount=403&plugin-user=23191&server-javaversion=1.8.0_181
22/09/2018 21:39:48 [DEBUG] Loaded placeholder: player
22/09/2018 21:39:48 [INFO] Loading placeholder [Player 1.0.11] ...
22/09/2018 21:39:48 [DEBUG] Output file is: C:\Users\patricia 1\Desktop\Survival Setup 17-08-2018\plugins\FeatherBoard\modules\plotsquared.jar
22/09/2018 21:39:49 [DEBUG] Downloaded file to: C:\Users\patricia 1\Desktop\Survival Setup 17-08-2018\plugins\FeatherBoard\modules\plotsquared.jar
22/09/2018 21:39:49 [INFO] Loading event hook: PlotSquared Plot ...
22/09/2018 21:39:59 [INFO] Loading event hook: Vanilla Block break hook ...
22/09/2018 21:39:34 [DEBUG] Download location: C:\Users\patricia 1\Desktop\Survival Setup 17-08-2018\plugins\FeatherBoard\modules\facebook.jar
22/09/2018 21:39:59 [INFO] Downloading placeholder [WorldGuard 1.0.1] ...
22/09/2018 21:40:02 [DEBUG] 	Line: player-line31 Static: false
22/09/2018 21:39:41 [DEBUG] Downloading file: http://modules.mvdw-software.com/api/v1/moduleupdate/ca9f5e55-3fb7-43fe-94d6-e9e1609997ff/download?plugin=FeatherBoard&plugin-version=4.13.0&plugin-filehash=47300a15dc508e4c65137dc161a0f99f&plugin-nonce=-1491768596&plugin-asmhash=3cfd9b52cf838d82de97918bc9c37bb9&plugin-asmhash2=6ad810a9e7ba58d3db074625538c043d&plugin-filecount=403&plugin-user=23191&server-javaversion=1.8.0_181
22/09/2018 21:39:59 [DEBUG] Loaded placeholder: vanillaevents
22/09/2018 21:39:49 [INFO] Loading placeholder [Previous Names 1.0.1] ...
22/09/2018 21:39:27 [INFO] Fetching available placeholders from server ...
22/09/2018 21:39:49 [DEBUG] Downloaded file to: C:\Users\patricia 1\Desktop\Survival Setup 17-08-2018\plugins\FeatherBoard\modules\previous names.jar
22/09/2018 21:39:49 [INFO] Downloading placeholder [RedisBungee 1.0.1] ...
22/09/2018 21:39:41 [INFO] Downloading placeholder [FireworkEffect 1.0.1] ...
22/09/2018 21:39:49 [DEBUG] Output file is: C:\Users\patricia 1\Desktop\Survival Setup 17-08-2018\plugins\FeatherBoard\modules\previous names.jar
22/09/2018 21:39:49 [DEBUG] Download location: C:\Users\patricia 1\Desktop\Survival Setup 17-08-2018\plugins\FeatherBoard\modules\previous names.jar
22/09/2018 21:39:41 [DEBUG] Output file is: C:\Users\patricia 1\Desktop\Survival Setup 17-08-2018\plugins\FeatherBoard\modules\fireworkeffect.jar
22/09/2018 21:39:49 [DEBUG] Download location: C:\Users\patricia 1\Desktop\Survival Setup 17-08-2018\plugins\FeatherBoard\modules\plotsquared.jar
22/09/2018 21:39:49 [DEBUG] Loaded placeholder: previousnames
22/09/2018 21:40:02 [DEBUG] 	Line: player-line7 Static: true
22/09/2018 21:39:39 [DEBUG] Downloaded file to: C:\Users\patricia 1\Desktop\Survival Setup 17-08-2018\plugins\FeatherBoard\modules\facebook.jar
22/09/2018 21:39:27 [DEBUG] Loaded placeholder: CustomPlaceholders
22/09/2018 21:39:57 [DEBUG] Output file is: C:\Users\patricia 1\Desktop\Survival Setup 17-08-2018\plugins\FeatherBoard\modules\vanillaevents.jar
22/09/2018 21:39:26 [INFO] 		Converting spacer-player2 ...
22/09/2018 21:39:33 [INFO] Loading placeholder [Essentials 1.0.1] ...
22/09/2018 21:40:05 [DEBUG] 	Adding sub command 'info'
22/09/2018 21:40:05 [DEBUG] 	Adding sub command 'debug'
22/09/2018 21:40:02 [INFO] Generating metrics information ...
22/09/2018 21:40:01 [INFO] Loading custom effect 'example1' ...
22/09/2018 21:39:57 [DEBUG] Download location: C:\Users\patricia 1\Desktop\Survival Setup 17-08-2018\plugins\FeatherBoard\modules\vanillaevents.jar
22/09/2018 21:39:34 [DEBUG] Downloading file: http://modules.mvdw-software.com/api/v1/moduleupdate/fea83b6e-2058-4e44-8a31-4a6df5e13a6d/download?plugin=FeatherBoard&plugin-version=4.13.0&plugin-filehash=47300a15dc508e4c65137dc161a0f99f&plugin-nonce=-1491768596&plugin-asmhash=3cfd9b52cf838d82de97918bc9c37bb9&plugin-asmhash2=6ad810a9e7ba58d3db074625538c043d&plugin-filecount=403&plugin-user=23191&server-javaversion=1.8.0_181
22/09/2018 21:39:57 [DEBUG] Downloading file: http://modules.mvdw-software.com/api/v1/moduleupdate/c4537efb-81e5-417a-a61d-0e754b9b8588/download?plugin=FeatherBoard&plugin-version=4.13.0&plugin-filehash=47300a15dc508e4c65137dc161a0f99f&plugin-nonce=-1491768596&plugin-asmhash=3cfd9b52cf838d82de97918bc9c37bb9&plugin-asmhash2=6ad810a9e7ba58d3db074625538c043d&plugin-filecount=403&plugin-user=23191&server-javaversion=1.8.0_181
22/09/2018 21:39:33 [INFO] Downloading placeholder [Facebook 1.0.2] ...
22/09/2018 21:39:59 [INFO] Loading event hook: Vanilla Create portal hook ...
22/09/2018 21:39:33 [DEBUG] Output file is: C:\Users\patricia 1\Desktop\Survival Setup 17-08-2018\plugins\FeatherBoard\modules\facebook.jar
22/09/2018 21:39:28 [DEBUG] Output file is: C:\Users\patricia 1\Desktop\Survival Setup 17-08-2018\plugins\FeatherBoard\modules\armor.jar
22/09/2018 21:39:58 [DEBUG] Downloaded file to: C:\Users\patricia 1\Desktop\Survival Setup 17-08-2018\plugins\FeatherBoard\modules\vanillaevents.jar
22/09/2018 21:39:59 [INFO] Loading event hook: Vanilla Block place hook ...
22/09/2018 21:39:59 [INFO] Loading event hook: Vanilla Death hook ...
22/09/2018 21:39:41 [DEBUG] Loaded placeholder: facebook
22/09/2018 21:40:01 [INFO] Creating new custom effect: example1
22/09/2018 21:39:27 [DEBUG] Loaded placeholder: MySQL
22/09/2018 21:40:02 [DEBUG] 	Line: player-line5 Static: false
22/09/2018 21:40:05 [DEBUG] 	Adding sub command 'show'
22/09/2018 21:40:05 [DEBUG] 	Adding sub command 'module'
22/09/2018 21:40:05 [DEBUG] 	Adding sub command 'modules'
22/09/2018 21:40:02 [DEBUG] 	Line: spacer-player4 Static: true
22/09/2018 21:39:59 [INFO] Loading event hook: Vanilla Combat hook ...
22/09/2018 21:39:58 [INFO] Loading placeholder [VanillaEvents 1.0.5] ...
22/09/2018 21:39:59 [INFO] Loading event hook: Vanilla Create portal hook ...
22/09/2018 21:39:59 [INFO] Loading event hook: Vanilla player first join ...
22/09/2018 21:39:57 [INFO] Downloading placeholder [VanillaEvents 1.0.5] ...
22/09/2018 21:39:59 [INFO] Downloading placeholder [World 1.0.1] ...
22/09/2018 21:40:05 [DEBUG] 	Adding sub command 'add'
22/09/2018 21:40:02 [DEBUG] 	Line: spacer-player5 Static: true
22/09/2018 21:39:28 [INFO] Downloading placeholder [Armor 1.0.1] ...
22/09/2018 21:40:05 [DEBUG] 	Adding sub command 'createscoreboard'
22/09/2018 21:39:59 [INFO] Loading event hook: Vanilla player rejoin ...
22/09/2018 21:40:02 [DEBUG] 	Line: player-line6 Static: false
22/09/2018 21:39:39 [INFO] Loading placeholder [Facebook 1.0.2] ...
22/09/2018 21:39:26 [DEBUG] 	Line: spacer-player2 Static: true
22/09/2018 21:39:26 [DEBUG] 	Line: player-label1 Static: true
22/09/2018 21:40:02 [DEBUG] 	Line: player-line1 Static: false
22/09/2018 21:39:27 [INFO] Loading internal placeholders ...
22/09/2018 21:40:02 [DEBUG] 	Line: footer Static: false
22/09/2018 21:39:57 [DEBUG] Loaded placeholder: unicode
22/09/2018 21:39:44 [INFO] Loading placeholder [LeaderHeads 2.0.9] ...
22/09/2018 21:39:45 [DEBUG] Loaded placeholder: marriage
22/09/2018 21:39:44 [DEBUG] Downloading file: http://modules.mvdw-software.com/api/v1/moduleupdate/a6794e61-13e2-4051-8925-dc7c0874a0f9/download?plugin=FeatherBoard&plugin-version=4.13.0&plugin-filehash=47300a15dc508e4c65137dc161a0f99f&plugin-nonce=-1491768596&plugin-asmhash=3cfd9b52cf838d82de97918bc9c37bb9&plugin-asmhash2=6ad810a9e7ba58d3db074625538c043d&plugin-filecount=403&plugin-user=23191&server-javaversion=1.8.0_181
22/09/2018 21:39:26 [DEBUG] 	Line: player-line3 Static: true
22/09/2018 21:39:29 [DEBUG] Loaded placeholder: bukkit
22/09/2018 21:39:44 [INFO] Loading placeholder [JavaInfo 1.0.1] ...
22/09/2018 21:39:29 [DEBUG] Downloading file: http://modules.mvdw-software.com/api/v1/moduleupdate/7fb749cc-7d20-465c-8aab-a9b53b2e7f93/download?plugin=FeatherBoard&plugin-version=4.13.0&plugin-filehash=47300a15dc508e4c65137dc161a0f99f&plugin-nonce=-1491768596&plugin-asmhash=3cfd9b52cf838d82de97918bc9c37bb9&plugin-asmhash2=6ad810a9e7ba58d3db074625538c043d&plugin-filecount=403&plugin-user=23191&server-javaversion=1.8.0_181
22/09/2018 21:39:26 [INFO] 		Converting player-line3 ...
22/09/2018 21:39:44 [DEBUG] Loaded placeholder: java
22/09/2018 21:39:29 [DEBUG] Downloaded file to: C:\Users\patricia 1\Desktop\Survival Setup 17-08-2018\plugins\FeatherBoard\modules\bukkit.jar
22/09/2018 21:39:44 [DEBUG] Output file is: C:\Users\patricia 1\Desktop\Survival Setup 17-08-2018\plugins\FeatherBoard\modules\leaderheads.jar
22/09/2018 21:39:44 [INFO] Downloading placeholder [Marriage 1.0.2] ...
22/09/2018 21:39:44 [DEBUG] Downloading file: http://modules.mvdw-software.com/api/v1/moduleupdate/d02ea30f-f831-4e8b-a80d-a48e436a0e4e/download?plugin=FeatherBoard&plugin-version=4.13.0&plugin-filehash=47300a15dc508e4c65137dc161a0f99f&plugin-nonce=-1491768596&plugin-asmhash=3cfd9b52cf838d82de97918bc9c37bb9&plugin-asmhash2=6ad810a9e7ba58d3db074625538c043d&plugin-filecount=403&plugin-user=23191&server-javaversion=1.8.0_181
22/09/2018 21:39:45 [INFO] Downloading placeholder [Permissions 1.0.1] ...
22/09/2018 21:39:46 [DEBUG] Downloading file: http://modules.mvdw-software.com/api/v1/moduleupdate/a037ff10-3991-4b65-8059-aa09fd0d2fad/download?plugin=FeatherBoard&plugin-version=4.13.0&plugin-filehash=47300a15dc508e4c65137dc161a0f99f&plugin-nonce=-1491768596&plugin-asmhash=3cfd9b52cf838d82de97918bc9c37bb9&plugin-asmhash2=6ad810a9e7ba58d3db074625538c043d&plugin-filecount=403&plugin-user=23191&server-javaversion=1.8.0_181
22/09/2018 21:39:47 [INFO] Loading placeholder [PlaceholderAPI 1.0.1] ...
22/09/2018 21:39:49 [INFO] Loading event hook: PlotSquared Plot ...
22/09/2018 21:39:49 [DEBUG] Downloading file: http://modules.mvdw-software.com/api/v1/moduleupdate/1169a630-36d0-4e67-af93-8f77e6f4d990/download?plugin=FeatherBoard&plugin-version=4.13.0&plugin-filehash=47300a15dc508e4c65137dc161a0f99f&plugin-nonce=-1491768596&plugin-asmhash=3cfd9b52cf838d82de97918bc9c37bb9&plugin-asmhash2=6ad810a9e7ba58d3db074625538c043d&plugin-filecount=403&plugin-user=23191&server-javaversion=1.8.0_181
22/09/2018 21:39:49 [INFO] Downloading placeholder [Previous Names 1.0.1] ...
22/09/2018 21:39:47 [DEBUG] Download location: C:\Users\patricia 1\Desktop\Survival Setup 17-08-2018\plugins\FeatherBoard\modules\placeholderapi.jar
22/09/2018 21:39:45 [DEBUG] Downloading file: http://modules.mvdw-software.com/api/v1/moduleupdate/3ac39411-0588-4726-ac95-7c52233af68c/download?plugin=FeatherBoard&plugin-version=4.13.0&plugin-filehash=47300a15dc508e4c65137dc161a0f99f&plugin-nonce=-1491768596&plugin-asmhash=3cfd9b52cf838d82de97918bc9c37bb9&plugin-asmhash2=6ad810a9e7ba58d3db074625538c043d&plugin-filecount=403&plugin-user=23191&server-javaversion=1.8.0_181
22/09/2018 21:39:44 [DEBUG] Downloaded file to: C:\Users\patricia 1\Desktop\Survival Setup 17-08-2018\plugins\FeatherBoard\modules\javainfo.jar
22/09/2018 21:39:46 [DEBUG] Output file is: C:\Users\patricia 1\Desktop\Survival Setup 17-08-2018\plugins\FeatherBoard\modules\placeholderapi.jar
22/09/2018 21:39:45 [INFO] Loading placeholder [Marriage 1.0.2] ...
22/09/2018 21:39:49 [DEBUG] Loaded placeholder: plotsquared
22/09/2018 21:39:44 [DEBUG] Download location: C:\Users\patricia 1\Desktop\Survival Setup 17-08-2018\plugins\FeatherBoard\modules\javainfo.jar
22/09/2018 21:39:29 [INFO] Downloading placeholder [BungeeCord 1.0.1] ...
22/09/2018 21:39:29 [DEBUG] Download location: C:\Users\patricia 1\Desktop\Survival Setup 17-08-2018\plugins\FeatherBoard\modules\bukkit.jar
22/09/2018 21:39:45 [DEBUG] Downloading file: http://modules.mvdw-software.com/api/v1/moduleupdate/fa5e56ac-5b4c-4b18-94f2-9f9c98c0efc9/download?plugin=FeatherBoard&plugin-version=4.13.0&plugin-filehash=47300a15dc508e4c65137dc161a0f99f&plugin-nonce=-1491768596&plugin-asmhash=3cfd9b52cf838d82de97918bc9c37bb9&plugin-asmhash2=6ad810a9e7ba58d3db074625538c043d&plugin-filecount=403&plugin-user=23191&server-javaversion=1.8.0_181
22/09/2018 21:39:45 [INFO] Downloading placeholder [Memory 1.0.1] ...
22/09/2018 21:39:43 [INFO] Downloading placeholder [JavaInfo 1.0.1] ...
22/09/2018 21:39:47 [INFO] Downloading placeholder [Player 1.0.11] ...
22/09/2018 21:39:44 [DEBUG] Loaded placeholder: leaderheads
22/09/2018 21:39:44 [DEBUG] Output file is: C:\Users\patricia 1\Desktop\Survival Setup 17-08-2018\plugins\FeatherBoard\modules\marriage.jar
22/09/2018 21:39:43 [DEBUG] Output file is: C:\Users\patricia 1\Desktop\Survival Setup 17-08-2018\plugins\FeatherBoard\modules\javainfo.jar
22/09/2018 21:39:44 [DEBUG] Downloaded file to: C:\Users\patricia 1\Desktop\Survival Setup 17-08-2018\plugins\FeatherBoard\modules\leaderheads.jar
22/09/2018 21:39:43 [DEBUG] Loaded placeholder: hotbar
22/09/2018 21:39:59 [DEBUG] Downloaded file to: C:\Users\patricia 1\Desktop\Survival Setup 17-08-2018\plugins\FeatherBoard\modules\world.jar
22/09/2018 21:39:45 [DEBUG] Downloaded file to: C:\Users\patricia 1\Desktop\Survival Setup 17-08-2018\plugins\FeatherBoard\modules\marriage.jar
22/09/2018 21:39:43 [INFO] Loading placeholder [Hotbar 1.0.1] ...
22/09/2018 21:39:29 [INFO] Loading placeholder [Bukkit 1.0.5] ...
22/09/2018 21:39:49 [INFO] Loading placeholder [PlotSquared 1.0.1] ...
22/09/2018 21:39:45 [DEBUG] Download location: C:\Users\patricia 1\Desktop\Survival Setup 17-08-2018\plugins\FeatherBoard\modules\marriage.jar
22/09/2018 21:40:04 [DEBUG] 	Adding sub command 'toggle'
22/09/2018 21:39:44 [INFO] Downloading placeholder [LeaderHeads 2.0.9] ...
22/09/2018 21:39:45 [DEBUG] Downloaded file to: C:\Users\patricia 1\Desktop\Survival Setup 17-08-2018\plugins\FeatherBoard\modules\multiverse-core.jar
22/09/2018 21:39:48 [INFO] Downloading placeholder [PlotSquared 1.0.1] ...
22/09/2018 21:39:43 [DEBUG] Downloaded file to: C:\Users\patricia 1\Desktop\Survival Setup 17-08-2018\plugins\FeatherBoard\modules\hotbar.jar
22/09/2018 21:39:45 [DEBUG] Output file is: C:\Users\patricia 1\Desktop\Survival Setup 17-08-2018\plugins\FeatherBoard\modules\memory.jar
22/09/2018 21:39:41 [DEBUG] Downloaded file to: C:\Users\patricia 1\Desktop\Survival Setup 17-08-2018\plugins\FeatherBoard\modules\fireworkeffect.jar
22/09/2018 21:39:41 [DEBUG] Download location: C:\Users\patricia 1\Desktop\Survival Setup 17-08-2018\plugins\FeatherBoard\modules\fireworkeffect.jar
22/09/2018 21:39:45 [DEBUG] Downloaded file to: C:\Users\patricia 1\Desktop\Survival Setup 17-08-2018\plugins\FeatherBoard\modules\memory.jar
22/09/2018 21:39:28 [DEBUG] Downloading file: http://modules.mvdw-software.com/api/v1/moduleupdate/0da20ebe-8635-4c28-befc-6c3a24c9fdf9/download?plugin=FeatherBoard&plugin-version=4.13.0&plugin-filehash=47300a15dc508e4c65137dc161a0f99f&plugin-nonce=-1491768596&plugin-asmhash=3cfd9b52cf838d82de97918bc9c37bb9&plugin-asmhash2=6ad810a9e7ba58d3db074625538c043d&plugin-filecount=403&plugin-user=23191&server-javaversion=1.8.0_181
22/09/2018 21:39:41 [INFO] Loading placeholder [FireworkEffect 1.0.1] ...
22/09/2018 21:39:41 [DEBUG] Loaded placeholder: firework
22/09/2018 21:39:28 [DEBUG] Download location: C:\Users\patricia 1\Desktop\Survival Setup 17-08-2018\plugins\FeatherBoard\modules\armor.jar
22/09/2018 21:39:26 [INFO] 		Converting player-line1 ...
22/09/2018 21:39:41 [INFO] Downloading placeholder [Geographical 1.0.1] ...
22/09/2018 21:39:45 [INFO] Downloading placeholder [Multiverse-Core 1.0.1] ...
22/09/2018 21:39:41 [DEBUG] Output file is: C:\Users\patricia 1\Desktop\Survival Setup 17-08-2018\plugins\FeatherBoard\modules\geographical.jar
22/09/2018 21:39:41 [DEBUG] Downloading file: http://modules.mvdw-software.com/api/v1/moduleupdate/b69f2856-daba-4fa7-a405-14c3bf61c8cc/download?plugin=FeatherBoard&plugin-version=4.13.0&plugin-filehash=47300a15dc508e4c65137dc161a0f99f&plugin-nonce=-1491768596&plugin-asmhash=3cfd9b52cf838d82de97918bc9c37bb9&plugin-asmhash2=6ad810a9e7ba58d3db074625538c043d&plugin-filecount=403&plugin-user=23191&server-javaversion=1.8.0_181
22/09/2018 21:39:28 [DEBUG] Downloaded file to: C:\Users\patricia 1\Desktop\Survival Setup 17-08-2018\plugins\FeatherBoard\modules\armor.jar
22/09/2018 21:39:26 [DEBUG] 	Line: player-line1 Static: true
22/09/2018 21:39:41 [DEBUG] Download location: C:\Users\patricia 1\Desktop\Survival Setup 17-08-2018\plugins\FeatherBoard\modules\geographical.jar
22/09/2018 21:39:28 [INFO] Loading placeholder [Armor 1.0.1] ...
22/09/2018 21:39:42 [INFO] Loading placeholder [Geographical 1.0.1] ...
22/09/2018 21:39:29 [DEBUG] Loaded placeholder: armor
22/09/2018 21:39:43 [DEBUG] Output file is: C:\Users\patricia 1\Desktop\Survival Setup 17-08-2018\plugins\FeatherBoard\modules\hotbar.jar
22/09/2018 21:39:43 [DEBUG] Loaded placeholder: geographical
22/09/2018 21:39:26 [INFO] 		Converting player-line2 ...
22/09/2018 21:39:43 [INFO] Downloading placeholder [Hotbar 1.0.1] ...
22/09/2018 21:39:43 [DEBUG] Downloading file: http://modules.mvdw-software.com/api/v1/moduleupdate/ecbcb67f-3cdc-420f-a50f-66eb56d0351f/download?plugin=FeatherBoard&plugin-version=4.13.0&plugin-filehash=47300a15dc508e4c65137dc161a0f99f&plugin-nonce=-1491768596&plugin-asmhash=3cfd9b52cf838d82de97918bc9c37bb9&plugin-asmhash2=6ad810a9e7ba58d3db074625538c043d&plugin-filecount=403&plugin-user=23191&server-javaversion=1.8.0_181
22/09/2018 21:39:42 [DEBUG] Downloaded file to: C:\Users\patricia 1\Desktop\Survival Setup 17-08-2018\plugins\FeatherBoard\modules\geographical.jar
22/09/2018 21:39:29 [DEBUG] Output file is: C:\Users\patricia 1\Desktop\Survival Setup 17-08-2018\plugins\FeatherBoard\modules\bukkit.jar
22/09/2018 21:39:43 [DEBUG] Download location: C:\Users\patricia 1\Desktop\Survival Setup 17-08-2018\plugins\FeatherBoard\modules\hotbar.jar
22/09/2018 21:39:29 [INFO] Downloading placeholder [Bukkit 1.0.5] ...
22/09/2018 21:39:26 [INFO] 		Converting spacer-player3 ...
22/09/2018 21:39:29 [DEBUG] Output file is: C:\Users\patricia 1\Desktop\Survival Setup 17-08-2018\plugins\FeatherBoard\modules\bungeecord.jar
22/09/2018 21:39:30 [DEBUG] Download location: C:\Users\patricia 1\Desktop\Survival Setup 17-08-2018\plugins\FeatherBoard\modules\bungeecord.jar
22/09/2018 21:39:26 [DEBUG] 	Line: spacer-player3 Static: true
22/09/2018 21:39:44 [DEBUG] Download location: C:\Users\patricia 1\Desktop\Survival Setup 17-08-2018\plugins\FeatherBoard\modules\leaderheads.jar
22/09/2018 21:39:26 [INFO] 		Converting player-line5 ...
22/09/2018 21:39:30 [DEBUG] Downloading file: http://modules.mvdw-software.com/api/v1/moduleupdate/48c998b3-6d9a-446e-8138-55d80397067f/download?plugin=FeatherBoard&plugin-version=4.13.0&plugin-filehash=47300a15dc508e4c65137dc161a0f99f&plugin-nonce=-1491768596&plugin-asmhash=3cfd9b52cf838d82de97918bc9c37bb9&plugin-asmhash2=6ad810a9e7ba58d3db074625538c043d&plugin-filecount=403&plugin-user=23191&server-javaversion=1.8.0_181
22/09/2018 21:39:26 [INFO] 		Converting player-label2 ...
22/09/2018 21:39:30 [DEBUG] Downloaded file to: C:\Users\patricia 1\Desktop\Survival Setup 17-08-2018\plugins\FeatherBoard\modules\bungeecord.jar
22/09/2018 21:39:30 [DEBUG] Output file is: C:\Users\patricia 1\Desktop\Survival Setup 17-08-2018\plugins\FeatherBoard\modules\color.jar
22/09/2018 21:39:30 [INFO] Loading placeholder [BungeeCord 1.0.1] ...
22/09/2018 21:39:26 [DEBUG] 	Line: player-label2 Static: true
22/09/2018 21:39:45 [DEBUG] Downloading file: http://modules.mvdw-software.com/api/v1/moduleupdate/df725e8e-1895-4fc5-b930-c90f3eb30b7c/download?plugin=FeatherBoard&plugin-version=4.13.0&plugin-filehash=47300a15dc508e4c65137dc161a0f99f&plugin-nonce=-1491768596&plugin-asmhash=3cfd9b52cf838d82de97918bc9c37bb9&plugin-asmhash2=6ad810a9e7ba58d3db074625538c043d&plugin-filecount=403&plugin-user=23191&server-javaversion=1.8.0_181
22/09/2018 21:39:30 [DEBUG] Downloading file: http://modules.mvdw-software.com/api/v1/moduleupdate/af492a97-cde0-4e34-a80e-2f6bab4b9e3a/download?plugin=FeatherBoard&plugin-version=4.13.0&plugin-filehash=47300a15dc508e4c65137dc161a0f99f&plugin-nonce=-1491768596&plugin-asmhash=3cfd9b52cf838d82de97918bc9c37bb9&plugin-asmhash2=6ad810a9e7ba58d3db074625538c043d&plugin-filecount=403&plugin-user=23191&server-javaversion=1.8.0_181
22/09/2018 21:39:30 [DEBUG] Download location: C:\Users\patricia 1\Desktop\Survival Setup 17-08-2018\plugins\FeatherBoard\modules\color.jar
22/09/2018 21:39:45 [INFO] Loading placeholder [Memory 1.0.1] ...
22/09/2018 21:39:30 [INFO] Downloading placeholder [Color 1.0.1] ...
22/09/2018 21:39:26 [INFO] 		Converting player-line6 ...
22/09/2018 21:39:26 [INFO] 		Converting player-line31 ...
22/09/2018 21:39:31 [DEBUG] Output file is: C:\Users\patricia 1\Desktop\Survival Setup 17-08-2018\plugins\FeatherBoard\modules\compass placeholders.jar
22/09/2018 21:39:26 [DEBUG] 	Line: player-line5 Static: true
22/09/2018 21:39:32 [DEBUG] Output file is: C:\Users\patricia 1\Desktop\Survival Setup 17-08-2018\plugins\FeatherBoard\modules\economy.jar
22/09/2018 21:39:31 [DEBUG] Output file is: C:\Users\patricia 1\Desktop\Survival Setup 17-08-2018\plugins\FeatherBoard\modules\commandplaceholderpack.jar
22/09/2018 21:39:32 [DEBUG] Loaded placeholder: compass
22/09/2018 21:39:26 [INFO] 		Converting player-line7 ...
22/09/2018 21:39:26 [DEBUG] 	Line: player-line6 Static: true
22/09/2018 21:39:30 [DEBUG] Loaded placeholder: bungeecord
22/09/2018 21:39:31 [INFO] Loading placeholder [Color 1.0.1] ...
22/09/2018 21:39:31 [INFO] Downloading placeholder [Compass placeholders 1.0.1] ...
22/09/2018 21:39:32 [INFO] Downloading placeholder [Economy 1.0.1] ...
22/09/2018 21:39:26 [DEBUG] 	Line: spacer-player5 Static: true
22/09/2018 21:39:31 [INFO] Downloading placeholder [CommandPlaceholderPack 1.0.1] ...
22/09/2018 21:39:31 [DEBUG] Loaded placeholder: command
22/09/2018 21:39:46 [INFO] Downloading placeholder [PlaceholderAPI 1.0.1] ...
22/09/2018 21:39:31 [DEBUG] Downloaded file to: C:\Users\patricia 1\Desktop\Survival Setup 17-08-2018\plugins\FeatherBoard\modules\commandplaceholderpack.jar
22/09/2018 21:39:32 [DEBUG] Downloading file: http://modules.mvdw-software.com/api/v1/moduleupdate/55f47c7a-085b-409f-aa6a-2ad63fae89a9/download?plugin=FeatherBoard&plugin-version=4.13.0&plugin-filehash=47300a15dc508e4c65137dc161a0f99f&plugin-nonce=-1491768596&plugin-asmhash=3cfd9b52cf838d82de97918bc9c37bb9&plugin-asmhash2=6ad810a9e7ba58d3db074625538c043d&plugin-filecount=403&plugin-user=23191&server-javaversion=1.8.0_181
22/09/2018 21:39:31 [DEBUG] Downloading file: http://modules.mvdw-software.com/api/v1/moduleupdate/d84132d6-4053-482f-afcf-d568eea7f35d/download?plugin=FeatherBoard&plugin-version=4.13.0&plugin-filehash=47300a15dc508e4c65137dc161a0f99f&plugin-nonce=-1491768596&plugin-asmhash=3cfd9b52cf838d82de97918bc9c37bb9&plugin-asmhash2=6ad810a9e7ba58d3db074625538c043d&plugin-filecount=403&plugin-user=23191&server-javaversion=1.8.0_181
22/09/2018 21:39:45 [DEBUG] Loaded placeholder: multiverse
22/09/2018 21:39:26 [INFO] 		Converting spacer-player5 ...
22/09/2018 21:39:31 [DEBUG] Download location: C:\Users\patricia 1\Desktop\Survival Setup 17-08-2018\plugins\FeatherBoard\modules\commandplaceholderpack.jar
22/09/2018 21:39:32 [INFO] Loading placeholder [Compass placeholders 1.0.1] ...
22/09/2018 21:39:32 [DEBUG] Download location: C:\Users\patricia 1\Desktop\Survival Setup 17-08-2018\plugins\FeatherBoard\modules\compass placeholders.jar
22/09/2018 21:39:32 [DEBUG] Downloaded file to: C:\Users\patricia 1\Desktop\Survival Setup 17-08-2018\plugins\FeatherBoard\modules\compass placeholders.jar
22/09/2018 21:39:31 [DEBUG] Downloaded file to: C:\Users\patricia 1\Desktop\Survival Setup 17-08-2018\plugins\FeatherBoard\modules\color.jar
22/09/2018 21:39:31 [INFO] Loading placeholder [CommandPlaceholderPack 1.0.1] ...
22/09/2018 21:39:26 [DEBUG] 	Line: player-line7 Static: true
22/09/2018 21:39:31 [DEBUG] Loaded placeholder: color
22/09/2018 21:39:26 [DEBUG] 	Line: player-line31 Static: true
22/09/2018 21:39:26 [INFO] 		Converting spacer-player4 ...
22/09/2018 21:39:26 [DEBUG] 	Line: spacer-player4 Static: true
22/09/2018 21:40:34 [INFO] Fetching modules from server ...
22/09/2018 21:40:34 [INFO] Checking for module updates ...
