21/10/2018 15:15:33 [INFO] Loading messages ...
21/10/2018 15:15:33 [DEBUG] Loaded placeholder: CustomPlaceholders
21/10/2018 15:15:33 [DEBUG] Loaded placeholder: MySQL
21/10/2018 15:15:33 [INFO] Loading internal placeholders ...
21/10/2018 15:15:33 [INFO] Loading language file: lang_en
21/10/2018 15:15:35 [INFO] Loading placeholder [Bukkit] ...
21/10/2018 15:15:35 [INFO] Loading placeholder [Armor] ...
21/10/2018 15:15:33 [INFO] Loading placeholders and event triggers ...
21/10/2018 15:15:35 [DEBUG] Loaded placeholder: bungeecord
21/10/2018 15:15:35 [DEBUG] Loaded placeholder: color
21/10/2018 15:15:35 [INFO] Loading placeholder [Color] ...
21/10/2018 15:15:35 [INFO] Loading placeholder [CommandPlaceholderPack] ...
21/10/2018 15:15:35 [DEBUG] Loaded placeholder: command
21/10/2018 15:15:35 [DEBUG] Loaded placeholder: bukkit
21/10/2018 15:15:35 [INFO] Loading placeholder [Compass placeholders] ...
21/10/2018 15:15:35 [INFO] Loading placeholder [Economy] ...
21/10/2018 15:15:35 [DEBUG] Loaded placeholder: economy
21/10/2018 15:15:35 [INFO] Loading placeholder [Effects] ...
21/10/2018 15:15:33 [INFO] Fetching available placeholders from server ...
21/10/2018 15:15:35 [DEBUG] Loaded placeholder: playereffects
21/10/2018 15:15:35 [INFO] Loading placeholder [Entities] ...
21/10/2018 15:15:35 [INFO] Loading placeholder [Essentials] ...
21/10/2018 15:15:35 [DEBUG] Loaded placeholder: entities
21/10/2018 15:15:35 [DEBUG] Loaded placeholder: essentials
21/10/2018 15:15:35 [INFO] Loading placeholder [Facebook] ...
21/10/2018 15:15:37 [INFO] Loading placeholder [FireworkEffect] ...
21/10/2018 15:15:37 [DEBUG] Loaded placeholder: firework
21/10/2018 15:15:37 [INFO] Loading placeholder [Geographical] ...
21/10/2018 15:15:37 [DEBUG] Loaded placeholder: facebook
21/10/2018 15:15:37 [INFO] Loading placeholder [Hotbar] ...
21/10/2018 15:15:38 [DEBUG] Loaded placeholder: hotbar
21/10/2018 15:15:37 [DEBUG] Loaded placeholder: geographical
21/10/2018 15:15:38 [INFO] Loading placeholder [JavaInfo] ...
21/10/2018 15:15:38 [DEBUG] Loaded placeholder: java
21/10/2018 15:15:38 [DEBUG] Loaded placeholder: leaderheads
21/10/2018 15:15:38 [INFO] Loading placeholder [LeaderHeads] ...
21/10/2018 15:15:38 [INFO] Loading placeholder [Marriage] ...
21/10/2018 15:15:38 [INFO] Loading placeholder [Memory] ...
21/10/2018 15:15:38 [DEBUG] Loaded placeholder: memory
21/10/2018 15:15:38 [DEBUG] Loaded placeholder: marriage
21/10/2018 15:15:38 [DEBUG] Loaded placeholder: multiverse
21/10/2018 15:15:38 [INFO] Loading placeholder [Permissions] ...
21/10/2018 15:15:38 [INFO] Loading placeholder [Multiverse-Core] ...
21/10/2018 15:15:38 [DEBUG] Loaded placeholder: permissions
21/10/2018 15:15:38 [INFO] Loading placeholder [PlaceholderAPI] ...
21/10/2018 15:15:38 [DEBUG] Loaded placeholder: placeholderapi
21/10/2018 15:15:38 [INFO] Loading placeholder [Player] ...
21/10/2018 15:15:38 [DEBUG] Loaded placeholder: player
21/10/2018 15:15:38 [INFO] Loading placeholder [PlotSquared] ...
21/10/2018 15:15:38 [DEBUG] Loaded placeholder: plotsquared
21/10/2018 15:15:38 [INFO] Loading event hook: PlotSquared Plot ...
21/10/2018 15:15:38 [INFO] Loading event hook: PlotSquared Plot ...
21/10/2018 15:15:38 [INFO] Loading placeholder [Previous Names] ...
21/10/2018 15:15:38 [DEBUG] Loaded placeholder: previousnames
21/10/2018 15:15:35 [DEBUG] Loaded placeholder: armor
21/10/2018 15:15:38 [INFO] Loading placeholder [RedisBungee] ...
21/10/2018 15:15:38 [DEBUG] Loaded placeholder: redisbungee
21/10/2018 15:15:38 [INFO] Loading placeholder [ServerPinger] ...
21/10/2018 15:15:38 [DEBUG] Loaded placeholder: serverpinger
21/10/2018 15:15:38 [INFO] Loading placeholder [Sound Effects] ...
21/10/2018 15:15:38 [DEBUG] Loaded placeholder: sound
21/10/2018 15:15:39 [INFO] Loading placeholder [TicksPerSecond] ...
21/10/2018 15:15:39 [DEBUG] Loaded placeholder: tickspersecond
21/10/2018 15:15:39 [DEBUG] Loaded placeholder: statistics
21/10/2018 15:15:38 [INFO] Loading placeholder [Statistics] ...
21/10/2018 15:15:39 [INFO] Loading placeholder [Twitter] ...
21/10/2018 15:15:39 [DEBUG] Loaded placeholder: unicode
21/10/2018 15:15:39 [INFO] Loading placeholder [Unicode Characters] ...
21/10/2018 15:15:39 [DEBUG] Loaded placeholder: vanillaevents
21/10/2018 15:15:39 [INFO] Loading placeholder [VanillaEvents] ...
21/10/2018 15:15:39 [DEBUG] Loaded placeholder: twitter
21/10/2018 15:15:39 [INFO] Loading event hook: Vanilla Block break hook ...
21/10/2018 15:15:39 [INFO] Loading event hook: Vanilla Combat hook ...
21/10/2018 15:15:39 [INFO] Loading event hook: Vanilla Block place hook ...
21/10/2018 15:15:39 [INFO] Loading event hook: Vanilla player join ...
21/10/2018 15:15:39 [INFO] Loading event hook: Vanilla player rejoin ...
21/10/2018 15:15:39 [INFO] Loading event hook: Vanilla Death hook ...
21/10/2018 15:15:39 [INFO] Loading event hook: Vanilla Create portal hook ...
21/10/2018 15:15:39 [INFO] Loading event hook: Vanilla player first join ...
21/10/2018 15:15:39 [INFO] Loading event hook: Vanilla Combat hook ...
21/10/2018 15:15:39 [INFO] Loading event hook: Vanilla Block place hook ...
21/10/2018 15:15:39 [INFO] Loading event hook: Vanilla Block break hook ...
21/10/2018 15:15:39 [INFO] Loading event hook: Vanilla player rejoin ...
21/10/2018 15:15:39 [INFO] Loading event hook: Vanilla player join ...
21/10/2018 15:15:39 [INFO] Loading event hook: Vanilla Death hook ...
21/10/2018 15:15:39 [INFO] Loading event hook: Vanilla player first join ...
21/10/2018 15:15:39 [INFO] Loading placeholder [World] ...
21/10/2018 15:15:39 [INFO] Loading event hook: Vanilla Create portal hook ...
21/10/2018 15:15:39 [DEBUG] Loaded placeholder: world
21/10/2018 15:15:39 [INFO] Loading placeholder [WorldGuard] ...
21/10/2018 15:15:39 [DEBUG] Loaded placeholder: worldguard
21/10/2018 15:15:39 [INFO] Loading event hook: WorldGuard Region ...
21/10/2018 15:15:39 [INFO] Loading event hook: WorldGuard Region ...
21/10/2018 15:15:39 [INFO] Checking for placeholder updates ...
21/10/2018 15:15:39 [INFO] Loaded 2963 of the 2963 placholders
21/10/2018 15:15:40 [INFO] Loading custom effect 'example1' ...
21/10/2018 15:15:40 [INFO] Creating new custom effect: example1
21/10/2018 15:15:40 [INFO] Creating new custom effect: example2
21/10/2018 15:15:40 [INFO] Loading custom effect 'example2' ...
21/10/2018 15:15:40 [INFO] Loading custom effect 'example3' ...
21/10/2018 15:15:40 [INFO] Creating new custom effect: example3
21/10/2018 15:15:41 [DEBUG]  - Server supports Team color
21/10/2018 15:15:41 [DEBUG]  - Server supports Objective entries
21/10/2018 15:15:41 [DEBUG] Using SCOREBOARD v7
21/10/2018 15:15:41 [INFO] Using OPTIMAL as the update strategy
21/10/2018 15:15:41 [DEBUG]  - Server supports Team entries
21/10/2018 15:15:41 [INFO] Loading scoreboard 'default' ...
21/10/2018 15:15:41 [DEBUG] 	Line: spacer-player1 Static: true
21/10/2018 15:15:41 [DEBUG] 	Line: title Static: false
21/10/2018 15:15:41 [DEBUG] 	Line: player-label1 Static: true
21/10/2018 15:15:41 [DEBUG] 	Line: spacer-player2 Static: false
21/10/2018 15:15:41 [DEBUG] 	Line: player-line1 Static: false
21/10/2018 15:15:41 [DEBUG] 	Line: player-line3 Static: false
21/10/2018 15:15:41 [DEBUG] 	Line: player-line2 Static: false
21/10/2018 15:15:41 [DEBUG] 	Line: player-line5 Static: false
21/10/2018 15:15:41 [DEBUG] 	Line: spacer-player3 Static: true
21/10/2018 15:15:41 [DEBUG] 	Line: player-label2 Static: true
21/10/2018 15:15:41 [DEBUG] 	Line: player-line6 Static: false
21/10/2018 15:15:41 [DEBUG] 	Line: player-line7 Static: true
21/10/2018 15:15:41 [DEBUG] 	Line: spacer-player5 Static: true
21/10/2018 15:15:41 [DEBUG] 	Line: player-line31 Static: false
21/10/2018 15:15:41 [INFO] Generating metrics information ...
21/10/2018 15:15:41 [DEBUG] 	Line: spacer-player4 Static: true
21/10/2018 15:15:41 [DEBUG] 	Line: footer Static: false
21/10/2018 15:15:41 [INFO] Added 'PERMISSION' as the default scoreboard assign method
21/10/2018 15:15:41 [DEBUG] Scoreboards groups sorted by priority:
21/10/2018 15:15:41 [DEBUG] 	default - 0
21/10/2018 15:15:43 [DEBUG] 	Adding sub command 'on'
21/10/2018 15:15:43 [DEBUG] 	Adding sub command 'permissions'
21/10/2018 15:15:43 [DEBUG] 	Adding sub command 'debug'
21/10/2018 15:15:43 [DEBUG] 	Adding sub command 'reload'
21/10/2018 15:15:43 [DEBUG] 	Adding sub command 'reload'
21/10/2018 15:15:43 [DEBUG] 	Adding sub command 'hide'
21/10/2018 15:15:43 [DEBUG] 	Adding sub command 'show'
21/10/2018 15:15:43 [DEBUG] 	Adding sub command 'removescoreboard'
21/10/2018 15:15:43 [DEBUG] 	Adding sub command 'createscoreboard'
21/10/2018 15:15:43 [DEBUG] 	Adding sub command 'remove'
21/10/2018 15:15:43 [DEBUG] 	Adding sub command 'info'
21/10/2018 15:15:43 [DEBUG] 	Adding sub command 'about'
21/10/2018 15:15:43 [DEBUG] 	Adding sub command 'modules'
21/10/2018 15:15:35 [INFO] Loading placeholder [BungeeCord] ...
21/10/2018 15:15:43 [DEBUG] 	Adding sub command 'module'
21/10/2018 15:15:43 [DEBUG] 	Adding sub command 'editsetting'
21/10/2018 15:15:45 [DEBUG] Refreshing group 'default' for new custom placeholder 'crazycrates_me.badbones69.crazycrates.api.objects.crate@1c137db7'
21/10/2018 15:15:45 [DEBUG] Refreshing group 'default' for new custom placeholder 'crazycrates_me.badbones69.crazycrates.api.objects.crate@1c137db7_total'
21/10/2018 15:15:45 [DEBUG] Refreshing group 'default' for new custom placeholder 'crazycrates_me.badbones69.crazycrates.api.objects.crate@617afdbd_physical'
21/10/2018 15:15:45 [DEBUG] Refreshing group 'default' for new custom placeholder 'crazycrates_me.badbones69.crazycrates.api.objects.crate@617afdbd_total'
21/10/2018 15:15:45 [DEBUG] Refreshing group 'default' for new custom placeholder 'crazycrates_me.badbones69.crazycrates.api.objects.crate@617afdbd'
21/10/2018 15:15:45 [DEBUG] Refreshing group 'default' for new custom placeholder 'crazycrates_me.badbones69.crazycrates.api.objects.crate@1ec127c2_physical'
21/10/2018 15:15:43 [DEBUG] 	Adding sub command 'add'
21/10/2018 15:15:45 [DEBUG] Refreshing group 'default' for new custom placeholder 'crazycrates_me.badbones69.crazycrates.api.objects.crate@e39c45d_physical'
21/10/2018 15:15:43 [DEBUG] 	Adding sub command 'parse'
21/10/2018 15:15:45 [DEBUG] Refreshing group 'default' for new custom placeholder 'crazycrates_me.badbones69.crazycrates.api.objects.crate@1ec127c2_total'
21/10/2018 15:15:45 [DEBUG] Refreshing group 'default' for new custom placeholder 'crazycrates_me.badbones69.crazycrates.api.objects.crate@e39c45d'
21/10/2018 15:15:43 [DEBUG] 	Adding sub command 'off'
21/10/2018 15:15:42 [MESSAGE] &5[&9FeatherBoard&5] &aYour version is up to date!
21/10/2018 15:15:43 [DEBUG] 	Adding sub command 'placeholders'
21/10/2018 15:15:43 [DEBUG] 	Adding sub command 'gui'
21/10/2018 15:15:43 [DEBUG] 	Adding sub command 'toggle'
21/10/2018 15:15:43 [INFO] Toggle persistence is disabled!
21/10/2018 15:15:35 [DEBUG] Loaded placeholder: compass
21/10/2018 15:15:45 [DEBUG] Refreshing group 'default' for new custom placeholder 'crazycrates_me.badbones69.crazycrates.api.objects.crate@576c7cbb_physical'
21/10/2018 15:15:45 [DEBUG] Refreshing group 'default' for new custom placeholder 'crazycrates_me.badbones69.crazycrates.api.objects.crate@576c7cbb_total'
21/10/2018 15:15:45 [DEBUG] Refreshing group 'default' for new custom placeholder 'crazycrates_me.badbones69.crazycrates.api.objects.crate@576c7cbb'
21/10/2018 15:15:45 [DEBUG] Refreshing group 'default' for new custom placeholder 'crazycrates_me.badbones69.crazycrates.api.objects.crate@1ec127c2'
21/10/2018 15:15:43 [INFO] Adding command 'featherboard'
21/10/2018 15:15:43 [DEBUG] 	Adding sub command 'help'
21/10/2018 15:15:43 [DEBUG] 	Adding sub command 'generatebbcode'
21/10/2018 15:15:45 [DEBUG] Refreshing group 'default' for new custom placeholder 'crazycrates_me.badbones69.crazycrates.api.objects.crate@1c137db7_physical'
21/10/2018 15:15:45 [DEBUG] Refreshing group 'default' for new custom placeholder 'crazycrates_me.badbones69.crazycrates.api.objects.crate@e39c45d_total'
21/10/2018 15:17:36 [INFO] Fetching modules from server ...
21/10/2018 15:17:36 [INFO] Checking for module updates ...
