27/10/2018 15:37:03 [INFO] Loading event hook: PlotSquared Plot ...
27/10/2018 15:37:02 [DEBUG] Loaded placeholder: placeholderapi
27/10/2018 15:37:02 [INFO] Loading placeholder [Player] ...
27/10/2018 15:37:03 [DEBUG] Loaded placeholder: plotsquared
27/10/2018 15:37:03 [INFO] Loading event hook: PlotSquared Plot ...
27/10/2018 15:37:03 [DEBUG] Loaded placeholder: player
27/10/2018 15:37:03 [INFO] Loading placeholder [RedisBungee] ...
27/10/2018 15:36:57 [INFO] Loading placeholder [Essentials] ...
27/10/2018 15:37:03 [INFO] Loading placeholder [PlotSquared] ...
27/10/2018 15:37:03 [INFO] Loading placeholder [ServerPinger] ...
27/10/2018 15:37:04 [DEBUG] Loaded placeholder: statistics
27/10/2018 15:36:54 [DEBUG] Loaded placeholder: CustomPlaceholders
27/10/2018 15:37:01 [DEBUG] Loaded placeholder: facebook
27/10/2018 15:37:02 [INFO] Loading placeholder [PlaceholderAPI] ...
27/10/2018 15:37:03 [INFO] Loading placeholder [Sound Effects] ...
27/10/2018 15:36:55 [INFO] Loading placeholder [Armor] ...
27/10/2018 15:36:56 [INFO] Loading placeholder [BungeeCord] ...
27/10/2018 15:37:02 [DEBUG] Loaded placeholder: permissions
27/10/2018 15:37:04 [INFO] Loading event hook: Vanilla player rejoin ...
27/10/2018 15:37:04 [INFO] Loading placeholder [TicksPerSecond] ...
27/10/2018 15:37:04 [INFO] Loading event hook: Vanilla Death hook ...
27/10/2018 15:36:53 [INFO] Loading language file: lang_en
27/10/2018 15:37:04 [INFO] Loading event hook: Vanilla player join ...
27/10/2018 15:36:53 [INFO] Loading placeholders and event triggers ...
27/10/2018 15:36:54 [INFO] Fetching available placeholders from server ...
27/10/2018 15:36:53 [INFO] Loading internal placeholders ...
27/10/2018 15:36:53 [INFO] Loading messages ...
27/10/2018 15:36:54 [DEBUG] Loaded placeholder: MySQL
27/10/2018 15:36:56 [DEBUG] Loaded placeholder: bukkit
27/10/2018 15:36:55 [DEBUG] Loaded placeholder: armor
27/10/2018 15:37:02 [DEBUG] Loaded placeholder: hotbar
27/10/2018 15:36:55 [INFO] Loading placeholder [Bukkit] ...
27/10/2018 15:37:02 [INFO] Loading placeholder [Permissions] ...
27/10/2018 15:37:02 [INFO] Loading placeholder [LeaderHeads] ...
27/10/2018 15:37:02 [DEBUG] Loaded placeholder: memory
27/10/2018 15:37:02 [INFO] Loading placeholder [Marriage] ...
27/10/2018 15:36:56 [INFO] Loading placeholder [Compass placeholders] ...
27/10/2018 15:36:57 [INFO] Loading placeholder [Facebook] ...
27/10/2018 15:37:01 [INFO] Loading placeholder [Geographical] ...
27/10/2018 15:36:56 [INFO] Loading placeholder [CommandPlaceholderPack] ...
27/10/2018 15:36:56 [INFO] Loading placeholder [Economy] ...
27/10/2018 15:37:02 [INFO] Loading placeholder [Multiverse-Core] ...
27/10/2018 15:37:01 [INFO] Loading placeholder [FireworkEffect] ...
27/10/2018 15:36:57 [INFO] Loading placeholder [Entities] ...
27/10/2018 15:36:56 [DEBUG] Loaded placeholder: color
27/10/2018 15:36:57 [DEBUG] Loaded placeholder: playereffects
27/10/2018 15:36:56 [DEBUG] Loaded placeholder: bungeecord
27/10/2018 15:37:02 [INFO] Loading placeholder [Memory] ...
27/10/2018 15:36:56 [INFO] Loading placeholder [Effects] ...
27/10/2018 15:37:02 [DEBUG] Loaded placeholder: leaderheads
27/10/2018 15:37:01 [DEBUG] Loaded placeholder: geographical
27/10/2018 15:37:02 [DEBUG] Loaded placeholder: marriage
27/10/2018 15:36:57 [DEBUG] Loaded placeholder: entities
27/10/2018 15:36:56 [INFO] Loading placeholder [Color] ...
27/10/2018 15:37:02 [INFO] Loading placeholder [JavaInfo] ...
27/10/2018 15:37:01 [DEBUG] Loaded placeholder: firework
27/10/2018 15:37:02 [DEBUG] Loaded placeholder: java
27/10/2018 15:37:01 [INFO] Loading placeholder [Hotbar] ...
27/10/2018 15:36:57 [DEBUG] Loaded placeholder: essentials
27/10/2018 15:36:56 [DEBUG] Loaded placeholder: compass
27/10/2018 15:36:56 [DEBUG] Loaded placeholder: command
27/10/2018 15:37:04 [INFO] Loading event hook: Vanilla player join ...
27/10/2018 15:37:02 [DEBUG] Loaded placeholder: multiverse
27/10/2018 15:37:04 [INFO] Loading event hook: Vanilla player rejoin ...
27/10/2018 15:37:04 [INFO] Loading event hook: Vanilla Block break hook ...
27/10/2018 15:37:04 [INFO] Loading event hook: Vanilla Block place hook ...
27/10/2018 15:37:04 [INFO] Loading event hook: Vanilla Combat hook ...
27/10/2018 15:36:56 [DEBUG] Loaded placeholder: economy
27/10/2018 15:37:04 [INFO] Loading event hook: Vanilla Create portal hook ...
27/10/2018 15:37:04 [INFO] Loading event hook: Vanilla Death hook ...
27/10/2018 15:37:03 [INFO] Loading placeholder [Previous Names] ...
27/10/2018 15:37:04 [INFO] Loading event hook: Vanilla player first join ...
27/10/2018 15:37:04 [INFO] Loading placeholder [World] ...
27/10/2018 15:37:04 [DEBUG] Loaded placeholder: world
27/10/2018 15:37:04 [INFO] Loading placeholder [WorldGuard] ...
27/10/2018 15:37:05 [DEBUG] Loaded placeholder: worldguard
27/10/2018 15:37:05 [INFO] Loading event hook: WorldGuard Region ...
27/10/2018 15:37:05 [INFO] Loading event hook: WorldGuard Region ...
27/10/2018 15:37:05 [INFO] Checking for placeholder updates ...
27/10/2018 15:37:05 [INFO] Loaded 2963 of the 2963 placholders
27/10/2018 15:37:07 [INFO] Loading custom effect 'example1' ...
27/10/2018 15:37:07 [INFO] Creating new custom effect: example1
27/10/2018 15:37:07 [INFO] Loading custom effect 'example2' ...
27/10/2018 15:37:07 [INFO] Creating new custom effect: example2
27/10/2018 15:37:08 [INFO] Loading custom effect 'example3' ...
27/10/2018 15:37:08 [INFO] Creating new custom effect: example3
27/10/2018 15:37:08 [DEBUG]  - Server supports Team color
27/10/2018 15:37:08 [DEBUG]  - Server supports Objective entries
27/10/2018 15:37:08 [DEBUG]  - Server supports Team entries
27/10/2018 15:37:08 [DEBUG] Using SCOREBOARD v7
27/10/2018 15:37:10 [INFO] Using OPTIMAL as the update strategy
27/10/2018 15:37:10 [INFO] Loading scoreboard 'default' ...
27/10/2018 15:37:10 [DEBUG] 	Line: title Static: false
27/10/2018 15:37:10 [DEBUG] 	Line: spacer-player1 Static: true
27/10/2018 15:37:10 [DEBUG] 	Line: player-label1 Static: true
27/10/2018 15:37:10 [DEBUG] 	Line: spacer-player2 Static: false
27/10/2018 15:37:10 [DEBUG] 	Line: player-line1 Static: false
27/10/2018 15:37:10 [DEBUG] 	Line: player-line2 Static: false
27/10/2018 15:37:10 [DEBUG] 	Line: player-line3 Static: false
27/10/2018 15:37:10 [DEBUG] 	Line: spacer-player3 Static: true
27/10/2018 15:37:10 [DEBUG] 	Line: player-label2 Static: true
27/10/2018 15:37:10 [DEBUG] 	Line: player-line5 Static: false
27/10/2018 15:37:10 [DEBUG] 	Line: player-line6 Static: false
27/10/2018 15:37:10 [DEBUG] 	Line: player-line7 Static: true
27/10/2018 15:37:10 [DEBUG] 	Line: spacer-player5 Static: true
27/10/2018 15:37:10 [DEBUG] 	Line: spacer-player4 Static: true
27/10/2018 15:37:10 [DEBUG] 	Line: player-line31 Static: false
27/10/2018 15:37:10 [DEBUG] 	Line: footer Static: false
27/10/2018 15:37:10 [DEBUG] Scoreboards groups sorted by priority:
27/10/2018 15:37:10 [DEBUG] 	default - 0
27/10/2018 15:37:10 [INFO] Added 'PERMISSION' as the default scoreboard assign method
27/10/2018 15:37:10 [INFO] Generating metrics information ...
27/10/2018 15:37:13 [MESSAGE] &5[&9FeatherBoard&5] &aYour version is up to date!
27/10/2018 15:37:14 [INFO] Toggle persistence is disabled!
27/10/2018 15:37:15 [INFO] Adding command 'featherboard'
27/10/2018 15:37:15 [DEBUG] 	Adding sub command 'toggle'
27/10/2018 15:37:15 [DEBUG] 	Adding sub command 'on'
27/10/2018 15:37:15 [DEBUG] 	Adding sub command 'gui'
27/10/2018 15:37:15 [DEBUG] 	Adding sub command 'off'
27/10/2018 15:37:15 [DEBUG] 	Adding sub command 'placeholders'
27/10/2018 15:37:15 [DEBUG] 	Adding sub command 'debug'
27/10/2018 15:37:15 [DEBUG] 	Adding sub command 'reload'
27/10/2018 15:37:15 [DEBUG] 	Adding sub command 'permissions'
27/10/2018 15:37:15 [DEBUG] 	Adding sub command 'about'
27/10/2018 15:37:15 [DEBUG] 	Adding sub command 'help'
27/10/2018 15:37:15 [DEBUG] 	Adding sub command 'reload'
27/10/2018 15:37:15 [DEBUG] 	Adding sub command 'generatebbcode'
27/10/2018 15:37:15 [DEBUG] 	Adding sub command 'parse'
27/10/2018 15:37:15 [DEBUG] 	Adding sub command 'show'
27/10/2018 15:37:15 [DEBUG] 	Adding sub command 'hide'
27/10/2018 15:37:15 [DEBUG] 	Adding sub command 'editsetting'
27/10/2018 15:37:15 [DEBUG] 	Adding sub command 'removescoreboard'
27/10/2018 15:37:15 [DEBUG] 	Adding sub command 'createscoreboard'
27/10/2018 15:37:15 [DEBUG] 	Adding sub command 'modules'
27/10/2018 15:37:15 [DEBUG] 	Adding sub command 'info'
27/10/2018 15:37:15 [DEBUG] 	Adding sub command 'add'
27/10/2018 15:37:15 [DEBUG] 	Adding sub command 'remove'
27/10/2018 15:37:15 [DEBUG] 	Adding sub command 'module'
27/10/2018 15:37:18 [DEBUG] Refreshing group 'default' for new custom placeholder 'crazycrates_me.badbones69.crazycrates.api.objects.crate@591234fe'
27/10/2018 15:37:04 [INFO] Loading event hook: Vanilla Block break hook ...
27/10/2018 15:37:04 [DEBUG] Loaded placeholder: vanillaevents
27/10/2018 15:37:04 [INFO] Loading placeholder [Unicode Characters] ...
27/10/2018 15:37:04 [DEBUG] Loaded placeholder: tickspersecond
27/10/2018 15:37:04 [DEBUG] Loaded placeholder: unicode
27/10/2018 15:37:04 [INFO] Loading placeholder [Twitter] ...
27/10/2018 15:37:04 [INFO] Loading placeholder [VanillaEvents] ...
27/10/2018 15:37:04 [DEBUG] Loaded placeholder: twitter
27/10/2018 15:37:03 [INFO] Loading placeholder [Statistics] ...
27/10/2018 15:37:03 [DEBUG] Loaded placeholder: sound
27/10/2018 15:37:04 [INFO] Loading event hook: Vanilla Combat hook ...
27/10/2018 15:37:04 [INFO] Loading event hook: Vanilla player first join ...
27/10/2018 15:37:18 [DEBUG] Refreshing group 'default' for new custom placeholder 'crazycrates_me.badbones69.crazycrates.api.objects.crate@3aefc689_physical'
27/10/2018 15:37:18 [DEBUG] Refreshing group 'default' for new custom placeholder 'crazycrates_me.badbones69.crazycrates.api.objects.crate@4a60cd99'
27/10/2018 15:37:18 [DEBUG] Refreshing group 'default' for new custom placeholder 'crazycrates_me.badbones69.crazycrates.api.objects.crate@3aefc689_total'
27/10/2018 15:37:03 [DEBUG] Loaded placeholder: redisbungee
27/10/2018 15:37:18 [DEBUG] Refreshing group 'default' for new custom placeholder 'crazycrates_me.badbones69.crazycrates.api.objects.crate@3aefc689'
27/10/2018 15:37:18 [DEBUG] Refreshing group 'default' for new custom placeholder 'crazycrates_me.badbones69.crazycrates.api.objects.crate@4a60cd99_total'
27/10/2018 15:37:18 [DEBUG] Refreshing group 'default' for new custom placeholder 'crazycrates_me.badbones69.crazycrates.api.objects.crate@3ebfa63e_total'
27/10/2018 15:37:03 [DEBUG] Loaded placeholder: previousnames
27/10/2018 15:37:18 [DEBUG] Refreshing group 'default' for new custom placeholder 'crazycrates_me.badbones69.crazycrates.api.objects.crate@3ebfa63e_physical'
27/10/2018 15:37:04 [INFO] Loading event hook: Vanilla Create portal hook ...
27/10/2018 15:37:04 [INFO] Loading event hook: Vanilla Block place hook ...
27/10/2018 15:37:18 [DEBUG] Refreshing group 'default' for new custom placeholder 'crazycrates_me.badbones69.crazycrates.api.objects.crate@4a60cd99_physical'
27/10/2018 15:37:18 [DEBUG] Refreshing group 'default' for new custom placeholder 'crazycrates_me.badbones69.crazycrates.api.objects.crate@3ebfa63e'
27/10/2018 15:37:18 [DEBUG] Refreshing group 'default' for new custom placeholder 'crazycrates_me.badbones69.crazycrates.api.objects.crate@1a01bc98_total'
27/10/2018 15:37:18 [DEBUG] Refreshing group 'default' for new custom placeholder 'crazycrates_me.badbones69.crazycrates.api.objects.crate@591234fe_physical'
27/10/2018 15:37:18 [DEBUG] Refreshing group 'default' for new custom placeholder 'crazycrates_me.badbones69.crazycrates.api.objects.crate@591234fe_total'
27/10/2018 15:37:18 [DEBUG] Refreshing group 'default' for new custom placeholder 'crazycrates_me.badbones69.crazycrates.api.objects.crate@1a01bc98'
27/10/2018 15:37:18 [DEBUG] Refreshing group 'default' for new custom placeholder 'crazycrates_me.badbones69.crazycrates.api.objects.crate@1a01bc98_physical'
27/10/2018 15:37:03 [DEBUG] Loaded placeholder: serverpinger
27/10/2018 15:40:03 [INFO] Checking for module updates ...
27/10/2018 15:40:03 [INFO] Fetching modules from server ...
27/10/2018 15:46:12 [MESSAGE] &8/&afb debug &f- Debug of FeatherBoard
27/10/2018 15:46:12 [MESSAGE] &8/&afb gui &f- Show the scoreboard GUI
27/10/2018 15:46:12 [MESSAGE] &8/&afb off &f- Toggle the scoreboard off
27/10/2018 15:46:12 [MESSAGE] &8/&afb about &f- About the plugin
27/10/2018 15:46:12 [MESSAGE] &8/&afb reload &f- Reload the plugin
27/10/2018 15:46:12 [MESSAGE] &8/&afb placeholders &f- Placeholder list
27/10/2018 15:46:12 [MESSAGE] &8/&afb toggle &f- Toggle the scoreboard
27/10/2018 15:46:12 [MESSAGE] &8/&afb permissions &f- Show the permissions of the plugin
27/10/2018 15:46:12 [MESSAGE] &8/&afb on &f- Toggle the scoreboard on
27/10/2018 15:46:40 [INFO] Loading configuration ...
27/10/2018 15:46:40 [INFO] Loading messages ...
27/10/2018 15:46:40 [INFO] Loading language file: lang_en
27/10/2018 15:46:40 [INFO] Checking for module updates ...
27/10/2018 15:46:40 [INFO] Fetching modules from server ...
27/10/2018 15:46:41 [INFO] Loading placeholders and event triggers ...
27/10/2018 15:46:49 [DEBUG] Loaded placeholder: world
27/10/2018 15:46:49 [INFO] Loading event hook: WorldGuard Region ...
27/10/2018 15:46:49 [INFO] Loading event hook: WorldGuard Region ...
27/10/2018 15:46:49 [INFO] Checking for placeholder updates ...
27/10/2018 15:46:49 [INFO] Loaded 3338 of the 3338 placholders
27/10/2018 15:46:49 [INFO] Loading custom effect 'example1' ...
27/10/2018 15:46:49 [INFO] Creating new custom effect: example1
27/10/2018 15:46:49 [INFO] Loading custom effect 'example2' ...
27/10/2018 15:46:49 [INFO] Loading custom effect 'example3' ...
27/10/2018 15:46:49 [INFO] Creating new custom effect: example3
27/10/2018 15:46:49 [DEBUG]  - Server supports Team color
27/10/2018 15:46:49 [DEBUG]  - Server supports Objective entries
27/10/2018 15:46:49 [DEBUG]  - Server supports Team entries
27/10/2018 15:46:49 [DEBUG] Using SCOREBOARD v7
27/10/2018 15:46:52 [INFO] Using OPTIMAL as the update strategy
27/10/2018 15:46:52 [INFO] Loading scoreboard 'default' ...
27/10/2018 15:46:52 [DEBUG] 	Line: title Static: false
27/10/2018 15:46:52 [DEBUG] 	Line: spacer-player1 Static: true
27/10/2018 15:46:52 [DEBUG] 	Line: player-label1 Static: true
27/10/2018 15:46:52 [DEBUG] 	Line: spacer-player2 Static: false
27/10/2018 15:46:52 [DEBUG] 	Line: player-line1 Static: false
27/10/2018 15:46:52 [DEBUG] 	Line: player-line2 Static: false
27/10/2018 15:46:52 [DEBUG] 	Line: player-line3 Static: false
27/10/2018 15:46:52 [DEBUG] 	Line: spacer-player3 Static: true
27/10/2018 15:46:52 [DEBUG] 	Line: player-label2 Static: true
27/10/2018 15:46:52 [DEBUG] 	Line: player-line5 Static: false
27/10/2018 15:46:52 [DEBUG] 	Line: player-line6 Static: false
27/10/2018 15:46:52 [DEBUG] 	Line: player-line7 Static: true
27/10/2018 15:46:52 [DEBUG] 	Line: spacer-player5 Static: true
27/10/2018 15:46:52 [DEBUG] 	Line: player-line31 Static: false
27/10/2018 15:46:52 [DEBUG] 	Line: spacer-player4 Static: true
27/10/2018 15:46:52 [DEBUG] 	Line: footer Static: false
27/10/2018 15:46:52 [DEBUG] Scoreboards groups sorted by priority:
27/10/2018 15:46:52 [DEBUG] 	default - 0
27/10/2018 15:46:52 [INFO] Added 'PERMISSION' as the default scoreboard assign method
27/10/2018 15:46:41 [INFO] Loading internal placeholders ...
27/10/2018 15:46:49 [DEBUG] Loaded placeholder: worldguard
27/10/2018 15:46:49 [INFO] Loading placeholder [World] ...
27/10/2018 15:46:49 [INFO] Loading placeholder [WorldGuard] ...
27/10/2018 15:46:49 [INFO] Loading event hook: Vanilla Death hook ...
27/10/2018 15:46:49 [INFO] Loading event hook: Vanilla player first join ...
27/10/2018 15:46:49 [INFO] Loading event hook: Vanilla player join ...
27/10/2018 15:46:49 [INFO] Loading event hook: Vanilla Create portal hook ...
27/10/2018 15:46:49 [INFO] Loading event hook: Vanilla Block break hook ...
27/10/2018 15:46:49 [INFO] Loading event hook: Vanilla player first join ...
27/10/2018 15:46:49 [INFO] Loading event hook: Vanilla player rejoin ...
27/10/2018 15:46:49 [INFO] Loading event hook: Vanilla Combat hook ...
27/10/2018 15:46:49 [INFO] Loading event hook: Vanilla player join ...
27/10/2018 15:46:49 [INFO] Loading event hook: Vanilla Death hook ...
27/10/2018 15:46:49 [INFO] Loading event hook: Vanilla Create portal hook ...
27/10/2018 15:46:49 [INFO] Loading event hook: Vanilla Block break hook ...
27/10/2018 15:46:49 [INFO] Loading event hook: Vanilla Block place hook ...
27/10/2018 15:46:49 [INFO] Loading event hook: Vanilla player rejoin ...
27/10/2018 15:46:49 [INFO] Loading event hook: Vanilla Combat hook ...
27/10/2018 15:46:47 [DEBUG] Loaded placeholder: sound
27/10/2018 15:46:49 [DEBUG] Loaded placeholder: unicode
27/10/2018 15:46:47 [INFO] Loading placeholder [Statistics] ...
27/10/2018 15:46:48 [DEBUG] Loaded placeholder: statistics
27/10/2018 15:46:49 [INFO] Loading placeholder [VanillaEvents] ...
27/10/2018 15:46:48 [INFO] Loading placeholder [TicksPerSecond] ...
27/10/2018 15:46:48 [DEBUG] Loaded placeholder: twitter
27/10/2018 15:46:48 [DEBUG] Loaded placeholder: tickspersecond
27/10/2018 15:46:48 [INFO] Loading placeholder [Twitter] ...
27/10/2018 15:46:49 [DEBUG] Loaded placeholder: vanillaevents
27/10/2018 15:46:48 [INFO] Loading placeholder [Unicode Characters] ...
27/10/2018 15:46:47 [INFO] Loading placeholder [Sound Effects] ...
27/10/2018 15:46:47 [DEBUG] Loaded placeholder: serverpinger
27/10/2018 15:46:47 [DEBUG] Loaded placeholder: redisbungee
27/10/2018 15:46:47 [INFO] Loading placeholder [RedisBungee] ...
27/10/2018 15:46:47 [DEBUG] Loaded placeholder: previousnames
27/10/2018 15:46:47 [INFO] Loading placeholder [Previous Names] ...
27/10/2018 15:46:47 [INFO] Loading event hook: PlotSquared Plot ...
27/10/2018 15:46:47 [DEBUG] Loaded placeholder: plotsquared
27/10/2018 15:46:47 [INFO] Loading event hook: PlotSquared Plot ...
27/10/2018 15:46:47 [INFO] Loading placeholder [PlotSquared] ...
27/10/2018 15:46:47 [DEBUG] Loaded placeholder: player
27/10/2018 15:46:46 [INFO] Loading placeholder [Player] ...
27/10/2018 15:46:46 [DEBUG] Loaded placeholder: placeholderapi
27/10/2018 15:46:46 [INFO] Loading placeholder [PlaceholderAPI] ...
27/10/2018 15:46:46 [DEBUG] Loaded placeholder: permissions
27/10/2018 15:46:46 [INFO] Loading placeholder [Permissions] ...
27/10/2018 15:46:46 [DEBUG] Loaded placeholder: multiverse
27/10/2018 15:46:46 [INFO] Loading placeholder [Multiverse-Core] ...
27/10/2018 15:46:46 [DEBUG] Loaded placeholder: memory
27/10/2018 15:46:46 [INFO] Loading placeholder [Memory] ...
27/10/2018 15:46:46 [DEBUG] Loaded placeholder: marriage
27/10/2018 15:46:46 [INFO] Loading placeholder [Marriage] ...
27/10/2018 15:46:46 [DEBUG] Loaded placeholder: leaderheads
27/10/2018 15:46:46 [INFO] Loading placeholder [LeaderHeads] ...
27/10/2018 15:46:46 [DEBUG] Loaded placeholder: java
27/10/2018 15:46:46 [INFO] Loading placeholder [JavaInfo] ...
27/10/2018 15:46:46 [DEBUG] Loaded placeholder: hotbar
27/10/2018 15:46:46 [INFO] Loading placeholder [Hotbar] ...
27/10/2018 15:46:46 [DEBUG] Loaded placeholder: geographical
27/10/2018 15:46:45 [INFO] Loading placeholder [Geographical] ...
27/10/2018 15:46:45 [DEBUG] Loaded placeholder: firework
27/10/2018 15:46:45 [INFO] Loading placeholder [FireworkEffect] ...
27/10/2018 15:46:45 [DEBUG] Loaded placeholder: facebook
27/10/2018 15:46:43 [INFO] Loading placeholder [Facebook] ...
27/10/2018 15:46:43 [DEBUG] Loaded placeholder: essentials
27/10/2018 15:46:43 [INFO] Loading placeholder [Entities] ...
27/10/2018 15:46:43 [DEBUG] Loaded placeholder: playereffects
27/10/2018 15:46:43 [INFO] Loading placeholder [Essentials] ...
27/10/2018 15:46:43 [DEBUG] Loaded placeholder: entities
27/10/2018 15:46:43 [INFO] Loading placeholder [Effects] ...
27/10/2018 15:46:43 [DEBUG] Loaded placeholder: economy
27/10/2018 15:46:43 [INFO] Loading placeholder [Economy] ...
27/10/2018 15:46:43 [DEBUG] Loaded placeholder: compass
27/10/2018 15:46:43 [INFO] Loading placeholder [Compass placeholders] ...
27/10/2018 15:46:43 [DEBUG] Loaded placeholder: command
27/10/2018 15:46:43 [INFO] Loading placeholder [CommandPlaceholderPack] ...
27/10/2018 15:46:43 [DEBUG] Loaded placeholder: color
27/10/2018 15:46:43 [INFO] Loading placeholder [Color] ...
27/10/2018 15:46:43 [INFO] Loading placeholder [BungeeCord] ...
27/10/2018 15:46:43 [DEBUG] Loaded placeholder: bukkit
27/10/2018 15:46:42 [INFO] Loading placeholder [Bukkit] ...
27/10/2018 15:46:42 [DEBUG] Loaded placeholder: armor
27/10/2018 15:46:42 [INFO] Loading placeholder [Armor] ...
27/10/2018 15:46:41 [INFO] Fetching available placeholders from server ...
27/10/2018 15:46:41 [DEBUG] Loaded placeholder: MySQL
27/10/2018 15:46:49 [INFO] Creating new custom effect: example2
27/10/2018 15:46:41 [DEBUG] Loaded placeholder: CustomPlaceholders
27/10/2018 15:46:49 [INFO] Loading event hook: Vanilla Block place hook ...
27/10/2018 15:46:43 [DEBUG] Loaded placeholder: bungeecord
27/10/2018 15:46:47 [INFO] Loading placeholder [ServerPinger] ...
27/10/2018 15:49:55 [INFO] Loading configuration ...
27/10/2018 15:49:55 [INFO] Loading language file: lang_en
27/10/2018 15:49:55 [INFO] Loading messages ...
27/10/2018 15:49:55 [INFO] Fetching modules from server ...
27/10/2018 15:49:55 [INFO] Checking for module updates ...
27/10/2018 15:49:56 [INFO] Loading placeholders and event triggers ...
27/10/2018 15:49:56 [INFO] Loading internal placeholders ...
27/10/2018 15:49:56 [INFO] Fetching available placeholders from server ...
27/10/2018 15:49:56 [DEBUG] Loaded placeholder: MySQL
27/10/2018 15:49:56 [DEBUG] Loaded placeholder: CustomPlaceholders
27/10/2018 15:49:57 [INFO] Loading placeholder [Armor] ...
27/10/2018 15:49:57 [DEBUG] Loaded placeholder: armor
27/10/2018 15:49:57 [INFO] Loading placeholder [Bukkit] ...
27/10/2018 15:49:57 [DEBUG] Loaded placeholder: bukkit
27/10/2018 15:49:57 [INFO] Loading placeholder [BungeeCord] ...
27/10/2018 15:49:57 [INFO] Loading placeholder [Color] ...
27/10/2018 15:49:57 [INFO] Loading placeholder [CommandPlaceholderPack] ...
27/10/2018 15:49:57 [DEBUG] Loaded placeholder: color
27/10/2018 15:49:57 [DEBUG] Loaded placeholder: bungeecord
27/10/2018 15:49:57 [INFO] Loading placeholder [Compass placeholders] ...
27/10/2018 15:49:57 [DEBUG] Loaded placeholder: command
27/10/2018 15:49:57 [DEBUG] Loaded placeholder: compass
27/10/2018 15:49:57 [INFO] Loading placeholder [Economy] ...
27/10/2018 15:49:57 [INFO] Loading placeholder [Effects] ...
27/10/2018 15:49:57 [DEBUG] Loaded placeholder: economy
27/10/2018 15:49:57 [DEBUG] Loaded placeholder: playereffects
27/10/2018 15:49:57 [INFO] Loading placeholder [Entities] ...
27/10/2018 15:49:57 [DEBUG] Loaded placeholder: entities
27/10/2018 15:49:57 [INFO] Loading placeholder [Essentials] ...
27/10/2018 15:49:57 [DEBUG] Loaded placeholder: essentials
27/10/2018 15:49:57 [INFO] Loading placeholder [Facebook] ...
27/10/2018 15:50:00 [INFO] Loading placeholder [FireworkEffect] ...
27/10/2018 15:50:00 [DEBUG] Loaded placeholder: facebook
27/10/2018 15:50:00 [DEBUG] Loaded placeholder: firework
27/10/2018 15:50:00 [INFO] Loading placeholder [Geographical] ...
27/10/2018 15:50:00 [INFO] Loading placeholder [Hotbar] ...
27/10/2018 15:50:00 [DEBUG] Loaded placeholder: geographical
27/10/2018 15:50:00 [DEBUG] Loaded placeholder: hotbar
27/10/2018 15:50:00 [INFO] Loading placeholder [JavaInfo] ...
27/10/2018 15:50:00 [DEBUG] Loaded placeholder: java
27/10/2018 15:50:00 [INFO] Loading placeholder [LeaderHeads] ...
27/10/2018 15:50:00 [INFO] Loading placeholder [Marriage] ...
27/10/2018 15:50:00 [DEBUG] Loaded placeholder: leaderheads
27/10/2018 15:50:00 [INFO] Loading placeholder [Memory] ...
27/10/2018 15:50:00 [DEBUG] Loaded placeholder: marriage
27/10/2018 15:50:00 [DEBUG] Loaded placeholder: memory
27/10/2018 15:50:00 [INFO] Loading placeholder [Multiverse-Core] ...
27/10/2018 15:50:00 [DEBUG] Loaded placeholder: multiverse
27/10/2018 15:50:00 [INFO] Loading placeholder [Permissions] ...
27/10/2018 15:50:01 [INFO] Loading placeholder [PlaceholderAPI] ...
27/10/2018 15:50:01 [DEBUG] Loaded placeholder: permissions
27/10/2018 15:50:01 [INFO] Loading placeholder [Player] ...
27/10/2018 15:50:01 [DEBUG] Loaded placeholder: placeholderapi
27/10/2018 15:50:02 [DEBUG] Loaded placeholder: player
27/10/2018 15:50:02 [INFO] Loading placeholder [PlotSquared] ...
27/10/2018 15:50:02 [DEBUG] Loaded placeholder: plotsquared
27/10/2018 15:50:02 [INFO] Loading event hook: PlotSquared Plot ...
27/10/2018 15:50:02 [INFO] Loading event hook: PlotSquared Plot ...
27/10/2018 15:50:02 [DEBUG] Loaded placeholder: previousnames
27/10/2018 15:50:02 [INFO] Loading placeholder [Previous Names] ...
27/10/2018 15:50:02 [INFO] Loading placeholder [RedisBungee] ...
27/10/2018 15:50:02 [DEBUG] Loaded placeholder: redisbungee
27/10/2018 15:50:02 [INFO] Loading placeholder [ServerPinger] ...
27/10/2018 15:50:02 [DEBUG] Loaded placeholder: serverpinger
27/10/2018 15:50:02 [INFO] Loading placeholder [Sound Effects] ...
27/10/2018 15:50:03 [DEBUG] Loaded placeholder: sound
27/10/2018 15:50:03 [INFO] Loading placeholder [Statistics] ...
27/10/2018 15:50:03 [DEBUG] Loaded placeholder: statistics
27/10/2018 15:50:03 [DEBUG] Loaded placeholder: tickspersecond
27/10/2018 15:50:04 [DEBUG] Loaded placeholder: twitter
27/10/2018 15:50:03 [INFO] Loading placeholder [Twitter] ...
27/10/2018 15:50:03 [INFO] Loading placeholder [TicksPerSecond] ...
27/10/2018 15:50:04 [INFO] Loading placeholder [Unicode Characters] ...
27/10/2018 15:50:04 [INFO] Loading placeholder [VanillaEvents] ...
27/10/2018 15:50:04 [DEBUG] Loaded placeholder: unicode
27/10/2018 15:50:04 [INFO] Loading event hook: Vanilla Combat hook ...
27/10/2018 15:50:04 [INFO] Loading event hook: Vanilla Block break hook ...
27/10/2018 15:50:04 [INFO] Loading event hook: Vanilla Block place hook ...
27/10/2018 15:50:04 [DEBUG] Loaded placeholder: vanillaevents
27/10/2018 15:50:04 [INFO] Loading event hook: Vanilla player rejoin ...
27/10/2018 15:50:04 [INFO] Loading event hook: Vanilla player join ...
27/10/2018 15:50:04 [INFO] Loading event hook: Vanilla Death hook ...
27/10/2018 15:50:04 [INFO] Loading event hook: Vanilla Create portal hook ...
27/10/2018 15:50:04 [INFO] Loading event hook: Vanilla player first join ...
27/10/2018 15:50:04 [INFO] Loading event hook: Vanilla Combat hook ...
27/10/2018 15:50:04 [INFO] Loading event hook: Vanilla player rejoin ...
27/10/2018 15:50:04 [INFO] Loading event hook: Vanilla Block break hook ...
27/10/2018 15:50:04 [INFO] Loading event hook: Vanilla Block place hook ...
27/10/2018 15:50:04 [INFO] Loading event hook: Vanilla player join ...
27/10/2018 15:50:04 [INFO] Loading event hook: Vanilla Death hook ...
27/10/2018 15:50:04 [INFO] Loading event hook: Vanilla Create portal hook ...
27/10/2018 15:50:04 [INFO] Loading event hook: Vanilla player first join ...
27/10/2018 15:50:04 [INFO] Loading placeholder [World] ...
27/10/2018 15:50:04 [DEBUG] Loaded placeholder: world
27/10/2018 15:50:04 [INFO] Loading placeholder [WorldGuard] ...
27/10/2018 15:50:04 [DEBUG] Loaded placeholder: worldguard
27/10/2018 15:50:04 [INFO] Loading event hook: WorldGuard Region ...
27/10/2018 15:50:04 [INFO] Loading event hook: WorldGuard Region ...
27/10/2018 15:50:04 [INFO] Checking for placeholder updates ...
27/10/2018 15:50:04 [INFO] Loaded 3338 of the 3338 placholders
27/10/2018 15:50:04 [INFO] Creating new custom effect: example1
27/10/2018 15:50:04 [INFO] Loading custom effect 'example1' ...
27/10/2018 15:50:04 [INFO] Creating new custom effect: example2
27/10/2018 15:50:04 [INFO] Loading custom effect 'example2' ...
27/10/2018 15:50:04 [INFO] Loading custom effect 'example3' ...
27/10/2018 15:50:04 [INFO] Creating new custom effect: example3
27/10/2018 15:50:04 [DEBUG]  - Server supports Team color
27/10/2018 15:50:04 [DEBUG]  - Server supports Objective entries
27/10/2018 15:50:04 [DEBUG] Using SCOREBOARD v7
27/10/2018 15:50:06 [INFO] Loading scoreboard 'default' ...
27/10/2018 15:50:06 [INFO] Using OPTIMAL as the update strategy
27/10/2018 15:50:06 [DEBUG] 	Line: title Static: false
27/10/2018 15:50:06 [DEBUG] 	Line: spacer-player1 Static: true
27/10/2018 15:50:06 [DEBUG] 	Line: player-label1 Static: true
27/10/2018 15:50:06 [DEBUG] 	Line: spacer-player2 Static: false
27/10/2018 15:50:06 [DEBUG] 	Line: player-line1 Static: false
27/10/2018 15:50:06 [DEBUG] 	Line: spacer-player3 Static: true
27/10/2018 15:50:06 [DEBUG] 	Line: player-line2 Static: false
27/10/2018 15:50:06 [DEBUG] 	Line: player-line3 Static: false
27/10/2018 15:50:06 [DEBUG] 	Line: player-line5 Static: false
27/10/2018 15:50:06 [DEBUG] 	Line: player-label2 Static: true
27/10/2018 15:50:06 [DEBUG] 	Line: player-line6 Static: false
27/10/2018 15:50:06 [DEBUG] 	Line: spacer-player5 Static: true
27/10/2018 15:50:06 [DEBUG] 	Line: player-line7 Static: true
27/10/2018 15:50:06 [DEBUG] 	Line: player-line31 Static: false
27/10/2018 15:50:06 [DEBUG] 	Line: spacer-player4 Static: true
27/10/2018 15:50:06 [DEBUG] 	Line: footer Static: false
27/10/2018 15:50:06 [DEBUG] Scoreboards groups sorted by priority:
27/10/2018 15:50:06 [DEBUG] 	default - 0
27/10/2018 15:50:06 [INFO] Added 'PERMISSION' as the default scoreboard assign method
27/10/2018 15:50:04 [DEBUG]  - Server supports Team entries
