26/10/2018 18:49:23 [INFO] Loading messages ...
26/10/2018 18:49:23 [INFO] Loading language file: lang_en
26/10/2018 18:49:23 [INFO] Loading internal placeholders ...
26/10/2018 18:49:23 [INFO] Loading placeholders and event triggers ...
26/10/2018 18:49:23 [DEBUG] Loaded placeholder: CustomPlaceholders
26/10/2018 18:49:26 [DEBUG] Loaded placeholder: armor
26/10/2018 18:49:23 [DEBUG] Loaded placeholder: MySQL
26/10/2018 18:49:23 [INFO] Fetching available placeholders from server ...
26/10/2018 18:49:26 [INFO] Loading placeholder [BungeeCord] ...
26/10/2018 18:49:26 [DEBUG] Loaded placeholder: command
26/10/2018 18:49:26 [DEBUG] Loaded placeholder: color
26/10/2018 18:49:26 [INFO] Loading placeholder [CommandPlaceholderPack] ...
26/10/2018 18:49:26 [DEBUG] Loaded placeholder: bungeecord
26/10/2018 18:49:29 [DEBUG] Loaded placeholder: placeholderapi
26/10/2018 18:49:28 [INFO] Loading placeholder [Multiverse-Core] ...
26/10/2018 18:49:29 [INFO] Loading placeholder [Player] ...
26/10/2018 18:49:29 [DEBUG] Loaded placeholder: permissions
26/10/2018 18:49:30 [INFO] Loading placeholder [PlotSquared] ...
26/10/2018 18:49:30 [INFO] Loading event hook: PlotSquared Plot ...
26/10/2018 18:49:30 [INFO] Loading placeholder [ServerPinger] ...
26/10/2018 18:49:30 [INFO] Loading event hook: PlotSquared Plot ...
26/10/2018 18:49:30 [INFO] Loading placeholder [Previous Names] ...
26/10/2018 18:49:30 [INFO] Loading placeholder [Statistics] ...
26/10/2018 18:49:31 [DEBUG] Loaded placeholder: twitter
26/10/2018 18:49:30 [DEBUG] Loaded placeholder: serverpinger
26/10/2018 18:49:31 [INFO] Loading placeholder [Unicode Characters] ...
26/10/2018 18:49:31 [INFO] Loading event hook: Vanilla Block break hook ...
26/10/2018 18:49:31 [INFO] Loading placeholder [VanillaEvents] ...
26/10/2018 18:49:30 [INFO] Loading placeholder [TicksPerSecond] ...
26/10/2018 18:49:31 [INFO] Loading event hook: Vanilla player rejoin ...
26/10/2018 18:49:31 [INFO] Loading event hook: Vanilla player first join ...
26/10/2018 18:49:31 [DEBUG] Loaded placeholder: worldguard
26/10/2018 18:49:31 [INFO] Loading event hook: Vanilla Create portal hook ...
26/10/2018 18:49:31 [INFO] Loading placeholder [WorldGuard] ...
26/10/2018 18:49:31 [INFO] Loading event hook: WorldGuard Region ...
26/10/2018 18:49:31 [INFO] Checking for placeholder updates ...
26/10/2018 18:49:26 [INFO] Loading placeholder [Bukkit] ...
26/10/2018 18:49:26 [DEBUG] Loaded placeholder: bukkit
26/10/2018 18:49:32 [INFO] Loading custom effect 'example3' ...
26/10/2018 18:49:32 [INFO] Creating new custom effect: example3
26/10/2018 18:49:33 [DEBUG]  - Server supports Team entries
26/10/2018 18:49:33 [DEBUG]  - Server supports Team color
26/10/2018 18:49:33 [DEBUG]  - Server supports Objective entries
26/10/2018 18:49:33 [DEBUG] Using SCOREBOARD v7
26/10/2018 18:49:33 [DEBUG] 	Line: player-label1 Static: true
26/10/2018 18:49:32 [INFO] Creating new custom effect: example2
26/10/2018 18:49:33 [DEBUG] 	Line: title Static: false
26/10/2018 18:49:33 [DEBUG] 	Line: spacer-player2 Static: false
26/10/2018 18:49:33 [INFO] Loading scoreboard 'default' ...
26/10/2018 18:49:31 [INFO] Loading event hook: Vanilla Combat hook ...
26/10/2018 18:49:31 [INFO] Loading event hook: Vanilla Create portal hook ...
26/10/2018 18:49:31 [INFO] Loading event hook: Vanilla player rejoin ...
26/10/2018 18:49:31 [INFO] Loading event hook: Vanilla player join ...
26/10/2018 18:49:31 [INFO] Loading event hook: Vanilla Block place hook ...
26/10/2018 18:49:31 [INFO] Loading event hook: Vanilla player join ...
26/10/2018 18:49:31 [INFO] Loading event hook: Vanilla Death hook ...
26/10/2018 18:49:31 [INFO] Loading event hook: Vanilla Death hook ...
26/10/2018 18:49:31 [DEBUG] Loaded placeholder: unicode
26/10/2018 18:49:31 [INFO] Loading event hook: Vanilla Block place hook ...
26/10/2018 18:49:31 [INFO] Loading event hook: Vanilla player first join ...
26/10/2018 18:49:33 [DEBUG] Scoreboards groups sorted by priority:
26/10/2018 18:49:32 [INFO] Loading custom effect 'example2' ...
26/10/2018 18:49:33 [DEBUG] 	Line: player-line2 Static: false
26/10/2018 18:49:31 [INFO] Loading event hook: Vanilla Block break hook ...
26/10/2018 18:49:32 [INFO] Creating new custom effect: example1
26/10/2018 18:49:31 [INFO] Loading event hook: WorldGuard Region ...
26/10/2018 18:49:31 [INFO] Loading event hook: Vanilla Combat hook ...
26/10/2018 18:49:32 [INFO] Loading custom effect 'example1' ...
26/10/2018 18:49:31 [DEBUG] Loaded placeholder: world
26/10/2018 18:49:31 [INFO] Loaded 2963 of the 2963 placholders
26/10/2018 18:49:31 [INFO] Loading placeholder [World] ...
26/10/2018 18:49:33 [DEBUG] 	Line: footer Static: false
26/10/2018 18:49:37 [DEBUG] 	Adding sub command 'on'
26/10/2018 18:49:30 [INFO] Loading placeholder [Twitter] ...
26/10/2018 18:49:37 [DEBUG] 	Adding sub command 'gui'
26/10/2018 18:49:33 [DEBUG] 	default - 0
26/10/2018 18:49:33 [DEBUG] 	Line: spacer-player3 Static: true
26/10/2018 18:49:33 [DEBUG] 	Line: player-line5 Static: false
26/10/2018 18:49:33 [DEBUG] 	Line: player-label2 Static: true
26/10/2018 18:49:33 [DEBUG] 	Line: player-line6 Static: false
26/10/2018 18:49:31 [DEBUG] Loaded placeholder: vanillaevents
26/10/2018 18:49:28 [INFO] Loading placeholder [JavaInfo] ...
26/10/2018 18:49:28 [INFO] Loading placeholder [Hotbar] ...
26/10/2018 18:49:30 [DEBUG] Loaded placeholder: plotsquared
26/10/2018 18:49:28 [DEBUG] Loaded placeholder: memory
26/10/2018 18:49:28 [DEBUG] Loaded placeholder: multiverse
26/10/2018 18:49:28 [INFO] Loading placeholder [Memory] ...
26/10/2018 18:49:28 [INFO] Loading placeholder [Permissions] ...
26/10/2018 18:49:28 [INFO] Loading placeholder [Marriage] ...
26/10/2018 18:49:28 [DEBUG] Loaded placeholder: hotbar
26/10/2018 18:49:28 [DEBUG] Loaded placeholder: leaderheads
26/10/2018 18:49:28 [DEBUG] Loaded placeholder: java
26/10/2018 18:49:27 [DEBUG] Loaded placeholder: facebook
26/10/2018 18:49:28 [DEBUG] Loaded placeholder: geographical
26/10/2018 18:49:28 [DEBUG] Loaded placeholder: firework
26/10/2018 18:49:27 [INFO] Loading placeholder [FireworkEffect] ...
26/10/2018 18:49:26 [DEBUG] Loaded placeholder: essentials
26/10/2018 18:49:26 [DEBUG] Loaded placeholder: entities
26/10/2018 18:49:26 [INFO] Loading placeholder [Entities] ...
26/10/2018 18:49:26 [INFO] Loading placeholder [Effects] ...
26/10/2018 18:49:26 [DEBUG] Loaded placeholder: economy
26/10/2018 18:49:26 [INFO] Loading placeholder [Economy] ...
26/10/2018 18:49:26 [DEBUG] Loaded placeholder: compass
26/10/2018 18:49:26 [INFO] Loading placeholder [Compass placeholders] ...
26/10/2018 18:49:33 [INFO] Using OPTIMAL as the update strategy
26/10/2018 18:49:33 [DEBUG] 	Line: spacer-player1 Static: true
26/10/2018 18:49:25 [INFO] Loading placeholder [Armor] ...
26/10/2018 18:49:26 [INFO] Loading placeholder [Essentials] ...
26/10/2018 18:49:37 [DEBUG] 	Adding sub command 'debug'
26/10/2018 18:49:33 [DEBUG] 	Line: player-line1 Static: false
26/10/2018 18:49:37 [DEBUG] 	Adding sub command 'placeholders'
26/10/2018 18:49:37 [DEBUG] 	Adding sub command 'reload'
26/10/2018 18:49:37 [DEBUG] 	Adding sub command 'permissions'
26/10/2018 18:49:33 [DEBUG] 	Line: player-line3 Static: false
26/10/2018 18:49:37 [DEBUG] 	Adding sub command 'about'
26/10/2018 18:49:37 [DEBUG] 	Adding sub command 'help'
26/10/2018 18:49:37 [DEBUG] 	Adding sub command 'reload'
26/10/2018 18:49:37 [DEBUG] 	Adding sub command 'generatebbcode'
26/10/2018 18:49:37 [DEBUG] 	Adding sub command 'parse'
26/10/2018 18:49:37 [DEBUG] 	Adding sub command 'show'
26/10/2018 18:49:37 [DEBUG] 	Adding sub command 'hide'
26/10/2018 18:49:37 [DEBUG] 	Adding sub command 'editsetting'
26/10/2018 18:49:37 [DEBUG] 	Adding sub command 'removescoreboard'
26/10/2018 18:49:37 [DEBUG] 	Adding sub command 'createscoreboard'
26/10/2018 18:49:37 [DEBUG] 	Adding sub command 'modules'
26/10/2018 18:49:37 [DEBUG] 	Adding sub command 'info'
26/10/2018 18:49:37 [DEBUG] 	Adding sub command 'remove'
26/10/2018 18:49:37 [DEBUG] 	Adding sub command 'add'
26/10/2018 18:49:37 [DEBUG] 	Adding sub command 'module'
26/10/2018 18:49:30 [DEBUG] Loaded placeholder: previousnames
26/10/2018 18:49:30 [DEBUG] Loaded placeholder: player
26/10/2018 18:49:30 [DEBUG] Loaded placeholder: statistics
26/10/2018 18:49:30 [INFO] Loading placeholder [Sound Effects] ...
26/10/2018 18:49:39 [DEBUG] Refreshing group 'default' for new custom placeholder 'crazycrates_me.badbones69.crazycrates.api.objects.crate@5006d5a2'
26/10/2018 18:49:26 [INFO] Loading placeholder [Color] ...
26/10/2018 18:49:28 [DEBUG] Loaded placeholder: marriage
26/10/2018 18:49:26 [INFO] Loading placeholder [Facebook] ...
26/10/2018 18:49:28 [INFO] Loading placeholder [Geographical] ...
26/10/2018 18:49:39 [DEBUG] Refreshing group 'default' for new custom placeholder 'crazycrates_me.badbones69.crazycrates.api.objects.crate@7a397c25_total'
26/10/2018 18:49:28 [INFO] Loading placeholder [LeaderHeads] ...
26/10/2018 18:49:30 [INFO] Loading placeholder [RedisBungee] ...
26/10/2018 18:49:37 [DEBUG] 	Adding sub command 'toggle'
26/10/2018 18:49:29 [INFO] Loading placeholder [PlaceholderAPI] ...
26/10/2018 18:49:26 [DEBUG] Loaded placeholder: playereffects
26/10/2018 18:49:33 [INFO] Generating metrics information ...
26/10/2018 18:49:33 [DEBUG] 	Line: spacer-player4 Static: true
26/10/2018 18:49:39 [DEBUG] Refreshing group 'default' for new custom placeholder 'crazycrates_me.badbones69.crazycrates.api.objects.crate@7a397c25_physical'
26/10/2018 18:49:39 [DEBUG] Refreshing group 'default' for new custom placeholder 'crazycrates_me.badbones69.crazycrates.api.objects.crate@5006d5a2_physical'
26/10/2018 18:49:35 [MESSAGE] &5[&9FeatherBoard&5] &aYour version is up to date!
26/10/2018 18:49:33 [DEBUG] 	Line: player-line7 Static: true
26/10/2018 18:49:33 [DEBUG] 	Line: player-line31 Static: false
26/10/2018 18:49:36 [INFO] Toggle persistence is disabled!
26/10/2018 18:49:33 [DEBUG] 	Line: spacer-player5 Static: true
26/10/2018 18:49:33 [INFO] Added 'PERMISSION' as the default scoreboard assign method
26/10/2018 18:49:30 [DEBUG] Loaded placeholder: tickspersecond
26/10/2018 18:49:39 [DEBUG] Refreshing group 'default' for new custom placeholder 'crazycrates_me.badbones69.crazycrates.api.objects.crate@5e67db84'
26/10/2018 18:49:39 [DEBUG] Refreshing group 'default' for new custom placeholder 'crazycrates_me.badbones69.crazycrates.api.objects.crate@5e67db84_total'
26/10/2018 18:49:39 [DEBUG] Refreshing group 'default' for new custom placeholder 'crazycrates_me.badbones69.crazycrates.api.objects.crate@6fc1b33d_total'
26/10/2018 18:49:39 [DEBUG] Refreshing group 'default' for new custom placeholder 'crazycrates_me.badbones69.crazycrates.api.objects.crate@5e67db84_physical'
26/10/2018 18:49:39 [DEBUG] Refreshing group 'default' for new custom placeholder 'crazycrates_me.badbones69.crazycrates.api.objects.crate@6fc1b33d'
26/10/2018 18:49:39 [DEBUG] Refreshing group 'default' for new custom placeholder 'crazycrates_me.badbones69.crazycrates.api.objects.crate@16351907'
26/10/2018 18:49:39 [DEBUG] Refreshing group 'default' for new custom placeholder 'crazycrates_me.badbones69.crazycrates.api.objects.crate@5006d5a2_total'
26/10/2018 18:49:39 [DEBUG] Refreshing group 'default' for new custom placeholder 'crazycrates_me.badbones69.crazycrates.api.objects.crate@6fc1b33d_physical'
26/10/2018 18:49:39 [DEBUG] Refreshing group 'default' for new custom placeholder 'crazycrates_me.badbones69.crazycrates.api.objects.crate@16351907_total'
26/10/2018 18:49:39 [DEBUG] Refreshing group 'default' for new custom placeholder 'crazycrates_me.badbones69.crazycrates.api.objects.crate@7a397c25'
26/10/2018 18:49:30 [DEBUG] Loaded placeholder: redisbungee
26/10/2018 18:49:37 [DEBUG] 	Adding sub command 'off'
26/10/2018 18:49:37 [INFO] Adding command 'featherboard'
26/10/2018 18:49:39 [DEBUG] Refreshing group 'default' for new custom placeholder 'crazycrates_me.badbones69.crazycrates.api.objects.crate@16351907_physical'
26/10/2018 18:49:30 [DEBUG] Loaded placeholder: sound
26/10/2018 18:51:21 [INFO] Checking for module updates ...
26/10/2018 18:51:21 [INFO] Fetching modules from server ...
