27/09/2018 20:41:02 [INFO] Loading messages ...
27/09/2018 20:41:02 [INFO] Loading language file: lang_en
27/09/2018 20:41:02 [DEBUG] Loaded placeholder: CustomPlaceholders
27/09/2018 20:41:02 [INFO] Loading placeholders and event triggers ...
27/09/2018 20:41:02 [DEBUG] Loaded placeholder: MySQL
27/09/2018 20:41:03 [INFO] Loading placeholder [Armor] ...
27/09/2018 20:41:02 [INFO] Loading internal placeholders ...
27/09/2018 20:41:02 [INFO] Fetching available placeholders from server ...
27/09/2018 20:41:03 [INFO] Loading placeholder [BungeeCord] ...
27/09/2018 20:41:03 [DEBUG] Loaded placeholder: bukkit
27/09/2018 20:41:03 [INFO] Loading placeholder [Bukkit] ...
27/09/2018 20:41:03 [DEBUG] Loaded placeholder: color
27/09/2018 20:41:03 [DEBUG] Loaded placeholder: command
27/09/2018 20:41:03 [INFO] Loading placeholder [CommandPlaceholderPack] ...
27/09/2018 20:41:03 [INFO] Loading placeholder [Color] ...
27/09/2018 20:41:03 [DEBUG] Loaded placeholder: bungeecord
27/09/2018 20:41:03 [DEBUG] Loaded placeholder: armor
27/09/2018 20:41:03 [INFO] Loading placeholder [Economy] ...
27/09/2018 20:41:03 [DEBUG] Loaded placeholder: economy
27/09/2018 20:41:03 [INFO] Loading placeholder [Essentials] ...
27/09/2018 20:41:03 [INFO] Loading placeholder [Effects] ...
27/09/2018 20:41:03 [DEBUG] Loaded placeholder: playereffects
27/09/2018 20:41:03 [DEBUG] Loaded placeholder: compass
27/09/2018 20:41:03 [INFO] Loading placeholder [Compass placeholders] ...
27/09/2018 20:41:09 [DEBUG] Loaded placeholder: geographical
27/09/2018 20:41:03 [DEBUG] Loaded placeholder: entities
27/09/2018 20:41:09 [DEBUG] Loaded placeholder: firework
27/09/2018 20:41:03 [INFO] Loading placeholder [Entities] ...
27/09/2018 20:41:09 [INFO] Loading placeholder [Geographical] ...
27/09/2018 20:41:09 [INFO] Loading placeholder [FireworkEffect] ...
27/09/2018 20:41:09 [DEBUG] Loaded placeholder: facebook
27/09/2018 20:41:03 [INFO] Loading placeholder [Facebook] ...
27/09/2018 20:41:09 [INFO] Loading placeholder [Memory] ...
27/09/2018 20:41:09 [DEBUG] Loaded placeholder: java
27/09/2018 20:41:09 [DEBUG] Loaded placeholder: marriage
27/09/2018 20:41:09 [INFO] Loading placeholder [LeaderHeads] ...
27/09/2018 20:41:09 [DEBUG] Loaded placeholder: leaderheads
27/09/2018 20:41:09 [INFO] Loading placeholder [Marriage] ...
27/09/2018 20:41:09 [INFO] Loading placeholder [JavaInfo] ...
27/09/2018 20:41:09 [DEBUG] Loaded placeholder: hotbar
27/09/2018 20:41:09 [INFO] Loading placeholder [Hotbar] ...
27/09/2018 20:41:14 [DEBUG] Loaded placeholder: player
27/09/2018 20:41:09 [DEBUG] Loaded placeholder: placeholderapi
27/09/2018 20:41:09 [DEBUG] Loaded placeholder: permissions
27/09/2018 20:41:09 [INFO] Loading placeholder [PlaceholderAPI] ...
27/09/2018 20:41:09 [INFO] Loading placeholder [Player] ...
27/09/2018 20:41:09 [INFO] Loading placeholder [Permissions] ...
27/09/2018 20:41:09 [DEBUG] Loaded placeholder: multiverse
27/09/2018 20:41:09 [INFO] Loading placeholder [Multiverse-Core] ...
27/09/2018 20:41:09 [DEBUG] Loaded placeholder: memory
27/09/2018 20:41:14 [INFO] Loading placeholder [ServerPinger] ...
27/09/2018 20:41:14 [DEBUG] Loaded placeholder: redisbungee
27/09/2018 20:41:14 [INFO] Loading event hook: PlotSquared Plot ...
27/09/2018 20:41:14 [DEBUG] Loaded placeholder: plotsquared
27/09/2018 20:41:14 [INFO] Loading placeholder [RedisBungee] ...
27/09/2018 20:41:14 [DEBUG] Loaded placeholder: previousnames
27/09/2018 20:41:14 [INFO] Loading placeholder [PlotSquared] ...
27/09/2018 20:41:14 [INFO] Loading placeholder [Previous Names] ...
27/09/2018 20:41:14 [INFO] Loading event hook: PlotSquared Plot ...
27/09/2018 20:41:14 [DEBUG] Loaded placeholder: tickspersecond
27/09/2018 20:41:14 [INFO] Loading placeholder [Unicode Characters] ...
27/09/2018 20:41:14 [DEBUG] Loaded placeholder: serverpinger
27/09/2018 20:41:14 [DEBUG] Loaded placeholder: sound
27/09/2018 20:41:14 [DEBUG] Loaded placeholder: twitter
27/09/2018 20:41:14 [INFO] Loading placeholder [Twitter] ...
27/09/2018 20:41:14 [INFO] Loading placeholder [Statistics] ...
27/09/2018 20:41:14 [DEBUG] Loaded placeholder: statistics
27/09/2018 20:41:14 [INFO] Loading placeholder [TicksPerSecond] ...
27/09/2018 20:41:14 [INFO] Loading placeholder [Sound Effects] ...
27/09/2018 20:41:14 [INFO] Loading placeholder [VanillaEvents] ...
27/09/2018 20:41:03 [DEBUG] Loaded placeholder: essentials
27/09/2018 20:41:14 [INFO] Loading event hook: Vanilla Create portal hook ...
27/09/2018 20:41:14 [INFO] Loading event hook: Vanilla Block place hook ...
27/09/2018 20:41:14 [INFO] Loading event hook: Vanilla Combat hook ...
27/09/2018 20:41:14 [INFO] Loading event hook: Vanilla player rejoin ...
27/09/2018 20:41:14 [DEBUG] Loaded placeholder: vanillaevents
27/09/2018 20:41:14 [INFO] Loading event hook: Vanilla Block break hook ...
27/09/2018 20:41:14 [INFO] Loading event hook: Vanilla player join ...
27/09/2018 20:41:14 [INFO] Loading event hook: Vanilla Death hook ...
27/09/2018 20:41:14 [INFO] Loading event hook: Vanilla Block break hook ...
27/09/2018 20:41:15 [INFO] Loading event hook: Vanilla player first join ...
27/09/2018 20:41:15 [INFO] Loading placeholder [WorldGuard] ...
27/09/2018 20:41:15 [DEBUG] Loaded placeholder: worldguard
27/09/2018 20:41:14 [INFO] Loading event hook: Vanilla player first join ...
27/09/2018 20:41:15 [INFO] Loading event hook: Vanilla Create portal hook ...
27/09/2018 20:41:15 [DEBUG] Loaded placeholder: world
27/09/2018 20:41:15 [INFO] Loading event hook: Vanilla player rejoin ...
27/09/2018 20:41:15 [INFO] Loading placeholder [World] ...
27/09/2018 20:41:15 [INFO] Loading event hook: Vanilla player join ...
27/09/2018 20:41:15 [INFO] Loading event hook: WorldGuard Region ...
27/09/2018 20:41:15 [INFO] Loading event hook: Vanilla Death hook ...
27/09/2018 20:41:14 [INFO] Loading event hook: Vanilla Block place hook ...
27/09/2018 20:41:15 [INFO] Checking for placeholder updates ...
27/09/2018 20:41:15 [INFO] Creating new custom effect: example2
27/09/2018 20:41:14 [DEBUG] Loaded placeholder: unicode
27/09/2018 20:41:14 [INFO] Loading event hook: Vanilla Combat hook ...
27/09/2018 20:41:15 [INFO] Loading event hook: WorldGuard Region ...
27/09/2018 20:41:16 [DEBUG] 	Line: player-label1 Static: true
27/09/2018 20:41:15 [INFO] Loaded 2963 of the 2963 placholders
27/09/2018 20:41:16 [DEBUG] 	Line: spacer-player1 Static: true
27/09/2018 20:41:15 [INFO] Loading custom effect 'example1' ...
27/09/2018 20:41:15 [INFO] Creating new custom effect: example3
27/09/2018 20:41:15 [INFO] Loading custom effect 'example3' ...
27/09/2018 20:41:16 [DEBUG] 	Line: spacer-player2 Static: false
27/09/2018 20:41:15 [INFO] Creating new custom effect: example1
27/09/2018 20:41:15 [DEBUG]  - Server supports Objective entries
27/09/2018 20:41:16 [DEBUG] 	Line: title Static: false
27/09/2018 20:41:15 [DEBUG]  - Server supports Team entries
27/09/2018 20:41:15 [DEBUG] Using SCOREBOARD v7
27/09/2018 20:41:16 [INFO] Using OPTIMAL as the update strategy
27/09/2018 20:41:15 [INFO] Loading custom effect 'example2' ...
27/09/2018 20:41:15 [DEBUG]  - Server supports Team color
27/09/2018 20:41:16 [DEBUG] 	Line: player-label2 Static: true
27/09/2018 20:41:16 [DEBUG] 	Line: spacer-player4 Static: true
27/09/2018 20:41:16 [DEBUG] 	Line: footer Static: false
27/09/2018 20:41:21 [MESSAGE] &5[&9FeatherBoard&5] &aYour version is up to date!
27/09/2018 20:41:22 [DEBUG] 	Adding sub command 'toggle'
27/09/2018 20:41:16 [DEBUG] 	Line: player-line31 Static: false
27/09/2018 20:41:16 [INFO] Generating metrics information ...
27/09/2018 20:41:16 [DEBUG] 	Line: spacer-player5 Static: true
27/09/2018 20:41:16 [DEBUG] 	Line: player-line2 Static: false
27/09/2018 20:41:16 [DEBUG] Scoreboards groups sorted by priority:
27/09/2018 20:41:16 [DEBUG] 	Line: player-line6 Static: false
27/09/2018 20:41:16 [DEBUG] 	Line: spacer-player3 Static: true
27/09/2018 20:41:16 [INFO] Loading scoreboard 'default' ...
27/09/2018 20:41:16 [DEBUG] 	Line: player-line3 Static: false
27/09/2018 20:41:16 [DEBUG] 	Line: player-line5 Static: false
27/09/2018 20:41:16 [DEBUG] 	Line: player-line7 Static: true
27/09/2018 20:41:16 [INFO] Added 'PERMISSION' as the default scoreboard assign method
27/09/2018 20:41:22 [INFO] Adding command 'featherboard'
27/09/2018 20:41:16 [DEBUG] 	Line: player-line1 Static: false
27/09/2018 20:41:22 [DEBUG] 	Adding sub command 'generatebbcode'
27/09/2018 20:41:22 [DEBUG] 	Adding sub command 'show'
27/09/2018 20:41:22 [DEBUG] 	Adding sub command 'createscoreboard'
27/09/2018 20:41:22 [DEBUG] 	Adding sub command 'editsetting'
27/09/2018 20:41:22 [DEBUG] 	Adding sub command 'hide'
27/09/2018 20:41:22 [DEBUG] 	Adding sub command 'placeholders'
27/09/2018 20:41:22 [DEBUG] 	Adding sub command 'removescoreboard'
27/09/2018 20:41:22 [DEBUG] 	Adding sub command 'help'
27/09/2018 20:41:22 [DEBUG] 	Adding sub command 'debug'
27/09/2018 20:41:22 [DEBUG] 	Adding sub command 'permissions'
27/09/2018 20:41:22 [DEBUG] 	Adding sub command 'reload'
27/09/2018 20:41:22 [DEBUG] 	Adding sub command 'about'
27/09/2018 20:41:22 [DEBUG] 	Adding sub command 'reload'
27/09/2018 20:41:22 [DEBUG] 	Adding sub command 'parse'
27/09/2018 20:41:21 [INFO] Toggle persistence is disabled!
27/09/2018 20:41:16 [DEBUG] 	default - 0
27/09/2018 20:41:22 [DEBUG] 	Adding sub command 'off'
27/09/2018 20:41:22 [DEBUG] 	Adding sub command 'on'
27/09/2018 20:41:22 [DEBUG] 	Adding sub command 'gui'
27/09/2018 20:41:22 [DEBUG] 	Adding sub command 'info'
27/09/2018 20:41:22 [DEBUG] 	Adding sub command 'modules'
27/09/2018 20:41:23 [DEBUG] Refreshing group 'default' for new custom placeholder 'crazycrates_me.badbones69.crazycrates.api.objects.crate@75a00d8_total'
27/09/2018 20:41:23 [DEBUG] Refreshing group 'default' for new custom placeholder 'crazycrates_me.badbones69.crazycrates.api.objects.crate@72adb3a_total'
27/09/2018 20:41:23 [DEBUG] Refreshing group 'default' for new custom placeholder 'crazycrates_me.badbones69.crazycrates.api.objects.crate@30292819_physical'
27/09/2018 20:41:23 [DEBUG] Refreshing group 'default' for new custom placeholder 'crazycrates_me.badbones69.crazycrates.api.objects.crate@30292819'
27/09/2018 20:41:23 [DEBUG] Refreshing group 'default' for new custom placeholder 'crazycrates_me.badbones69.crazycrates.api.objects.crate@72adb3a'
27/09/2018 20:41:23 [DEBUG] Refreshing group 'default' for new custom placeholder 'crazycrates_me.badbones69.crazycrates.api.objects.crate@710517ee_total'
27/09/2018 20:41:23 [DEBUG] Refreshing group 'default' for new custom placeholder 'crazycrates_me.badbones69.crazycrates.api.objects.crate@75a00d8_physical'
27/09/2018 20:41:23 [DEBUG] Refreshing group 'default' for new custom placeholder 'crazycrates_me.badbones69.crazycrates.api.objects.crate@30292819_total'
27/09/2018 20:41:23 [DEBUG] Refreshing group 'default' for new custom placeholder 'crazycrates_me.badbones69.crazycrates.api.objects.crate@70ca174a_physical'
27/09/2018 20:41:23 [DEBUG] Refreshing group 'default' for new custom placeholder 'crazycrates_me.badbones69.crazycrates.api.objects.crate@710517ee'
27/09/2018 20:41:22 [DEBUG] 	Adding sub command 'remove'
27/09/2018 20:41:23 [DEBUG] Refreshing group 'default' for new custom placeholder 'crazycrates_me.badbones69.crazycrates.api.objects.crate@72adb3a_physical'
27/09/2018 20:41:23 [DEBUG] Refreshing group 'default' for new custom placeholder 'crazycrates_me.badbones69.crazycrates.api.objects.crate@70ca174a_total'
27/09/2018 20:41:23 [DEBUG] Refreshing group 'default' for new custom placeholder 'crazycrates_me.badbones69.crazycrates.api.objects.crate@70ca174a'
27/09/2018 20:41:23 [DEBUG] Refreshing group 'default' for new custom placeholder 'crazycrates_me.badbones69.crazycrates.api.objects.crate@75a00d8'
27/09/2018 20:41:23 [DEBUG] Refreshing group 'default' for new custom placeholder 'crazycrates_me.badbones69.crazycrates.api.objects.crate@710517ee_physical'
27/09/2018 20:41:22 [DEBUG] 	Adding sub command 'module'
27/09/2018 20:41:22 [DEBUG] 	Adding sub command 'add'
27/09/2018 20:42:02 [INFO] Fetching modules from server ...
27/09/2018 20:42:02 [INFO] Checking for module updates ...
27/09/2018 22:27:02 [SEVERE] Error in placeholder: {money_formatted}
27/09/2018 22:27:02 [DEBUG] java.lang.RuntimeException: Essentials API is called before Essentials is loaded.
	at com.earth2me.essentials.api.Economy.getUserByName(Economy.java:62)
	at com.earth2me.essentials.api.Economy.getMoneyExact(Economy.java:85)
	at com.earth2me.essentials.api.Economy.getMoney(Economy.java:81)
	at net.milkbowl.vault.economy.plugins.Economy_Essentials.getBalance(Economy_Essentials.java:78)
	at net.milkbowl.vault.economy.AbstractEconomy.getBalance(AbstractEconomy.java:20)
	at be.maximvdw.placeholdercore.placeholders.EconomyPlaceholderPack$3.getResult(EconomyPlaceholderPack.java:55)
	at be.maximvdw.placeholdercore.placeholders.EconomyPlaceholderPack$3.getResult(EconomyPlaceholderPack.java:49)
	at be.maximvdw.placeholderapi.internal.PlaceholderReplacer.getResult(PlaceholderReplacer.java:60)
	at be.maximvdw.featherboard.bN.a(bN.java:54)
	at be.maximvdw.featherboard.a8.a(a8.java:53)
	at be.maximvdw.featherboard.dI.a(dI.java:108)
	at be.maximvdw.featherboard.dI.a(dI.java:86)
	at be.maximvdw.featherboard.api.scoreboard.ScoreboardLine.updatePlaceholders(ScoreboardLine.java:184)
	at be.maximvdw.featherboard.api.scoreboard.ScoreboardGroup$AnimationUpdater.run(ScoreboardGroup.java:7)
	at org.bukkit.craftbukkit.v1_12_R1.scheduler.CraftTask.run(CraftTask.java:71)
	at org.bukkit.craftbukkit.v1_12_R1.scheduler.CraftAsyncTask.run(CraftAsyncTask.java:52)
	at java.util.concurrent.ThreadPoolExecutor.runWorker(ThreadPoolExecutor.java:1149)
	at java.util.concurrent.ThreadPoolExecutor$Worker.run(ThreadPoolExecutor.java:624)
	at java.lang.Thread.run(Thread.java:748)

