20/10/2018 20:12:01 [INFO] Loading messages ...
20/10/2018 20:12:01 [INFO] Loading placeholders and event triggers ...
20/10/2018 20:12:01 [INFO] Loading internal placeholders ...
20/10/2018 20:12:02 [INFO] Loading placeholder [Bukkit] ...
20/10/2018 20:12:02 [DEBUG] Loaded placeholder: bukkit
20/10/2018 20:12:01 [INFO] Loading language file: lang_en
20/10/2018 20:12:01 [DEBUG] Loaded placeholder: CustomPlaceholders
20/10/2018 20:12:02 [INFO] Loading placeholder [Color] ...
20/10/2018 20:12:02 [INFO] Loading placeholder [Armor] ...
20/10/2018 20:12:03 [INFO] Loading placeholder [CommandPlaceholderPack] ...
20/10/2018 20:12:01 [INFO] Fetching available placeholders from server ...
20/10/2018 20:12:01 [DEBUG] Loaded placeholder: MySQL
20/10/2018 20:12:03 [DEBUG] Loaded placeholder: command
20/10/2018 20:12:03 [INFO] Loading placeholder [Compass placeholders] ...
20/10/2018 20:12:03 [INFO] Loading placeholder [Entities] ...
20/10/2018 20:12:02 [INFO] Loading placeholder [BungeeCord] ...
20/10/2018 20:12:03 [DEBUG] Loaded placeholder: playereffects
20/10/2018 20:12:04 [DEBUG] Loaded placeholder: geographical
20/10/2018 20:12:03 [INFO] Loading placeholder [Effects] ...
20/10/2018 20:12:03 [DEBUG] Loaded placeholder: essentials
20/10/2018 20:12:03 [INFO] Loading placeholder [Facebook] ...
20/10/2018 20:12:05 [DEBUG] Loaded placeholder: leaderheads
20/10/2018 20:12:04 [DEBUG] Loaded placeholder: firework
20/10/2018 20:12:05 [INFO] Loading placeholder [Marriage] ...
20/10/2018 20:12:04 [INFO] Loading placeholder [Geographical] ...
20/10/2018 20:12:05 [INFO] Loading placeholder [Multiverse-Core] ...
20/10/2018 20:12:05 [DEBUG] Loaded placeholder: permissions
20/10/2018 20:12:05 [DEBUG] Loaded placeholder: marriage
20/10/2018 20:12:05 [DEBUG] Loaded placeholder: player
20/10/2018 20:12:05 [DEBUG] Loaded placeholder: serverpinger
20/10/2018 20:12:05 [DEBUG] Loaded placeholder: java
20/10/2018 20:12:05 [DEBUG] Loaded placeholder: memory
20/10/2018 20:12:04 [INFO] Loading placeholder [JavaInfo] ...
20/10/2018 20:12:05 [INFO] Loading placeholder [LeaderHeads] ...
20/10/2018 20:12:05 [INFO] Loading placeholder [Memory] ...
20/10/2018 20:12:06 [INFO] Loading placeholder [Statistics] ...
20/10/2018 20:12:06 [DEBUG] Loaded placeholder: twitter
20/10/2018 20:12:06 [DEBUG] Loaded placeholder: unicode
20/10/2018 20:12:06 [INFO] Loading event hook: Vanilla Block break hook ...
20/10/2018 20:12:06 [INFO] Loading placeholder [VanillaEvents] ...
20/10/2018 20:12:06 [INFO] Loading placeholder [Unicode Characters] ...
20/10/2018 20:12:06 [INFO] Loading event hook: Vanilla Combat hook ...
20/10/2018 20:12:06 [INFO] Loading event hook: Vanilla player rejoin ...
20/10/2018 20:12:06 [INFO] Loading event hook: Vanilla Block place hook ...
20/10/2018 20:12:06 [INFO] Loading event hook: Vanilla Create portal hook ...
20/10/2018 20:12:06 [INFO] Loading event hook: Vanilla Block place hook ...
20/10/2018 20:12:06 [INFO] Loading event hook: Vanilla player first join ...
20/10/2018 20:12:06 [INFO] Loading event hook: Vanilla Death hook ...
20/10/2018 20:12:06 [INFO] Loading event hook: Vanilla Create portal hook ...
20/10/2018 20:12:06 [INFO] Loading event hook: Vanilla player join ...
20/10/2018 20:12:06 [DEBUG] Loaded placeholder: world
20/10/2018 20:12:06 [INFO] Loaded 2963 of the 2963 placholders
20/10/2018 20:12:07 [INFO] Loading custom effect 'example3' ...
20/10/2018 20:12:07 [DEBUG]  - Server supports Team color
20/10/2018 20:12:07 [DEBUG]  - Server supports Team entries
20/10/2018 20:12:08 [INFO] Using OPTIMAL as the update strategy
20/10/2018 20:12:08 [INFO] Loading scoreboard 'default' ...
20/10/2018 20:12:08 [DEBUG] 	Line: title Static: false
20/10/2018 20:12:08 [DEBUG] 	Line: spacer-player1 Static: true
20/10/2018 20:12:08 [DEBUG] 	Line: spacer-player2 Static: false
20/10/2018 20:12:08 [DEBUG] 	Line: player-line1 Static: false
20/10/2018 20:12:08 [DEBUG] 	Line: spacer-player3 Static: true
20/10/2018 20:12:06 [INFO] Loading placeholder [WorldGuard] ...
20/10/2018 20:12:08 [DEBUG] 	Line: player-line5 Static: false
20/10/2018 20:12:06 [INFO] Loading event hook: WorldGuard Region ...
20/10/2018 20:12:08 [DEBUG] 	Line: spacer-player5 Static: true
20/10/2018 20:12:06 [DEBUG] Loaded placeholder: worldguard
20/10/2018 20:12:08 [DEBUG] 	default - 0
20/10/2018 20:12:09 [MESSAGE] &5[&9FeatherBoard&5] &aYour version is up to date!
20/10/2018 20:12:07 [INFO] Creating new custom effect: example2
20/10/2018 20:12:10 [INFO] Toggle persistence is disabled!
20/10/2018 20:12:08 [DEBUG] 	Line: player-line6 Static: false
20/10/2018 20:12:08 [DEBUG] Scoreboards groups sorted by priority:
20/10/2018 20:12:08 [DEBUG] 	Line: footer Static: false
20/10/2018 20:12:05 [INFO] Loading placeholder [ServerPinger] ...
20/10/2018 20:12:03 [DEBUG] Loaded placeholder: color
20/10/2018 20:12:03 [DEBUG] Loaded placeholder: compass
20/10/2018 20:12:02 [DEBUG] Loaded placeholder: armor
20/10/2018 20:12:03 [INFO] Loading placeholder [Economy] ...
20/10/2018 20:12:02 [DEBUG] Loaded placeholder: bungeecord
20/10/2018 20:12:03 [INFO] Loading placeholder [Essentials] ...
20/10/2018 20:12:03 [DEBUG] Loaded placeholder: entities
20/10/2018 20:12:10 [DEBUG] 	Adding sub command 'about'
20/10/2018 20:12:04 [DEBUG] Loaded placeholder: facebook
20/10/2018 20:12:10 [DEBUG] 	Adding sub command 'reload'
20/10/2018 20:12:10 [DEBUG] 	Adding sub command 'help'
20/10/2018 20:12:10 [DEBUG] 	Adding sub command 'generatebbcode'
20/10/2018 20:12:10 [DEBUG] 	Adding sub command 'parse'
20/10/2018 20:12:10 [DEBUG] 	Adding sub command 'show'
20/10/2018 20:12:10 [DEBUG] 	Adding sub command 'hide'
20/10/2018 20:12:10 [DEBUG] 	Adding sub command 'editsetting'
20/10/2018 20:12:10 [DEBUG] 	Adding sub command 'removescoreboard'
20/10/2018 20:12:10 [DEBUG] 	Adding sub command 'createscoreboard'
20/10/2018 20:12:06 [INFO] Loading event hook: WorldGuard Region ...
20/10/2018 20:12:06 [INFO] Loading event hook: Vanilla player rejoin ...
20/10/2018 20:12:06 [INFO] Loading event hook: Vanilla player first join ...
20/10/2018 20:12:06 [INFO] Loading event hook: Vanilla Death hook ...
20/10/2018 20:12:07 [INFO] Loading custom effect 'example2' ...
20/10/2018 20:12:07 [INFO] Loading custom effect 'example1' ...
20/10/2018 20:12:06 [INFO] Loading placeholder [World] ...
20/10/2018 20:12:08 [DEBUG] 	Line: player-line2 Static: false
20/10/2018 20:12:08 [DEBUG] 	Line: player-label1 Static: true
20/10/2018 20:12:07 [INFO] Creating new custom effect: example1
20/10/2018 20:12:06 [INFO] Checking for placeholder updates ...
20/10/2018 20:12:08 [DEBUG] 	Line: player-label2 Static: true
20/10/2018 20:12:08 [DEBUG] 	Line: player-line3 Static: false
20/10/2018 20:12:07 [DEBUG] Using SCOREBOARD v7
20/10/2018 20:12:08 [INFO] Added 'PERMISSION' as the default scoreboard assign method
20/10/2018 20:12:10 [INFO] Adding command 'featherboard'
20/10/2018 20:12:10 [DEBUG] 	Adding sub command 'toggle'
20/10/2018 20:12:08 [DEBUG] 	Line: spacer-player4 Static: true
20/10/2018 20:12:10 [DEBUG] 	Adding sub command 'off'
20/10/2018 20:12:08 [INFO] Generating metrics information ...
20/10/2018 20:12:10 [DEBUG] 	Adding sub command 'on'
20/10/2018 20:12:10 [DEBUG] 	Adding sub command 'gui'
20/10/2018 20:12:08 [DEBUG] 	Line: player-line31 Static: false
20/10/2018 20:12:08 [DEBUG] 	Line: player-line7 Static: true
20/10/2018 20:12:10 [DEBUG] 	Adding sub command 'placeholders'
20/10/2018 20:12:10 [DEBUG] 	Adding sub command 'debug'
20/10/2018 20:12:11 [DEBUG] Refreshing group 'default' for new custom placeholder 'crazycrates_me.badbones69.crazycrates.api.objects.crate@22ca9dd4_physical'
20/10/2018 20:12:06 [INFO] Loading event hook: Vanilla Combat hook ...
20/10/2018 20:12:06 [DEBUG] Loaded placeholder: tickspersecond
20/10/2018 20:12:06 [DEBUG] Loaded placeholder: vanillaevents
20/10/2018 20:12:06 [DEBUG] Loaded placeholder: statistics
20/10/2018 20:12:05 [INFO] Loading event hook: PlotSquared Plot ...
20/10/2018 20:12:06 [DEBUG] Loaded placeholder: sound
20/10/2018 20:12:05 [INFO] Loading placeholder [Sound Effects] ...
20/10/2018 20:12:06 [INFO] Loading placeholder [Twitter] ...
20/10/2018 20:12:05 [INFO] Loading placeholder [Previous Names] ...
20/10/2018 20:12:05 [INFO] Loading placeholder [RedisBungee] ...
20/10/2018 20:12:05 [DEBUG] Loaded placeholder: previousnames
20/10/2018 20:12:05 [DEBUG] Loaded placeholder: plotsquared
20/10/2018 20:12:05 [DEBUG] Loaded placeholder: redisbungee
20/10/2018 20:12:05 [INFO] Loading event hook: PlotSquared Plot ...
20/10/2018 20:12:05 [INFO] Loading placeholder [Permissions] ...
20/10/2018 20:12:10 [DEBUG] 	Adding sub command 'modules'
20/10/2018 20:12:05 [INFO] Loading placeholder [PlaceholderAPI] ...
20/10/2018 20:12:05 [INFO] Loading placeholder [PlotSquared] ...
20/10/2018 20:12:05 [INFO] Loading placeholder [Player] ...
20/10/2018 20:12:04 [INFO] Loading placeholder [FireworkEffect] ...
20/10/2018 20:12:05 [DEBUG] Loaded placeholder: placeholderapi
20/10/2018 20:12:05 [DEBUG] Loaded placeholder: multiverse
20/10/2018 20:12:04 [INFO] Loading placeholder [Hotbar] ...
20/10/2018 20:12:06 [INFO] Loading event hook: Vanilla Block break hook ...
20/10/2018 20:12:04 [DEBUG] Loaded placeholder: hotbar
20/10/2018 20:12:07 [DEBUG]  - Server supports Objective entries
20/10/2018 20:12:07 [INFO] Creating new custom effect: example3
20/10/2018 20:12:10 [DEBUG] 	Adding sub command 'permissions'
20/10/2018 20:12:11 [DEBUG] Refreshing group 'default' for new custom placeholder 'crazycrates_me.badbones69.crazycrates.api.objects.crate@31d003f7_physical'
20/10/2018 20:12:11 [DEBUG] Refreshing group 'default' for new custom placeholder 'crazycrates_me.badbones69.crazycrates.api.objects.crate@22ca9dd4'
20/10/2018 20:12:10 [DEBUG] 	Adding sub command 'module'
20/10/2018 20:12:11 [DEBUG] Refreshing group 'default' for new custom placeholder 'crazycrates_me.badbones69.crazycrates.api.objects.crate@31d003f7_total'
20/10/2018 20:12:03 [DEBUG] Loaded placeholder: economy
20/10/2018 20:12:11 [DEBUG] Refreshing group 'default' for new custom placeholder 'crazycrates_me.badbones69.crazycrates.api.objects.crate@22ca9dd4_total'
20/10/2018 20:12:10 [DEBUG] 	Adding sub command 'reload'
20/10/2018 20:12:06 [INFO] Loading event hook: Vanilla player join ...
20/10/2018 20:12:11 [DEBUG] Refreshing group 'default' for new custom placeholder 'crazycrates_me.badbones69.crazycrates.api.objects.crate@31d003f7'
20/10/2018 20:12:11 [DEBUG] Refreshing group 'default' for new custom placeholder 'crazycrates_me.badbones69.crazycrates.api.objects.crate@6cc8b1a2_total'
20/10/2018 20:12:11 [DEBUG] Refreshing group 'default' for new custom placeholder 'crazycrates_me.badbones69.crazycrates.api.objects.crate@6cc8b1a2_physical'
20/10/2018 20:12:11 [DEBUG] Refreshing group 'default' for new custom placeholder 'crazycrates_me.badbones69.crazycrates.api.objects.crate@6cc8b1a2'
20/10/2018 20:12:10 [DEBUG] 	Adding sub command 'remove'
20/10/2018 20:12:10 [DEBUG] 	Adding sub command 'info'
20/10/2018 20:12:10 [DEBUG] 	Adding sub command 'add'
20/10/2018 20:12:11 [DEBUG] Refreshing group 'default' for new custom placeholder 'crazycrates_me.badbones69.crazycrates.api.objects.crate@1b9e4acb_physical'
20/10/2018 20:12:11 [DEBUG] Refreshing group 'default' for new custom placeholder 'crazycrates_me.badbones69.crazycrates.api.objects.crate@1f6b8c0f_total'
20/10/2018 20:12:11 [DEBUG] Refreshing group 'default' for new custom placeholder 'crazycrates_me.badbones69.crazycrates.api.objects.crate@1f6b8c0f_physical'
20/10/2018 20:12:06 [INFO] Loading placeholder [TicksPerSecond] ...
20/10/2018 20:12:11 [DEBUG] Refreshing group 'default' for new custom placeholder 'crazycrates_me.badbones69.crazycrates.api.objects.crate@1f6b8c0f'
20/10/2018 20:12:11 [DEBUG] Refreshing group 'default' for new custom placeholder 'crazycrates_me.badbones69.crazycrates.api.objects.crate@1b9e4acb_total'
20/10/2018 20:12:11 [DEBUG] Refreshing group 'default' for new custom placeholder 'crazycrates_me.badbones69.crazycrates.api.objects.crate@1b9e4acb'
20/10/2018 20:13:28 [INFO] Checking for module updates ...
20/10/2018 20:13:28 [INFO] Fetching modules from server ...
