21/10/2018 13:26:30 [INFO] Loading messages ...
21/10/2018 13:26:30 [INFO] Loading language file: lang_en
21/10/2018 13:26:30 [INFO] Loading placeholders and event triggers ...
21/10/2018 13:26:33 [DEBUG] Loaded placeholder: java
21/10/2018 13:26:33 [DEBUG] Loaded placeholder: hotbar
21/10/2018 13:26:31 [DEBUG] Loaded placeholder: color
21/10/2018 13:26:30 [DEBUG] Loaded placeholder: CustomPlaceholders
21/10/2018 13:26:30 [INFO] Loading internal placeholders ...
21/10/2018 13:26:33 [DEBUG] Loaded placeholder: placeholderapi
21/10/2018 13:26:34 [INFO] Loading event hook: Vanilla player join ...
21/10/2018 13:26:34 [INFO] Loading event hook: Vanilla player first join ...
21/10/2018 13:26:34 [INFO] Loading event hook: Vanilla Combat hook ...
21/10/2018 13:26:34 [INFO] Loading event hook: Vanilla Create portal hook ...
21/10/2018 13:26:34 [INFO] Loading event hook: Vanilla Death hook ...
21/10/2018 13:26:34 [INFO] Loading event hook: Vanilla Block break hook ...
21/10/2018 13:26:34 [INFO] Loading event hook: Vanilla Death hook ...
21/10/2018 13:26:34 [INFO] Loading event hook: WorldGuard Region ...
21/10/2018 13:26:34 [INFO] Loading event hook: WorldGuard Region ...
21/10/2018 13:26:35 [INFO] Loading custom effect 'example2' ...
21/10/2018 13:26:35 [INFO] Loading custom effect 'example3' ...
21/10/2018 13:26:36 [DEBUG] 	Line: player-line6 Static: false
21/10/2018 13:26:36 [DEBUG]  - Server supports Team color
21/10/2018 13:26:36 [INFO] Using OPTIMAL as the update strategy
21/10/2018 13:26:30 [INFO] Fetching available placeholders from server ...
21/10/2018 13:26:31 [DEBUG] Loaded placeholder: armor
21/10/2018 13:26:31 [DEBUG] Loaded placeholder: bukkit
21/10/2018 13:26:34 [INFO] Loading event hook: Vanilla Create portal hook ...
21/10/2018 13:26:36 [DEBUG] Scoreboards groups sorted by priority:
21/10/2018 13:26:36 [DEBUG] 	Line: player-line5 Static: false
21/10/2018 13:26:36 [DEBUG] 	Line: spacer-player5 Static: true
21/10/2018 13:27:02 [DEBUG] 	Adding sub command 'permissions'
21/10/2018 13:26:36 [DEBUG] 	Line: player-line31 Static: false
21/10/2018 13:26:36 [DEBUG] 	Line: spacer-player4 Static: true
21/10/2018 13:27:02 [DEBUG] 	Adding sub command 'remove'
21/10/2018 13:26:36 [DEBUG] 	Line: spacer-player3 Static: true
21/10/2018 13:26:36 [INFO] Generating metrics information ...
21/10/2018 13:27:02 [DEBUG] 	Adding sub command 'toggle'
21/10/2018 13:26:36 [INFO] Added 'PERMISSION' as the default scoreboard assign method
21/10/2018 13:26:36 [DEBUG] 	default - 0
21/10/2018 13:26:47 [MESSAGE] &5[&9FeatherBoard&5] &aYour version is up to date!
21/10/2018 13:26:36 [DEBUG] 	Line: player-label2 Static: true
21/10/2018 13:26:36 [DEBUG] 	Line: footer Static: false
21/10/2018 13:26:36 [DEBUG] 	Line: player-line2 Static: false
21/10/2018 13:26:36 [DEBUG] 	Line: player-line3 Static: false
21/10/2018 13:27:02 [DEBUG] Refreshing group 'default' for new custom placeholder 'crazycrates_me.badbones69.crazycrates.api.objects.crate@2d465301_physical'
21/10/2018 13:27:02 [DEBUG] 	Adding sub command 'editsetting'
21/10/2018 13:27:02 [DEBUG] 	Adding sub command 'placeholders'
21/10/2018 13:27:02 [DEBUG] 	Adding sub command 'generatebbcode'
21/10/2018 13:26:36 [DEBUG] 	Line: spacer-player2 Static: false
21/10/2018 13:26:36 [DEBUG] 	Line: player-line1 Static: false
21/10/2018 13:26:36 [INFO] Loading scoreboard 'default' ...
21/10/2018 13:26:36 [DEBUG] Using SCOREBOARD v7
21/10/2018 13:26:36 [DEBUG] 	Line: spacer-player1 Static: true
21/10/2018 13:26:36 [DEBUG] 	Line: title Static: false
21/10/2018 13:26:36 [DEBUG] 	Line: player-label1 Static: true
21/10/2018 13:26:35 [INFO] Creating new custom effect: example2
21/10/2018 13:26:36 [DEBUG]  - Server supports Objective entries
21/10/2018 13:26:35 [INFO] Creating new custom effect: example3
21/10/2018 13:26:34 [INFO] Loading event hook: Vanilla player rejoin ...
21/10/2018 13:26:34 [INFO] Loading event hook: Vanilla Block break hook ...
21/10/2018 13:26:34 [INFO] Loading event hook: Vanilla Block place hook ...
21/10/2018 13:26:34 [DEBUG] Loaded placeholder: unicode
21/10/2018 13:26:34 [INFO] Loading event hook: Vanilla Combat hook ...
21/10/2018 13:26:34 [INFO] Loading event hook: Vanilla Block place hook ...
21/10/2018 13:26:34 [DEBUG] Loaded placeholder: vanillaevents
21/10/2018 13:26:34 [DEBUG] Loaded placeholder: twitter
21/10/2018 13:26:33 [DEBUG] Loaded placeholder: statistics
21/10/2018 13:26:33 [DEBUG] Loaded placeholder: serverpinger
21/10/2018 13:26:33 [DEBUG] Loaded placeholder: tickspersecond
21/10/2018 13:26:33 [DEBUG] Loaded placeholder: sound
21/10/2018 13:26:31 [DEBUG] Loaded placeholder: bungeecord
21/10/2018 13:26:33 [DEBUG] Loaded placeholder: memory
21/10/2018 13:27:02 [DEBUG] Refreshing group 'default' for new custom placeholder 'crazycrates_me.badbones69.crazycrates.api.objects.crate@6e2b625b_total'
21/10/2018 13:27:02 [DEBUG] Refreshing group 'default' for new custom placeholder 'crazycrates_me.badbones69.crazycrates.api.objects.crate@6e2b625b_physical'
21/10/2018 13:27:02 [DEBUG] Refreshing group 'default' for new custom placeholder 'crazycrates_me.badbones69.crazycrates.api.objects.crate@43840df1_total'
21/10/2018 13:27:02 [DEBUG] Refreshing group 'default' for new custom placeholder 'crazycrates_me.badbones69.crazycrates.api.objects.crate@43840df1_physical'
21/10/2018 13:27:02 [DEBUG] Refreshing group 'default' for new custom placeholder 'crazycrates_me.badbones69.crazycrates.api.objects.crate@6e2b625b'
21/10/2018 13:27:02 [DEBUG] Refreshing group 'default' for new custom placeholder 'crazycrates_me.badbones69.crazycrates.api.objects.crate@43840df1'
21/10/2018 13:27:02 [DEBUG] Refreshing group 'default' for new custom placeholder 'crazycrates_me.badbones69.crazycrates.api.objects.crate@2d465301_total'
21/10/2018 13:27:02 [DEBUG] Refreshing group 'default' for new custom placeholder 'crazycrates_me.badbones69.crazycrates.api.objects.crate@4dc2d64d'
21/10/2018 13:27:02 [DEBUG] Refreshing group 'default' for new custom placeholder 'crazycrates_me.badbones69.crazycrates.api.objects.crate@4dc2d64d_physical'
21/10/2018 13:27:02 [DEBUG] 	Adding sub command 'modules'
21/10/2018 13:27:02 [DEBUG] 	Adding sub command 'add'
21/10/2018 13:27:02 [DEBUG] Refreshing group 'default' for new custom placeholder 'crazycrates_me.badbones69.crazycrates.api.objects.crate@2d465301'
21/10/2018 13:27:02 [DEBUG] 	Adding sub command 'removescoreboard'
21/10/2018 13:27:02 [DEBUG] 	Adding sub command 'createscoreboard'
21/10/2018 13:27:02 [DEBUG] 	Adding sub command 'hide'
21/10/2018 13:27:02 [DEBUG] 	Adding sub command 'parse'
21/10/2018 13:27:02 [DEBUG] 	Adding sub command 'show'
21/10/2018 13:26:34 [INFO] Loading event hook: Vanilla player join ...
21/10/2018 13:26:34 [INFO] Loading event hook: Vanilla player rejoin ...
21/10/2018 13:26:47 [INFO] Failed to check for an update on spigot.
21/10/2018 13:26:36 [DEBUG]  - Server supports Team entries
21/10/2018 13:27:02 [DEBUG] 	Adding sub command 'off'
21/10/2018 13:27:02 [INFO] Adding command 'featherboard'
21/10/2018 13:27:02 [DEBUG] 	Adding sub command 'about'
21/10/2018 13:26:55 [INFO] Toggle persistence is disabled!
21/10/2018 13:26:34 [INFO] Loaded 2963 of the 2963 placholders
21/10/2018 13:26:34 [DEBUG] Loaded placeholder: worldguard
21/10/2018 13:27:02 [DEBUG] 	Adding sub command 'reload'
21/10/2018 13:26:30 [DEBUG] Loaded placeholder: MySQL
21/10/2018 13:26:34 [INFO] Loading event hook: Vanilla player first join ...
21/10/2018 13:26:34 [DEBUG] Loaded placeholder: world
21/10/2018 13:26:35 [INFO] Loading custom effect 'example1' ...
21/10/2018 13:26:35 [INFO] Creating new custom effect: example1
21/10/2018 13:26:33 [DEBUG] Loaded placeholder: leaderheads
21/10/2018 13:26:33 [DEBUG] Loaded placeholder: redisbungee
21/10/2018 13:26:33 [DEBUG] Loaded placeholder: plotsquared
21/10/2018 13:26:33 [INFO] Loading event hook: PlotSquared Plot ...
21/10/2018 13:26:31 [DEBUG] Loaded placeholder: essentials
21/10/2018 13:26:31 [DEBUG] Loaded placeholder: playereffects
21/10/2018 13:26:31 [DEBUG] Loaded placeholder: entities
21/10/2018 13:26:31 [DEBUG] Loaded placeholder: economy
21/10/2018 13:26:31 [DEBUG] Loaded placeholder: command
21/10/2018 13:26:33 [DEBUG] Loaded placeholder: marriage
21/10/2018 13:26:32 [DEBUG] Loaded placeholder: firework
21/10/2018 13:26:31 [DEBUG] Loaded placeholder: compass
21/10/2018 13:26:36 [DEBUG] 	Line: player-line7 Static: true
21/10/2018 13:26:32 [DEBUG] Loaded placeholder: facebook
21/10/2018 13:27:02 [DEBUG] Refreshing group 'default' for new custom placeholder 'crazycrates_me.badbones69.crazycrates.api.objects.crate@6b432884_total'
21/10/2018 13:26:33 [DEBUG] Loaded placeholder: geographical
21/10/2018 13:27:02 [DEBUG] Refreshing group 'default' for new custom placeholder 'crazycrates_me.badbones69.crazycrates.api.objects.crate@4dc2d64d_total'
21/10/2018 13:26:33 [DEBUG] Loaded placeholder: multiverse
21/10/2018 13:26:33 [DEBUG] Loaded placeholder: permissions
21/10/2018 13:26:33 [DEBUG] Loaded placeholder: player
21/10/2018 13:26:33 [INFO] Loading event hook: PlotSquared Plot ...
21/10/2018 13:26:33 [DEBUG] Loaded placeholder: previousnames
21/10/2018 13:27:02 [DEBUG] Refreshing group 'default' for new custom placeholder 'crazycrates_me.badbones69.crazycrates.api.objects.crate@6b432884'
21/10/2018 13:27:02 [DEBUG] Refreshing group 'default' for new custom placeholder 'crazycrates_me.badbones69.crazycrates.api.objects.crate@6b432884_physical'
21/10/2018 13:27:02 [DEBUG] 	Adding sub command 'on'
21/10/2018 13:27:02 [DEBUG] 	Adding sub command 'gui'
21/10/2018 13:27:02 [DEBUG] 	Adding sub command 'debug'
21/10/2018 13:27:02 [DEBUG] 	Adding sub command 'help'
21/10/2018 13:27:02 [DEBUG] 	Adding sub command 'reload'
21/10/2018 13:27:02 [DEBUG] 	Adding sub command 'module'
21/10/2018 13:27:02 [DEBUG] 	Adding sub command 'info'
21/10/2018 13:28:22 [INFO] Checking for module updates ...
21/10/2018 13:28:22 [INFO] Fetching modules from server ...
21/10/2018 13:28:33 [WARNING] Unable to check for module updates!
