06-30-2018 02:14 [INFO] [MyPet] Enabling MyPet v2.3.4
06-30-2018 02:14 [INFO] [MyPet] No Update available.
06-30-2018 02:14 [INFO] [MyPet] Citizens (2.0.16-SNAPSHOT (build 1267)) hook activated.
06-30-2018 02:14 [INFO] [MyPet] PlaceholderAPI (2.9.1) hook activated.
06-30-2018 02:14 [INFO] [MyPet] ProtocolLib (4.3.0) hook activated.
06-30-2018 02:14 [INFO] [MyPet] Vault (1.5.6-b49) (Economy: Essentials Economy) hook activated.
06-30-2018 02:14 [INFO] [MyPet] WorldGuard (6.1) hook activated.
06-30-2018 02:14 [INFO] [MyPet] Compat mode for v1_8_R3 loaded.
06-30-2018 02:14 [INFO] [MyPet] Default skilltree file created (default.st).
06-30-2018 02:14 [INFO] [MyPet] No groups found. Everything will be in 'default' group.
06-30-2018 02:14 [INFO] [MyPet] --- Loading WorldGroups ---------------------------
06-30-2018 02:14 [INFO] [MyPet] added world to 'default' group.
06-30-2018 02:14 [INFO] [MyPet] added world_nether to 'default' group.
06-30-2018 02:14 [INFO] [MyPet] added world_the_end to 'default' group.
06-30-2018 02:14 [INFO] [MyPet] added Survival to 'default' group.
06-30-2018 02:14 [INFO] [MyPet] -------------------------------------------------
06-30-2018 02:14 [INFO] [MyPet] version 2.3.4-b1223 ENABLED
06-30-2018 02:20 [INFO] [MyPet] Disabling MyPet v2.3.4
06-30-2018 02:21 [INFO] [MyPet] Enabling MyPet v2.3.4
06-30-2018 02:21 [INFO] [MyPet] No Update available.
06-30-2018 02:21 [INFO] [MyPet] Citizens (2.0.16-SNAPSHOT (build 1267)) hook activated.
06-30-2018 02:21 [INFO] [MyPet] PlaceholderAPI (2.9.1) hook activated.
06-30-2018 02:21 [INFO] [MyPet] ProtocolLib (4.3.0) hook activated.
06-30-2018 02:21 [INFO] [MyPet] Vault (1.5.6-b49) (Economy: Essentials Economy) hook activated.
06-30-2018 02:21 [INFO] [MyPet] WorldGuard (6.1) hook activated.
06-30-2018 02:21 [INFO] [MyPet] Compat mode for v1_8_R3 loaded.
06-30-2018 02:21 [INFO] [MyPet] --- Loading WorldGroups ---------------------------
06-30-2018 02:21 [INFO] [MyPet]    added 'world' to 'default'
06-30-2018 02:21 [INFO] [MyPet]    added 'world_nether' to 'default'
06-30-2018 02:21 [INFO] [MyPet]    added 'world_the_end' to 'default'
06-30-2018 02:21 [INFO] [MyPet]    added 'Survival' to 'default'
06-30-2018 02:21 [INFO] [MyPet] -------------------------------------------------
06-30-2018 02:21 [INFO] [MyPet] version 2.3.4-b1223 ENABLED
06-30-2018 05:40 [INFO] [MyPet] Disabling MyPet v2.3.4
06-30-2018 15:24 [INFO] [MyPet] Enabling MyPet v2.3.4
06-30-2018 15:24 [INFO] [MyPet] No Update available.
06-30-2018 15:24 [INFO] [MyPet] Citizens (2.0.16-SNAPSHOT (build 1267)) hook activated.
06-30-2018 15:24 [INFO] [MyPet] PlaceholderAPI (2.9.1) hook activated.
06-30-2018 15:24 [INFO] [MyPet] ProtocolLib (4.3.0) hook activated.
06-30-2018 15:24 [INFO] [MyPet] Vault (1.5.6-b49) (Economy: Essentials Economy) hook activated.
06-30-2018 15:24 [INFO] [MyPet] WorldGuard (6.1) hook activated.
06-30-2018 15:24 [INFO] [MyPet] Compat mode for v1_8_R3 loaded.
06-30-2018 15:24 [INFO] [MyPet] --- Loading WorldGroups ---------------------------
06-30-2018 15:24 [INFO] [MyPet]    added 'world' to 'default'
06-30-2018 15:24 [INFO] [MyPet]    added 'world_nether' to 'default'
06-30-2018 15:24 [INFO] [MyPet]    added 'world_the_end' to 'default'
06-30-2018 15:24 [INFO] [MyPet]    added 'Survival' to 'default'
06-30-2018 15:24 [INFO] [MyPet] -------------------------------------------------
06-30-2018 15:24 [INFO] [MyPet] version 2.3.4-b1223 ENABLED
06-30-2018 16:31 [INFO] [MyPet] Disabling MyPet v2.3.4
06-30-2018 19:24 [INFO] [MyPet] Enabling MyPet v2.3.4
06-30-2018 19:24 [INFO] [MyPet] No Update available.
06-30-2018 19:24 [INFO] [MyPet] Citizens (2.0.16-SNAPSHOT (build 1267)) hook activated.
06-30-2018 19:24 [INFO] [MyPet] PlaceholderAPI (2.9.1) hook activated.
06-30-2018 19:24 [INFO] [MyPet] ProtocolLib (4.3.0) hook activated.
06-30-2018 19:24 [INFO] [MyPet] Vault (1.5.6-b49) (Economy: Essentials Economy) hook activated.
06-30-2018 19:24 [INFO] [MyPet] WorldGuard (6.1) hook activated.
06-30-2018 19:24 [INFO] [MyPet] Compat mode for v1_8_R3 loaded.
06-30-2018 19:24 [INFO] [MyPet] --- Loading WorldGroups ---------------------------
06-30-2018 19:24 [INFO] [MyPet]    added 'world' to 'default'
06-30-2018 19:24 [INFO] [MyPet]    added 'world_nether' to 'default'
06-30-2018 19:24 [INFO] [MyPet]    added 'world_the_end' to 'default'
06-30-2018 19:24 [INFO] [MyPet]    added 'Survival' to 'default'
06-30-2018 19:24 [INFO] [MyPet] -------------------------------------------------
06-30-2018 19:24 [INFO] [MyPet] version 2.3.4-b1223 ENABLED
06-30-2018 21:27 [INFO] [MyPet] Disabling MyPet v2.3.4
07-01-2018 01:24 [INFO] [MyPet] Enabling MyPet v2.3.4
07-01-2018 01:24 [INFO] [MyPet] No Update available.
07-01-2018 01:24 [INFO] [MyPet] Citizens (2.0.16-SNAPSHOT (build 1267)) hook activated.
07-01-2018 01:24 [INFO] [MyPet] PlaceholderAPI (2.9.1) hook activated.
07-01-2018 01:24 [INFO] [MyPet] ProtocolLib (4.3.0) hook activated.
07-01-2018 01:24 [INFO] [MyPet] Vault (1.5.6-b49) (Economy: Essentials Economy) hook activated.
07-01-2018 01:24 [INFO] [MyPet] WorldGuard (6.1) hook activated.
07-01-2018 01:24 [INFO] [MyPet] Compat mode for v1_8_R3 loaded.
07-01-2018 01:24 [INFO] [MyPet] --- Loading WorldGroups ---------------------------
07-01-2018 01:24 [INFO] [MyPet]    added 'world' to 'default'
07-01-2018 01:24 [INFO] [MyPet]    added 'world_nether' to 'default'
07-01-2018 01:24 [INFO] [MyPet]    added 'world_the_end' to 'default'
07-01-2018 01:24 [INFO] [MyPet]    added 'Survival' to 'default'
07-01-2018 01:24 [INFO] [MyPet] -------------------------------------------------
07-01-2018 01:24 [INFO] [MyPet] version 2.3.4-b1223 ENABLED
07-01-2018 01:31 [INFO] [MyPet] Disabling MyPet v2.3.4
07-01-2018 01:33 [INFO] [MyPet] Enabling MyPet v2.3.4
07-01-2018 01:33 [INFO] [MyPet] No Update available.
07-01-2018 01:33 [INFO] [MyPet] Citizens (2.0.16-SNAPSHOT (build 1267)) hook activated.
07-01-2018 01:33 [INFO] [MyPet] PlaceholderAPI (2.9.1) hook activated.
07-01-2018 01:33 [INFO] [MyPet] ProtocolLib (4.3.0) hook activated.
07-01-2018 01:33 [INFO] [MyPet] Vault (1.5.6-b49) (Economy: Essentials Economy) hook activated.
07-01-2018 01:33 [INFO] [MyPet] WorldGuard (6.1) hook activated.
07-01-2018 01:33 [INFO] [MyPet] Compat mode for v1_8_R3 loaded.
07-01-2018 01:33 [INFO] [MyPet] --- Loading WorldGroups ---------------------------
07-01-2018 01:33 [INFO] [MyPet]    added 'world' to 'default'
07-01-2018 01:33 [INFO] [MyPet]    added 'world_nether' to 'default'
07-01-2018 01:33 [INFO] [MyPet]    added 'world_the_end' to 'default'
07-01-2018 01:33 [INFO] [MyPet]    added 'Survival' to 'default'
07-01-2018 01:33 [INFO] [MyPet] -------------------------------------------------
07-01-2018 01:33 [INFO] [MyPet] version 2.3.4-b1223 ENABLED
07-01-2018 02:22 [INFO] [MyPet] Disabling MyPet v2.3.4
07-01-2018 02:27 [INFO] [MyPet] Enabling MyPet v2.3.4
07-01-2018 02:27 [INFO] [MyPet] No Update available.
07-01-2018 02:27 [INFO] [MyPet] Citizens (2.0.16-SNAPSHOT (build 1267)) hook activated.
07-01-2018 02:27 [INFO] [MyPet] PlaceholderAPI (2.9.1) hook activated.
07-01-2018 02:27 [INFO] [MyPet] ProtocolLib (4.3.0) hook activated.
07-01-2018 02:27 [INFO] [MyPet] Vault (1.5.6-b49) (Economy: Essentials Economy) hook activated.
07-01-2018 02:27 [INFO] [MyPet] WorldGuard (6.1) hook activated.
07-01-2018 02:27 [INFO] [MyPet] Compat mode for v1_8_R3 loaded.
07-01-2018 02:27 [INFO] [MyPet] --- Loading WorldGroups ---------------------------
07-01-2018 02:27 [INFO] [MyPet]    added 'world' to 'default'
07-01-2018 02:27 [INFO] [MyPet]    added 'world_nether' to 'default'
07-01-2018 02:27 [INFO] [MyPet]    added 'world_the_end' to 'default'
07-01-2018 02:27 [INFO] [MyPet]    added 'Survival' to 'default'
07-01-2018 02:27 [INFO] [MyPet] -------------------------------------------------
07-01-2018 02:27 [INFO] [MyPet] version 2.3.4-b1223 ENABLED
07-01-2018 02:32 [INFO] [MyPet] Disabling MyPet v2.3.4
07-01-2018 02:33 [INFO] [MyPet] Enabling MyPet v2.3.4
07-01-2018 02:33 [INFO] [MyPet] No Update available.
07-01-2018 02:33 [INFO] [MyPet] Citizens (2.0.16-SNAPSHOT (build 1267)) hook activated.
07-01-2018 02:33 [INFO] [MyPet] PlaceholderAPI (2.9.1) hook activated.
07-01-2018 02:33 [INFO] [MyPet] ProtocolLib (4.3.0) hook activated.
07-01-2018 02:33 [INFO] [MyPet] Vault (1.5.6-b49) (Economy: Essentials Economy) hook activated.
07-01-2018 02:33 [INFO] [MyPet] WorldGuard (6.1) hook activated.
07-01-2018 02:33 [INFO] [MyPet] Compat mode for v1_8_R3 loaded.
07-01-2018 02:33 [INFO] [MyPet] --- Loading WorldGroups ---------------------------
07-01-2018 02:33 [INFO] [MyPet]    added 'world' to 'default'
07-01-2018 02:33 [INFO] [MyPet]    added 'world_nether' to 'default'
07-01-2018 02:33 [INFO] [MyPet]    added 'world_the_end' to 'default'
07-01-2018 02:33 [INFO] [MyPet]    added 'Survival' to 'default'
07-01-2018 02:33 [INFO] [MyPet] -------------------------------------------------
07-01-2018 02:33 [INFO] [MyPet] version 2.3.4-b1223 ENABLED
07-01-2018 02:33 [INFO] [MyPet] Disabling MyPet v2.3.4
07-01-2018 02:34 [INFO] [MyPet] Enabling MyPet v2.3.4
07-01-2018 02:34 [INFO] [MyPet] No Update available.
07-01-2018 02:34 [INFO] [MyPet] Citizens (2.0.16-SNAPSHOT (build 1267)) hook activated.
07-01-2018 02:34 [INFO] [MyPet] PlaceholderAPI (2.9.1) hook activated.
07-01-2018 02:34 [INFO] [MyPet] ProtocolLib (4.3.0) hook activated.
07-01-2018 02:34 [INFO] [MyPet] Vault (1.5.6-b49) (Economy: Essentials Economy) hook activated.
07-01-2018 02:34 [INFO] [MyPet] WorldGuard (6.1) hook activated.
07-01-2018 02:34 [INFO] [MyPet] Compat mode for v1_8_R3 loaded.
07-01-2018 02:34 [INFO] [MyPet] --- Loading WorldGroups ---------------------------
07-01-2018 02:34 [INFO] [MyPet]    added 'world' to 'default'
07-01-2018 02:34 [INFO] [MyPet]    added 'world_nether' to 'default'
07-01-2018 02:34 [INFO] [MyPet]    added 'world_the_end' to 'default'
07-01-2018 02:34 [INFO] [MyPet]    added 'Survival' to 'default'
07-01-2018 02:34 [INFO] [MyPet] -------------------------------------------------
07-01-2018 02:34 [INFO] [MyPet] version 2.3.4-b1223 ENABLED
07-01-2018 02:36 [INFO] [MyPet] Disabling MyPet v2.3.4
07-01-2018 02:36 [INFO] [MyPet] Enabling MyPet v2.3.4
07-01-2018 02:36 [INFO] [MyPet] No Update available.
07-01-2018 02:36 [INFO] [MyPet] Citizens (2.0.16-SNAPSHOT (build 1267)) hook activated.
07-01-2018 02:36 [INFO] [MyPet] PlaceholderAPI (2.9.1) hook activated.
07-01-2018 02:36 [INFO] [MyPet] ProtocolLib (4.3.0) hook activated.
07-01-2018 02:36 [INFO] [MyPet] Vault (1.5.6-b49) (Economy: Essentials Economy) hook activated.
07-01-2018 02:36 [INFO] [MyPet] WorldGuard (6.1) hook activated.
07-01-2018 02:36 [INFO] [MyPet] Compat mode for v1_8_R3 loaded.
07-01-2018 02:36 [INFO] [MyPet] --- Loading WorldGroups ---------------------------
07-01-2018 02:36 [INFO] [MyPet]    added 'world' to 'default'
07-01-2018 02:36 [INFO] [MyPet]    added 'world_nether' to 'default'
07-01-2018 02:36 [INFO] [MyPet]    added 'world_the_end' to 'default'
07-01-2018 02:36 [INFO] [MyPet]    added 'Survival' to 'default'
07-01-2018 02:36 [INFO] [MyPet] -------------------------------------------------
07-01-2018 02:36 [INFO] [MyPet] version 2.3.4-b1223 ENABLED
07-01-2018 02:37 [INFO] [MyPet] Disabling MyPet v2.3.4
07-01-2018 02:38 [INFO] [MyPet] Enabling MyPet v2.3.4
07-01-2018 02:38 [INFO] [MyPet] No Update available.
07-01-2018 02:38 [INFO] [MyPet] Citizens (2.0.16-SNAPSHOT (build 1267)) hook activated.
07-01-2018 02:38 [INFO] [MyPet] PlaceholderAPI (2.9.1) hook activated.
07-01-2018 02:38 [INFO] [MyPet] ProtocolLib (4.3.0) hook activated.
07-01-2018 02:38 [INFO] [MyPet] Vault (1.5.6-b49) (Economy: Essentials Economy) hook activated.
07-01-2018 02:38 [INFO] [MyPet] WorldGuard (6.1) hook activated.
07-01-2018 02:38 [INFO] [MyPet] Compat mode for v1_8_R3 loaded.
07-01-2018 02:38 [INFO] [MyPet] --- Loading WorldGroups ---------------------------
07-01-2018 02:38 [INFO] [MyPet]    added 'world' to 'default'
07-01-2018 02:38 [INFO] [MyPet]    added 'world_nether' to 'default'
07-01-2018 02:38 [INFO] [MyPet]    added 'world_the_end' to 'default'
07-01-2018 02:38 [INFO] [MyPet]    added 'Survival' to 'default'
07-01-2018 02:38 [INFO] [MyPet] -------------------------------------------------
07-01-2018 02:38 [INFO] [MyPet] version 2.3.4-b1223 ENABLED
07-01-2018 04:03 [INFO] [MyPet] Disabling MyPet v2.3.4
07-01-2018 18:25 [INFO] [MyPet] Enabling MyPet v2.3.4
07-01-2018 18:25 [INFO] [MyPet] No Update available.
07-01-2018 18:25 [INFO] [MyPet] Citizens (2.0.16-SNAPSHOT (build 1267)) hook activated.
07-01-2018 18:25 [INFO] [MyPet] PlaceholderAPI (2.9.1) hook activated.
07-01-2018 18:25 [INFO] [MyPet] ProtocolLib (4.3.0) hook activated.
07-01-2018 18:25 [INFO] [MyPet] Vault (1.5.6-b49) (Economy: Essentials Economy) hook activated.
07-01-2018 18:25 [INFO] [MyPet] WorldGuard (6.1) hook activated.
07-01-2018 18:25 [INFO] [MyPet] Compat mode for v1_8_R3 loaded.
07-01-2018 18:25 [INFO] [MyPet] --- Loading WorldGroups ---------------------------
07-01-2018 18:25 [INFO] [MyPet]    added 'world' to 'default'
07-01-2018 18:25 [INFO] [MyPet]    added 'world_nether' to 'default'
07-01-2018 18:25 [INFO] [MyPet]    added 'world_the_end' to 'default'
07-01-2018 18:25 [INFO] [MyPet]    added 'Survival' to 'default'
07-01-2018 18:25 [INFO] [MyPet] -------------------------------------------------
07-01-2018 18:25 [INFO] [MyPet] version 2.3.4-b1223 ENABLED
07-01-2018 18:25 [INFO] [MyPet] Disabling MyPet v2.3.4
07-01-2018 18:26 [INFO] [MyPet] Enabling MyPet v2.3.4
07-01-2018 18:26 [INFO] [MyPet] No Update available.
07-01-2018 18:26 [INFO] [MyPet] Citizens (2.0.16-SNAPSHOT (build 1267)) hook activated.
07-01-2018 18:26 [INFO] [MyPet] PlaceholderAPI (2.9.1) hook activated.
07-01-2018 18:26 [INFO] [MyPet] ProtocolLib (4.3.0) hook activated.
07-01-2018 18:26 [INFO] [MyPet] Vault (1.5.6-b49) (Economy: Essentials Economy) hook activated.
07-01-2018 18:26 [INFO] [MyPet] WorldGuard (6.1) hook activated.
07-01-2018 18:26 [INFO] [MyPet] Compat mode for v1_8_R3 loaded.
07-01-2018 18:26 [INFO] [MyPet] --- Loading WorldGroups ---------------------------
07-01-2018 18:26 [INFO] [MyPet]    added 'world' to 'default'
07-01-2018 18:26 [INFO] [MyPet]    added 'world_nether' to 'default'
07-01-2018 18:26 [INFO] [MyPet]    added 'world_the_end' to 'default'
07-01-2018 18:26 [INFO] [MyPet]    added 'Survival' to 'default'
07-01-2018 18:26 [INFO] [MyPet] -------------------------------------------------
07-01-2018 18:26 [INFO] [MyPet] version 2.3.4-b1223 ENABLED
07-01-2018 18:48 [INFO] [MyPet] Disabling MyPet v2.3.4
07-01-2018 18:50 [INFO] [MyPet] Enabling MyPet v2.3.4
07-01-2018 18:50 [INFO] [MyPet] No Update available.
07-01-2018 18:50 [INFO] [MyPet] Citizens (2.0.16-SNAPSHOT (build 1267)) hook activated.
07-01-2018 18:50 [INFO] [MyPet] PlaceholderAPI (2.9.1) hook activated.
07-01-2018 18:50 [INFO] [MyPet] ProtocolLib (4.3.0) hook activated.
07-01-2018 18:50 [INFO] [MyPet] Vault (1.5.6-b49) (Economy: Essentials Economy) hook activated.
07-01-2018 18:50 [INFO] [MyPet] WorldGuard (6.1) hook activated.
07-01-2018 18:50 [INFO] [MyPet] Compat mode for v1_8_R3 loaded.
07-01-2018 18:50 [INFO] [MyPet] --- Loading WorldGroups ---------------------------
07-01-2018 18:50 [INFO] [MyPet]    added 'world' to 'default'
07-01-2018 18:50 [INFO] [MyPet]    added 'world_nether' to 'default'
07-01-2018 18:50 [INFO] [MyPet]    added 'world_the_end' to 'default'
07-01-2018 18:50 [INFO] [MyPet]    added 'Survival' to 'default'
07-01-2018 18:50 [INFO] [MyPet] -------------------------------------------------
07-01-2018 18:50 [INFO] [MyPet] version 2.3.4-b1223 ENABLED
07-01-2018 19:07 [INFO] [MyPet] Disabling MyPet v2.3.4
07-01-2018 19:07 [INFO] [MyPet] Enabling MyPet v2.3.4
07-01-2018 19:07 [INFO] [MyPet] No Update available.
07-01-2018 19:07 [INFO] [MyPet] Citizens (2.0.16-SNAPSHOT (build 1267)) hook activated.
07-01-2018 19:07 [INFO] [MyPet] PlaceholderAPI (2.9.1) hook activated.
07-01-2018 19:07 [INFO] [MyPet] ProtocolLib (4.3.0) hook activated.
07-01-2018 19:07 [INFO] [MyPet] Vault (1.5.6-b49) (Economy: Essentials Economy) hook activated.
07-01-2018 19:07 [INFO] [MyPet] WorldGuard (6.1) hook activated.
07-01-2018 19:07 [INFO] [MyPet] Compat mode for v1_8_R3 loaded.
07-01-2018 19:07 [INFO] [MyPet] --- Loading WorldGroups ---------------------------
07-01-2018 19:07 [INFO] [MyPet]    added 'world' to 'default'
07-01-2018 19:07 [INFO] [MyPet]    added 'world_nether' to 'default'
07-01-2018 19:07 [INFO] [MyPet]    added 'world_the_end' to 'default'
07-01-2018 19:07 [INFO] [MyPet]    added 'Survival' to 'default'
07-01-2018 19:07 [INFO] [MyPet] -------------------------------------------------
07-01-2018 19:07 [INFO] [MyPet] version 2.3.4-b1223 ENABLED
07-01-2018 19:39 [INFO] [MyPet] Disabling MyPet v2.3.4
07-01-2018 21:05 [INFO] [MyPet] Enabling MyPet v2.3.4
07-01-2018 21:05 [INFO] [MyPet] No Update available.
07-01-2018 21:05 [INFO] [MyPet] Citizens (2.0.16-SNAPSHOT (build 1267)) hook activated.
07-01-2018 21:05 [INFO] [MyPet] PlaceholderAPI (2.9.1) hook activated.
07-01-2018 21:05 [INFO] [MyPet] ProtocolLib (4.3.0) hook activated.
07-01-2018 21:05 [INFO] [MyPet] Vault (1.5.6-b49) (Economy: Essentials Economy) hook activated.
07-01-2018 21:05 [INFO] [MyPet] WorldGuard (6.1) hook activated.
07-01-2018 21:05 [INFO] [MyPet] Compat mode for v1_8_R3 loaded.
07-01-2018 21:05 [INFO] [MyPet] --- Loading WorldGroups ---------------------------
07-01-2018 21:05 [INFO] [MyPet]    added 'world' to 'default'
07-01-2018 21:05 [INFO] [MyPet]    added 'world_nether' to 'default'
07-01-2018 21:05 [INFO] [MyPet]    added 'world_the_end' to 'default'
07-01-2018 21:05 [INFO] [MyPet]    added 'Survival' to 'default'
07-01-2018 21:05 [INFO] [MyPet] -------------------------------------------------
07-01-2018 21:05 [INFO] [MyPet] version 2.3.4-b1223 ENABLED
07-02-2018 03:23 [INFO] [MyPet] Disabling MyPet v2.3.4
07-02-2018 17:17 [INFO] [MyPet] Enabling MyPet v2.3.4
07-02-2018 17:17 [INFO] [MyPet] No Update available.
07-02-2018 17:17 [INFO] [MyPet] Citizens (2.0.16-SNAPSHOT (build 1267)) hook activated.
07-02-2018 17:17 [INFO] [MyPet] PlaceholderAPI (2.9.1) hook activated.
07-02-2018 17:17 [INFO] [MyPet] ProtocolLib (4.3.0) hook activated.
07-02-2018 17:17 [INFO] [MyPet] Vault (1.5.6-b49) (Economy: Essentials Economy) hook activated.
07-02-2018 17:17 [INFO] [MyPet] WorldGuard (6.1) hook activated.
07-02-2018 17:17 [INFO] [MyPet] Compat mode for v1_8_R3 loaded.
07-02-2018 17:17 [INFO] [MyPet] --- Loading WorldGroups ---------------------------
07-02-2018 17:17 [INFO] [MyPet]    added 'world' to 'default'
07-02-2018 17:17 [INFO] [MyPet]    added 'world_nether' to 'default'
07-02-2018 17:17 [INFO] [MyPet]    added 'world_the_end' to 'default'
07-02-2018 17:17 [INFO] [MyPet]    added 'Survival' to 'default'
07-02-2018 17:17 [INFO] [MyPet] -------------------------------------------------
07-02-2018 17:17 [INFO] [MyPet] version 2.3.4-b1223 ENABLED
07-02-2018 20:32 [INFO] [MyPet] Disabling MyPet v2.3.4
07-03-2018 01:24 [INFO] [MyPet] Enabling MyPet v2.3.4
07-03-2018 01:24 [INFO] [MyPet] No Update available.
07-03-2018 01:24 [INFO] [MyPet] Citizens (2.0.16-SNAPSHOT (build 1267)) hook activated.
07-03-2018 01:24 [INFO] [MyPet] PlaceholderAPI (2.9.1) hook activated.
07-03-2018 01:24 [INFO] [MyPet] ProtocolLib (4.3.0) hook activated.
07-03-2018 01:24 [INFO] [MyPet] Vault (1.5.6-b49) (Economy: Essentials Economy) hook activated.
07-03-2018 01:24 [INFO] [MyPet] WorldGuard (6.1) hook activated.
07-03-2018 01:24 [INFO] [MyPet] Compat mode for v1_8_R3 loaded.
07-03-2018 01:24 [INFO] [MyPet] --- Loading WorldGroups ---------------------------
07-03-2018 01:24 [INFO] [MyPet]    added 'world' to 'default'
07-03-2018 01:24 [INFO] [MyPet]    added 'world_nether' to 'default'
07-03-2018 01:24 [INFO] [MyPet]    added 'world_the_end' to 'default'
07-03-2018 01:24 [INFO] [MyPet]    added 'Survival' to 'default'
07-03-2018 01:24 [INFO] [MyPet] -------------------------------------------------
07-03-2018 01:24 [INFO] [MyPet] version 2.3.4-b1223 ENABLED
07-03-2018 01:28 [INFO] [MyPet] Disabling MyPet v2.3.4
07-05-2018 16:05 [INFO] [MyPet] Enabling MyPet v2.3.4
07-05-2018 16:05 [INFO] [MyPet] No Update available.
07-05-2018 16:05 [INFO] [MyPet] Citizens (2.0.16-SNAPSHOT (build 1267)) hook activated.
07-05-2018 16:05 [INFO] [MyPet] PlaceholderAPI (2.9.1) hook activated.
07-05-2018 16:05 [INFO] [MyPet] ProtocolLib (4.3.0) hook activated.
07-05-2018 16:05 [INFO] [MyPet] Vault (1.5.6-b49) (Economy: Essentials Economy) hook activated.
07-05-2018 16:05 [INFO] [MyPet] WorldGuard (6.1) hook activated.
07-05-2018 16:05 [INFO] [MyPet] Compat mode for v1_8_R3 loaded.
07-05-2018 16:05 [INFO] [MyPet] --- Loading WorldGroups ---------------------------
07-05-2018 16:05 [INFO] [MyPet]    added 'world' to 'default'
07-05-2018 16:05 [INFO] [MyPet]    added 'world_nether' to 'default'
07-05-2018 16:05 [INFO] [MyPet]    added 'world_the_end' to 'default'
07-05-2018 16:05 [INFO] [MyPet]    added 'Survival' to 'default'
07-05-2018 16:05 [INFO] [MyPet] -------------------------------------------------
07-05-2018 16:05 [INFO] [MyPet] version 2.3.4-b1223 ENABLED
07-05-2018 16:13 [INFO] [MyPet] Disabling MyPet v2.3.4
07-05-2018 16:13 [INFO] [MyPet] Enabling MyPet v2.3.4
07-05-2018 16:13 [INFO] [MyPet] No Update available.
07-05-2018 16:13 [INFO] [MyPet] Citizens (2.0.16-SNAPSHOT (build 1267)) hook activated.
07-05-2018 16:13 [INFO] [MyPet] PlaceholderAPI (2.9.1) hook activated.
07-05-2018 16:13 [INFO] [MyPet] ProtocolLib (4.3.0) hook activated.
07-05-2018 16:13 [INFO] [MyPet] Vault (1.5.6-b49) (Economy: Essentials Economy) hook activated.
07-05-2018 16:13 [INFO] [MyPet] WorldGuard (6.1) hook activated.
07-05-2018 16:13 [INFO] [MyPet] Compat mode for v1_8_R3 loaded.
07-05-2018 16:13 [INFO] [MyPet] --- Loading WorldGroups ---------------------------
07-05-2018 16:13 [INFO] [MyPet]    added 'world' to 'default'
07-05-2018 16:13 [INFO] [MyPet]    added 'world_nether' to 'default'
07-05-2018 16:13 [INFO] [MyPet]    added 'world_the_end' to 'default'
07-05-2018 16:13 [INFO] [MyPet]    added 'Survival' to 'default'
07-05-2018 16:13 [INFO] [MyPet] -------------------------------------------------
07-05-2018 16:13 [INFO] [MyPet] version 2.3.4-b1223 ENABLED
07-06-2018 00:39 [INFO] [MyPet] Disabling MyPet v2.3.4
07-06-2018 18:50 [INFO] [MyPet] Enabling MyPet v2.3.4
07-06-2018 18:50 [INFO] [MyPet] No Update available.
07-06-2018 18:50 [INFO] [MyPet] Citizens (2.0.16-SNAPSHOT (build 1267)) hook activated.
07-06-2018 18:50 [INFO] [MyPet] PlaceholderAPI (2.9.1) hook activated.
07-06-2018 18:50 [INFO] [MyPet] ProtocolLib (4.3.0) hook activated.
07-06-2018 18:50 [INFO] [MyPet] Vault (1.5.6-b49) (Economy: Essentials Economy) hook activated.
07-06-2018 18:50 [INFO] [MyPet] WorldGuard (6.1) hook activated.
07-06-2018 18:50 [INFO] [MyPet] Compat mode for v1_8_R3 loaded.
07-06-2018 18:50 [INFO] [MyPet] --- Loading WorldGroups ---------------------------
07-06-2018 18:50 [INFO] [MyPet]    added 'world' to 'default'
07-06-2018 18:50 [INFO] [MyPet]    added 'world_nether' to 'default'
07-06-2018 18:50 [INFO] [MyPet]    added 'world_the_end' to 'default'
07-06-2018 18:50 [INFO] [MyPet]    added 'Survival' to 'default'
07-06-2018 18:50 [INFO] [MyPet] -------------------------------------------------
07-06-2018 18:50 [INFO] [MyPet] version 2.3.4-b1223 ENABLED
07-06-2018 22:10 [INFO] [MyPet] Disabling MyPet v2.3.4
07-06-2018 22:10 [INFO] [MyPet] Enabling MyPet v2.3.4
07-06-2018 22:10 [INFO] [MyPet] No Update available.
07-06-2018 22:10 [INFO] [MyPet] Citizens (2.0.16-SNAPSHOT (build 1267)) hook activated.
07-06-2018 22:10 [INFO] [MyPet] PlaceholderAPI (2.9.1) hook activated.
07-06-2018 22:10 [INFO] [MyPet] ProtocolLib (4.3.0) hook activated.
07-06-2018 22:10 [INFO] [MyPet] Vault (1.5.6-b49) (Economy: Essentials Economy) hook activated.
07-06-2018 22:10 [INFO] [MyPet] WorldGuard (6.1) hook activated.
07-06-2018 22:10 [INFO] [MyPet] Compat mode for v1_8_R3 loaded.
07-06-2018 22:10 [INFO] [MyPet] --- Loading WorldGroups ---------------------------
07-06-2018 22:10 [INFO] [MyPet]    added 'world' to 'default'
07-06-2018 22:10 [INFO] [MyPet]    added 'world_nether' to 'default'
07-06-2018 22:10 [INFO] [MyPet]    added 'world_the_end' to 'default'
07-06-2018 22:10 [INFO] [MyPet]    added 'Survival' to 'default'
07-06-2018 22:10 [INFO] [MyPet] -------------------------------------------------
07-06-2018 22:10 [INFO] [MyPet] version 2.3.4-b1223 ENABLED
07-06-2018 22:26 [INFO] [MyPet] Disabling MyPet v2.3.4
07-06-2018 22:27 [INFO] [MyPet] Enabling MyPet v2.3.4
07-06-2018 22:27 [INFO] [MyPet] No Update available.
07-06-2018 22:27 [INFO] [MyPet] Citizens (2.0.16-SNAPSHOT (build 1267)) hook activated.
07-06-2018 22:27 [INFO] [MyPet] PlaceholderAPI (2.9.1) hook activated.
07-06-2018 22:27 [INFO] [MyPet] ProtocolLib (4.3.0) hook activated.
07-06-2018 22:27 [INFO] [MyPet] Vault (1.5.6-b49) (Economy: Essentials Economy) hook activated.
07-06-2018 22:27 [INFO] [MyPet] WorldGuard (6.1) hook activated.
07-06-2018 22:27 [INFO] [MyPet] Compat mode for v1_8_R3 loaded.
07-06-2018 22:27 [INFO] [MyPet] --- Loading WorldGroups ---------------------------
07-06-2018 22:27 [INFO] [MyPet]    added 'world' to 'default'
07-06-2018 22:27 [INFO] [MyPet]    added 'world_nether' to 'default'
07-06-2018 22:27 [INFO] [MyPet]    added 'world_the_end' to 'default'
07-06-2018 22:27 [INFO] [MyPet]    added 'Survival' to 'default'
07-06-2018 22:27 [INFO] [MyPet] -------------------------------------------------
07-06-2018 22:27 [INFO] [MyPet] version 2.3.4-b1223 ENABLED
07-06-2018 23:18 [INFO] [MyPet] Disabling MyPet v2.3.4
07-06-2018 23:19 [INFO] [MyPet] Enabling MyPet v2.3.4
07-06-2018 23:19 [INFO] [MyPet] No Update available.
07-06-2018 23:19 [INFO] [MyPet] Citizens (2.0.16-SNAPSHOT (build 1267)) hook activated.
07-06-2018 23:19 [INFO] [MyPet] PlaceholderAPI (2.9.1) hook activated.
07-06-2018 23:19 [INFO] [MyPet] ProtocolLib (4.3.0) hook activated.
07-06-2018 23:19 [INFO] [MyPet] Vault (1.5.6-b49) (Economy: Essentials Economy) hook activated.
07-06-2018 23:19 [INFO] [MyPet] WorldGuard (6.1) hook activated.
07-06-2018 23:19 [INFO] [MyPet] Compat mode for v1_8_R3 loaded.
07-06-2018 23:19 [INFO] [MyPet] --- Loading WorldGroups ---------------------------
07-06-2018 23:19 [INFO] [MyPet]    added 'world' to 'default'
07-06-2018 23:19 [INFO] [MyPet]    added 'world_nether' to 'default'
07-06-2018 23:19 [INFO] [MyPet]    added 'world_the_end' to 'default'
07-06-2018 23:19 [INFO] [MyPet]    added 'Survival' to 'default'
07-06-2018 23:19 [INFO] [MyPet] -------------------------------------------------
07-06-2018 23:19 [INFO] [MyPet] version 2.3.4-b1223 ENABLED
07-07-2018 00:07 [INFO] [MyPet] Disabling MyPet v2.3.4
07-07-2018 18:55 [INFO] [MyPet] Enabling MyPet v2.3.4
07-07-2018 18:55 [INFO] [MyPet] No Update available.
07-07-2018 18:55 [INFO] [MyPet] Citizens (2.0.16-SNAPSHOT (build 1267)) hook activated.
07-07-2018 18:55 [INFO] [MyPet] PlaceholderAPI (2.9.1) hook activated.
07-07-2018 18:55 [INFO] [MyPet] ProtocolLib (4.3.0) hook activated.
07-07-2018 18:55 [INFO] [MyPet] Vault (1.5.6-b49) (Economy: Essentials Economy) hook activated.
07-07-2018 18:55 [INFO] [MyPet] WorldGuard (6.1) hook activated.
07-07-2018 18:55 [INFO] [MyPet] Compat mode for v1_8_R3 loaded.
07-07-2018 18:55 [INFO] [MyPet] --- Loading WorldGroups ---------------------------
07-07-2018 18:55 [INFO] [MyPet]    added 'world' to 'default'
07-07-2018 18:55 [INFO] [MyPet]    added 'world_nether' to 'default'
07-07-2018 18:55 [INFO] [MyPet]    added 'world_the_end' to 'default'
07-07-2018 18:55 [INFO] [MyPet]    added 'Survival' to 'default'
07-07-2018 18:55 [INFO] [MyPet] -------------------------------------------------
07-07-2018 18:55 [INFO] [MyPet] version 2.3.4-b1223 ENABLED
07-07-2018 22:27 [INFO] [MyPet] Disabling MyPet v2.3.4
07-07-2018 22:28 [INFO] [MyPet] Enabling MyPet v2.3.4
07-07-2018 22:28 [INFO] [MyPet] No Update available.
07-07-2018 22:28 [INFO] [MyPet] Citizens (2.0.16-SNAPSHOT (build 1267)) hook activated.
07-07-2018 22:28 [INFO] [MyPet] PlaceholderAPI (2.9.1) hook activated.
07-07-2018 22:28 [INFO] [MyPet] PlotSquared (3.5.0-SNAPSHOT-95f8aaa) hook activated.
07-07-2018 22:28 [INFO] [MyPet] ProtocolLib (4.3.0) hook activated.
07-07-2018 22:28 [INFO] [MyPet] Vault (1.5.6-b49) (Economy: Essentials Economy) hook activated.
07-07-2018 22:28 [INFO] [MyPet] WorldGuard (6.1) hook activated.
07-07-2018 22:28 [INFO] [MyPet] Compat mode for v1_8_R3 loaded.
07-07-2018 22:28 [INFO] [MyPet] --- Loading WorldGroups ---------------------------
07-07-2018 22:28 [INFO] [MyPet]    added 'world' to 'default'
07-07-2018 22:28 [INFO] [MyPet]    added 'world_nether' to 'default'
07-07-2018 22:28 [INFO] [MyPet]    added 'world_the_end' to 'default'
07-07-2018 22:28 [INFO] [MyPet]    added 'Survival' to 'default'
07-07-2018 22:28 [INFO] [MyPet] -------------------------------------------------
07-07-2018 22:28 [INFO] [MyPet] version 2.3.4-b1223 ENABLED
07-07-2018 22:55 [INFO] [MyPet] added Survival_plots to 'default' group.
07-07-2018 23:04 [INFO] [MyPet] Disabling MyPet v2.3.4
07-07-2018 23:05 [INFO] [MyPet] Enabling MyPet v2.3.4
07-07-2018 23:05 [INFO] [MyPet] No Update available.
07-07-2018 23:05 [INFO] [MyPet] Citizens (2.0.16-SNAPSHOT (build 1267)) hook activated.
07-07-2018 23:05 [INFO] [MyPet] PlaceholderAPI (2.9.1) hook activated.
07-07-2018 23:05 [INFO] [MyPet] PlotSquared (3.5.0-SNAPSHOT-95f8aaa) hook activated.
07-07-2018 23:05 [INFO] [MyPet] ProtocolLib (4.3.0) hook activated.
07-07-2018 23:05 [INFO] [MyPet] Vault (1.5.6-b49) (Economy: Essentials Economy) hook activated.
07-07-2018 23:05 [INFO] [MyPet] WorldGuard (6.1) hook activated.
07-07-2018 23:05 [INFO] [MyPet] Compat mode for v1_8_R3 loaded.
07-07-2018 23:05 [INFO] [MyPet] --- Loading WorldGroups ---------------------------
07-07-2018 23:05 [INFO] [MyPet]    added 'world' to 'default'
07-07-2018 23:05 [INFO] [MyPet]    added 'world_nether' to 'default'
07-07-2018 23:05 [INFO] [MyPet]    added 'world_the_end' to 'default'
07-07-2018 23:05 [INFO] [MyPet]    added 'Survival' to 'default'
07-07-2018 23:05 [INFO] [MyPet]    added 'Survival_plots' to 'default'
07-07-2018 23:05 [INFO] [MyPet] -------------------------------------------------
07-07-2018 23:05 [INFO] [MyPet] version 2.3.4-b1223 ENABLED
07-07-2018 23:34 [INFO] [MyPet] Disabling MyPet v2.3.4
07-07-2018 23:34 [INFO] [MyPet] Enabling MyPet v2.3.4
07-07-2018 23:34 [INFO] [MyPet] No Update available.
07-07-2018 23:34 [INFO] [MyPet] Citizens (2.0.16-SNAPSHOT (build 1267)) hook activated.
07-07-2018 23:34 [INFO] [MyPet] PlaceholderAPI (2.9.1) hook activated.
07-07-2018 23:34 [INFO] [MyPet] PlotSquared (3.5.0-SNAPSHOT-95f8aaa) hook activated.
07-07-2018 23:34 [INFO] [MyPet] ProtocolLib (4.3.0) hook activated.
07-07-2018 23:34 [INFO] [MyPet] Vault (1.5.6-b49) (Economy: Essentials Economy) hook activated.
07-07-2018 23:34 [INFO] [MyPet] WorldGuard (6.1) hook activated.
07-07-2018 23:34 [INFO] [MyPet] Compat mode for v1_8_R3 loaded.
07-07-2018 23:34 [INFO] [MyPet] --- Loading WorldGroups ---------------------------
07-07-2018 23:34 [INFO] [MyPet]    added 'world' to 'default'
07-07-2018 23:34 [INFO] [MyPet]    added 'world_nether' to 'default'
07-07-2018 23:34 [INFO] [MyPet]    added 'world_the_end' to 'default'
07-07-2018 23:34 [INFO] [MyPet]    added 'Survival' to 'default'
07-07-2018 23:34 [INFO] [MyPet]    added 'Survival_plots' to 'default'
07-07-2018 23:34 [INFO] [MyPet] -------------------------------------------------
07-07-2018 23:34 [INFO] [MyPet] version 2.3.4-b1223 ENABLED
07-07-2018 23:49 [INFO] [MyPet] Disabling MyPet v2.3.4
07-07-2018 23:50 [INFO] [MyPet] Enabling MyPet v2.3.4
07-07-2018 23:50 [INFO] [MyPet] No Update available.
07-07-2018 23:50 [INFO] [MyPet] Citizens (2.0.16-SNAPSHOT (build 1267)) hook activated.
07-07-2018 23:50 [INFO] [MyPet] PlaceholderAPI (2.9.1) hook activated.
07-07-2018 23:50 [INFO] [MyPet] PlotSquared (3.5.0-SNAPSHOT-95f8aaa) hook activated.
07-07-2018 23:50 [INFO] [MyPet] ProtocolLib (4.3.0) hook activated.
07-07-2018 23:50 [INFO] [MyPet] Vault (1.5.6-b49) (Economy: Essentials Economy) hook activated.
07-07-2018 23:50 [INFO] [MyPet] WorldGuard (6.1) hook activated.
07-07-2018 23:50 [INFO] [MyPet] Compat mode for v1_8_R3 loaded.
07-07-2018 23:50 [INFO] [MyPet] --- Loading WorldGroups ---------------------------
07-07-2018 23:50 [INFO] [MyPet]    added 'world' to 'default'
07-07-2018 23:50 [INFO] [MyPet]    added 'world_nether' to 'default'
07-07-2018 23:50 [INFO] [MyPet]    added 'world_the_end' to 'default'
07-07-2018 23:50 [INFO] [MyPet]    added 'Survival' to 'default'
07-07-2018 23:50 [INFO] [MyPet]    added 'Survival_plots' to 'default'
07-07-2018 23:50 [INFO] [MyPet] -------------------------------------------------
07-07-2018 23:50 [INFO] [MyPet] version 2.3.4-b1223 ENABLED
07-08-2018 01:32 [INFO] [MyPet] Disabling MyPet v2.3.4
07-08-2018 19:30 [INFO] [MyPet] Enabling MyPet v2.3.4
07-08-2018 19:30 [INFO] [MyPet] No Update available.
07-08-2018 19:30 [INFO] [MyPet] Citizens (2.0.16-SNAPSHOT (build 1267)) hook activated.
07-08-2018 19:30 [INFO] [MyPet] PlaceholderAPI (2.9.1) hook activated.
07-08-2018 19:30 [INFO] [MyPet] PlotSquared (3.5.0-SNAPSHOT-95f8aaa) hook activated.
07-08-2018 19:30 [INFO] [MyPet] ProtocolLib (4.3.0) hook activated.
07-08-2018 19:30 [INFO] [MyPet] Vault (1.5.6-b49) (Economy: Essentials Economy) hook activated.
07-08-2018 19:30 [INFO] [MyPet] WorldGuard (6.1) hook activated.
07-08-2018 19:30 [INFO] [MyPet] Compat mode for v1_8_R3 loaded.
07-08-2018 19:30 [INFO] [MyPet] --- Loading WorldGroups ---------------------------
07-08-2018 19:30 [INFO] [MyPet]    added 'world' to 'default'
07-08-2018 19:30 [INFO] [MyPet]    added 'world_nether' to 'default'
07-08-2018 19:30 [INFO] [MyPet]    added 'world_the_end' to 'default'
07-08-2018 19:30 [INFO] [MyPet]    added 'Survival' to 'default'
07-08-2018 19:30 [INFO] [MyPet]    added 'Survival_plots' to 'default'
07-08-2018 19:30 [INFO] [MyPet] -------------------------------------------------
07-08-2018 19:30 [INFO] [MyPet] version 2.3.4-b1223 ENABLED
07-08-2018 20:06 [INFO] [MyPet] added world_pvp to 'default' group.
07-08-2018 20:12 [INFO] [MyPet] Enabling MyPet v2.3.4
07-08-2018 20:12 [INFO] [MyPet] No Update available.
07-08-2018 20:12 [INFO] [MyPet] Citizens (2.0.16-SNAPSHOT (build 1267)) hook activated.
07-08-2018 20:12 [INFO] [MyPet] PlaceholderAPI (2.9.1) hook activated.
07-08-2018 20:12 [INFO] [MyPet] PlotSquared (3.5.0-SNAPSHOT-95f8aaa) hook activated.
07-08-2018 20:12 [INFO] [MyPet] ProtocolLib (4.3.0) hook activated.
07-08-2018 20:12 [INFO] [MyPet] Vault (1.5.6-b49) (Economy: Essentials Economy) hook activated.
07-08-2018 20:12 [INFO] [MyPet] WorldGuard (6.1) hook activated.
07-08-2018 20:12 [INFO] [MyPet] Compat mode for v1_8_R3 loaded.
07-08-2018 20:12 [INFO] [MyPet] --- Loading WorldGroups ---------------------------
07-08-2018 20:12 [INFO] [MyPet]    added 'world' to 'default'
07-08-2018 20:12 [INFO] [MyPet]    added 'world_nether' to 'default'
07-08-2018 20:12 [INFO] [MyPet]    added 'world_the_end' to 'default'
07-08-2018 20:12 [INFO] [MyPet]    added 'Survival' to 'default'
07-08-2018 20:12 [INFO] [MyPet]    added 'Survival_plots' to 'default'
07-08-2018 20:12 [INFO] [MyPet]    added 'world_pvp' to 'default'
07-08-2018 20:12 [INFO] [MyPet] -------------------------------------------------
07-08-2018 20:12 [INFO] [MyPet] version 2.3.4-b1223 ENABLED
07-08-2018 22:36 [INFO] [MyPet] Disabling MyPet v2.3.4
07-08-2018 22:37 [INFO] [MyPet] Enabling MyPet v2.3.4
07-08-2018 22:37 [INFO] [MyPet] No Update available.
07-08-2018 22:37 [INFO] [MyPet] Citizens (2.0.16-SNAPSHOT (build 1267)) hook activated.
07-08-2018 22:37 [INFO] [MyPet] PlaceholderAPI (2.9.1) hook activated.
07-08-2018 22:37 [INFO] [MyPet] PlotSquared (3.5.0-SNAPSHOT-95f8aaa) hook activated.
07-08-2018 22:37 [INFO] [MyPet] ProtocolLib (4.3.0) hook activated.
07-08-2018 22:37 [INFO] [MyPet] Vault (1.5.6-b49) (Economy: Essentials Economy) hook activated.
07-08-2018 22:37 [INFO] [MyPet] WorldGuard (6.1) hook activated.
07-08-2018 22:37 [INFO] [MyPet] Compat mode for v1_8_R3 loaded.
07-08-2018 22:37 [INFO] [MyPet] --- Loading WorldGroups ---------------------------
07-08-2018 22:37 [INFO] [MyPet]    added 'world' to 'default'
07-08-2018 22:37 [INFO] [MyPet]    added 'world_nether' to 'default'
07-08-2018 22:37 [INFO] [MyPet]    added 'world_the_end' to 'default'
07-08-2018 22:37 [INFO] [MyPet]    added 'Survival' to 'default'
07-08-2018 22:37 [INFO] [MyPet]    added 'Survival_plots' to 'default'
07-08-2018 22:37 [INFO] [MyPet]    added 'world_pvp' to 'default'
07-08-2018 22:37 [INFO] [MyPet] -------------------------------------------------
07-08-2018 22:37 [INFO] [MyPet] version 2.3.4-b1223 ENABLED
07-09-2018 01:04 [INFO] [MyPet] Disabling MyPet v2.3.4
07-09-2018 01:06 [INFO] [MyPet] Enabling MyPet v2.3.4
07-09-2018 01:06 [INFO] [MyPet] No Update available.
07-09-2018 01:06 [INFO] [MyPet] Citizens (2.0.16-SNAPSHOT (build 1267)) hook activated.
07-09-2018 01:06 [INFO] [MyPet] PlaceholderAPI (2.9.1) hook activated.
07-09-2018 01:06 [INFO] [MyPet] PlotSquared (3.5.0-SNAPSHOT-95f8aaa) hook activated.
07-09-2018 01:06 [INFO] [MyPet] ProtocolLib (4.3.0) hook activated.
07-09-2018 01:06 [INFO] [MyPet] Vault (1.5.6-b49) (Economy: Essentials Economy) hook activated.
07-09-2018 01:06 [INFO] [MyPet] WorldGuard (6.1) hook activated.
07-09-2018 01:06 [INFO] [MyPet] Compat mode for v1_8_R3 loaded.
07-09-2018 01:06 [INFO] [MyPet] --- Loading WorldGroups ---------------------------
07-09-2018 01:06 [INFO] [MyPet]    added 'world' to 'default'
07-09-2018 01:06 [INFO] [MyPet]    added 'world_nether' to 'default'
07-09-2018 01:06 [INFO] [MyPet]    added 'world_the_end' to 'default'
07-09-2018 01:06 [INFO] [MyPet]    added 'Survival' to 'default'
07-09-2018 01:06 [INFO] [MyPet]    added 'Survival_plots' to 'default'
07-09-2018 01:06 [INFO] [MyPet]    added 'world_pvp' to 'default'
07-09-2018 01:06 [INFO] [MyPet] -------------------------------------------------
07-09-2018 01:06 [INFO] [MyPet] version 2.3.4-b1223 ENABLED
07-09-2018 03:18 [INFO] [MyPet] Disabling MyPet v2.3.4
07-09-2018 03:20 [INFO] [MyPet] Enabling MyPet v2.3.4
07-09-2018 03:20 [INFO] [MyPet] No Update available.
07-09-2018 03:20 [INFO] [MyPet] Citizens (2.0.16-SNAPSHOT (build 1267)) hook activated.
07-09-2018 03:20 [INFO] [MyPet] PlaceholderAPI (2.9.1) hook activated.
07-09-2018 03:20 [INFO] [MyPet] PlotSquared (3.5.0-SNAPSHOT-95f8aaa) hook activated.
07-09-2018 03:20 [INFO] [MyPet] ProtocolLib (4.3.0) hook activated.
07-09-2018 03:20 [INFO] [MyPet] Vault (1.5.6-b49) (Economy: Essentials Economy) hook activated.
07-09-2018 03:20 [INFO] [MyPet] WorldGuard (6.1) hook activated.
07-09-2018 03:20 [INFO] [MyPet] Compat mode for v1_8_R3 loaded.
07-09-2018 03:20 [INFO] [MyPet] --- Loading WorldGroups ---------------------------
07-09-2018 03:20 [INFO] [MyPet]    added 'world' to 'default'
07-09-2018 03:20 [INFO] [MyPet]    added 'world_nether' to 'default'
07-09-2018 03:20 [INFO] [MyPet]    added 'world_the_end' to 'default'
07-09-2018 03:20 [INFO] [MyPet]    added 'Survival' to 'default'
07-09-2018 03:20 [INFO] [MyPet]    added 'Survival_plots' to 'default'
07-09-2018 03:20 [INFO] [MyPet]    added 'world_pvp' to 'default'
07-09-2018 03:20 [INFO] [MyPet] -------------------------------------------------
07-09-2018 03:20 [INFO] [MyPet] version 2.3.4-b1223 ENABLED
07-09-2018 03:22 [INFO] [MyPet] Disabling MyPet v2.3.4
07-09-2018 03:27 [INFO] [MyPet] Enabling MyPet v2.3.4
07-09-2018 03:27 [INFO] [MyPet] No Update available.
07-09-2018 03:27 [INFO] [MyPet] Citizens (2.0.16-SNAPSHOT (build 1267)) hook activated.
07-09-2018 03:27 [INFO] [MyPet] PlaceholderAPI (2.9.1) hook activated.
07-09-2018 03:27 [INFO] [MyPet] PlotSquared (3.5.0-SNAPSHOT-95f8aaa) hook activated.
07-09-2018 03:27 [INFO] [MyPet] ProtocolLib (4.3.0) hook activated.
07-09-2018 03:27 [INFO] [MyPet] Vault (1.5.6-b49) (Economy: Essentials Economy) hook activated.
07-09-2018 03:27 [INFO] [MyPet] WorldGuard (6.1) hook activated.
07-09-2018 03:27 [INFO] [MyPet] Compat mode for v1_8_R3 loaded.
07-09-2018 03:27 [INFO] [MyPet] --- Loading WorldGroups ---------------------------
07-09-2018 03:27 [INFO] [MyPet]    added 'world' to 'default'
07-09-2018 03:27 [INFO] [MyPet]    added 'world_nether' to 'default'
07-09-2018 03:27 [INFO] [MyPet]    added 'world_the_end' to 'default'
07-09-2018 03:27 [INFO] [MyPet]    added 'Survival' to 'default'
07-09-2018 03:27 [INFO] [MyPet]    added 'Survival_plots' to 'default'
07-09-2018 03:27 [INFO] [MyPet]    added 'world_pvp' to 'default'
07-09-2018 03:27 [INFO] [MyPet] -------------------------------------------------
07-09-2018 03:27 [INFO] [MyPet] version 2.3.4-b1223 ENABLED
07-09-2018 05:24 [INFO] [MyPet] Disabling MyPet v2.3.4
07-09-2018 20:55 [INFO] [MyPet] Enabling MyPet v2.3.4
07-09-2018 20:55 [INFO] [MyPet] No Update available.
07-09-2018 20:55 [INFO] [MyPet] Citizens (2.0.16-SNAPSHOT (build 1267)) hook activated.
07-09-2018 20:55 [INFO] [MyPet] PlaceholderAPI (2.9.1) hook activated.
07-09-2018 20:55 [INFO] [MyPet] PlotSquared (3.5.0-SNAPSHOT-95f8aaa) hook activated.
07-09-2018 20:55 [INFO] [MyPet] ProtocolLib (4.3.0) hook activated.
07-09-2018 20:55 [INFO] [MyPet] Vault (1.5.6-b49) (Economy: Essentials Economy) hook activated.
07-09-2018 20:55 [INFO] [MyPet] WorldGuard (6.1) hook activated.
07-09-2018 20:55 [INFO] [MyPet] Compat mode for v1_8_R3 loaded.
07-09-2018 20:55 [INFO] [MyPet] --- Loading WorldGroups ---------------------------
07-09-2018 20:55 [INFO] [MyPet]    added 'world' to 'default'
07-09-2018 20:55 [INFO] [MyPet]    added 'world_nether' to 'default'
07-09-2018 20:55 [INFO] [MyPet]    added 'world_the_end' to 'default'
07-09-2018 20:55 [INFO] [MyPet]    added 'Survival' to 'default'
07-09-2018 20:55 [INFO] [MyPet]    added 'Survival_plots' to 'default'
07-09-2018 20:55 [INFO] [MyPet]    added 'world_pvp' to 'default'
07-09-2018 20:55 [INFO] [MyPet] -------------------------------------------------
07-09-2018 20:55 [INFO] [MyPet] version 2.3.4-b1223 ENABLED
07-09-2018 20:58 [INFO] [MyPet] Disabling MyPet v2.3.4
07-09-2018 20:59 [INFO] [MyPet] Enabling MyPet v2.3.4
07-09-2018 20:59 [INFO] [MyPet] No Update available.
07-09-2018 20:59 [INFO] [MyPet] Citizens (2.0.16-SNAPSHOT (build 1267)) hook activated.
07-09-2018 20:59 [INFO] [MyPet] PlaceholderAPI (2.9.1) hook activated.
07-09-2018 20:59 [INFO] [MyPet] PlotSquared (3.5.0-SNAPSHOT-95f8aaa) hook activated.
07-09-2018 20:59 [INFO] [MyPet] ProtocolLib (4.3.0) hook activated.
07-09-2018 20:59 [INFO] [MyPet] Vault (1.5.6-b49) (Economy: Essentials Economy) hook activated.
07-09-2018 20:59 [INFO] [MyPet] WorldGuard (6.1) hook activated.
07-09-2018 20:59 [INFO] [MyPet] Compat mode for v1_8_R3 loaded.
07-09-2018 20:59 [INFO] [MyPet] --- Loading WorldGroups ---------------------------
07-09-2018 20:59 [INFO] [MyPet]    added 'world' to 'default'
07-09-2018 20:59 [INFO] [MyPet]    added 'world_nether' to 'default'
07-09-2018 20:59 [INFO] [MyPet]    added 'world_the_end' to 'default'
07-09-2018 20:59 [INFO] [MyPet]    added 'Survival' to 'default'
07-09-2018 20:59 [INFO] [MyPet]    added 'Survival_plots' to 'default'
07-09-2018 20:59 [INFO] [MyPet]    added 'world_pvp' to 'default'
07-09-2018 20:59 [INFO] [MyPet] -------------------------------------------------
07-09-2018 20:59 [INFO] [MyPet] version 2.3.4-b1223 ENABLED
07-09-2018 23:27 [INFO] [MyPet] Disabling MyPet v2.3.4
07-09-2018 23:58 [INFO] [MyPet] Enabling MyPet v2.3.4
07-09-2018 23:58 [INFO] [MyPet] No Update available.
07-09-2018 23:58 [INFO] [MyPet] Citizens (2.0.16-SNAPSHOT (build 1267)) hook activated.
07-09-2018 23:58 [INFO] [MyPet] PlaceholderAPI (2.9.1) hook activated.
07-09-2018 23:58 [INFO] [MyPet] PlotSquared (3.5.0-SNAPSHOT-95f8aaa) hook activated.
07-09-2018 23:58 [INFO] [MyPet] ProtocolLib (4.3.0) hook activated.
07-09-2018 23:58 [INFO] [MyPet] Vault (1.5.6-b49) (Economy: Essentials Economy) hook activated.
07-09-2018 23:58 [INFO] [MyPet] WorldGuard (6.1) hook activated.
07-09-2018 23:58 [INFO] [MyPet] Compat mode for v1_8_R3 loaded.
07-09-2018 23:58 [INFO] [MyPet] --- Loading WorldGroups ---------------------------
07-09-2018 23:58 [INFO] [MyPet]    added 'world' to 'default'
07-09-2018 23:58 [INFO] [MyPet]    added 'world_nether' to 'default'
07-09-2018 23:58 [INFO] [MyPet]    added 'world_the_end' to 'default'
07-09-2018 23:58 [INFO] [MyPet]    added 'Survival' to 'default'
07-09-2018 23:58 [INFO] [MyPet]    added 'Survival_plots' to 'default'
07-09-2018 23:58 [INFO] [MyPet]    added 'world_pvp' to 'default'
07-09-2018 23:58 [INFO] [MyPet] -------------------------------------------------
07-09-2018 23:58 [INFO] [MyPet] version 2.3.4-b1223 ENABLED
07-09-2018 23:58 [INFO] [MyPet] Disabling MyPet v2.3.4
07-09-2018 23:59 [INFO] [MyPet] Enabling MyPet v2.3.4
07-09-2018 23:59 [INFO] [MyPet] No Update available.
07-09-2018 23:59 [INFO] [MyPet] Citizens (2.0.16-SNAPSHOT (build 1267)) hook activated.
07-09-2018 23:59 [INFO] [MyPet] PlaceholderAPI (2.9.1) hook activated.
07-09-2018 23:59 [INFO] [MyPet] PlotSquared (3.5.0-SNAPSHOT-95f8aaa) hook activated.
07-09-2018 23:59 [INFO] [MyPet] ProtocolLib (4.3.0) hook activated.
07-09-2018 23:59 [INFO] [MyPet] Vault (1.5.6-b49) (Economy: Essentials Economy) hook activated.
07-09-2018 23:59 [INFO] [MyPet] WorldGuard (6.1) hook activated.
07-09-2018 23:59 [INFO] [MyPet] Compat mode for v1_8_R3 loaded.
07-09-2018 23:59 [INFO] [MyPet] --- Loading WorldGroups ---------------------------
07-09-2018 23:59 [INFO] [MyPet]    added 'world' to 'default'
07-09-2018 23:59 [INFO] [MyPet]    added 'world_nether' to 'default'
07-09-2018 23:59 [INFO] [MyPet]    added 'world_the_end' to 'default'
07-09-2018 23:59 [INFO] [MyPet]    added 'Survival' to 'default'
07-09-2018 23:59 [INFO] [MyPet]    added 'Survival_plots' to 'default'
07-09-2018 23:59 [INFO] [MyPet]    added 'world_pvp' to 'default'
07-09-2018 23:59 [INFO] [MyPet] -------------------------------------------------
07-09-2018 23:59 [INFO] [MyPet] version 2.3.4-b1223 ENABLED
07-10-2018 00:03 [INFO] [MyPet] Disabling MyPet v2.3.4
07-10-2018 00:04 [INFO] [MyPet] Enabling MyPet v2.3.4
07-10-2018 00:04 [INFO] [MyPet] No Update available.
07-10-2018 00:04 [INFO] [MyPet] Citizens (2.0.16-SNAPSHOT (build 1267)) hook activated.
07-10-2018 00:04 [INFO] [MyPet] PlaceholderAPI (2.9.1) hook activated.
07-10-2018 00:04 [INFO] [MyPet] PlotSquared (3.5.0-SNAPSHOT-95f8aaa) hook activated.
07-10-2018 00:04 [INFO] [MyPet] ProtocolLib (4.3.0) hook activated.
07-10-2018 00:04 [INFO] [MyPet] Vault (1.5.6-b49) (Economy: Essentials Economy) hook activated.
07-10-2018 00:04 [INFO] [MyPet] WorldGuard (6.1) hook activated.
07-10-2018 00:04 [INFO] [MyPet] Compat mode for v1_8_R3 loaded.
07-10-2018 00:04 [INFO] [MyPet] --- Loading WorldGroups ---------------------------
07-10-2018 00:04 [INFO] [MyPet]    added 'world' to 'default'
07-10-2018 00:04 [INFO] [MyPet]    added 'world_nether' to 'default'
07-10-2018 00:04 [INFO] [MyPet]    added 'world_the_end' to 'default'
07-10-2018 00:04 [INFO] [MyPet]    added 'Survival' to 'default'
07-10-2018 00:04 [INFO] [MyPet]    added 'Survival_plots' to 'default'
07-10-2018 00:04 [INFO] [MyPet]    added 'world_pvp' to 'default'
07-10-2018 00:04 [INFO] [MyPet] -------------------------------------------------
07-10-2018 00:04 [INFO] [MyPet] version 2.3.4-b1223 ENABLED
07-10-2018 00:06 [INFO] [MyPet] Disabling MyPet v2.3.4
07-30-2018 04:04 [INFO] [MyPet] Enabling MyPet v2.3.4
07-30-2018 04:04 [INFO] [MyPet] No Update available.
07-30-2018 04:04 [INFO] [MyPet] Citizens (2.0.16-SNAPSHOT (build 1267)) hook activated.
07-30-2018 04:04 [INFO] [MyPet] PlaceholderAPI (2.9.1) hook activated.
07-30-2018 04:04 [INFO] [MyPet] PlotSquared (3.5.0-SNAPSHOT-95f8aaa) hook activated.
07-30-2018 04:04 [INFO] [MyPet] ProtocolLib (4.3.0) hook activated.
07-30-2018 04:04 [INFO] [MyPet] Vault (1.5.6-b49) (Economy: Essentials Economy) hook activated.
07-30-2018 04:04 [INFO] [MyPet] WorldGuard (6.1) hook activated.
07-30-2018 04:04 [INFO] [MyPet] Compat mode for v1_8_R3 loaded.
07-30-2018 04:04 [INFO] [MyPet] --- Loading WorldGroups ---------------------------
07-30-2018 04:04 [INFO] [MyPet]    added 'world' to 'default'
07-30-2018 04:04 [INFO] [MyPet]    added 'world_nether' to 'default'
07-30-2018 04:04 [INFO] [MyPet]    added 'world_the_end' to 'default'
07-30-2018 04:04 [INFO] [MyPet]    added 'Survival' to 'default'
07-30-2018 04:04 [INFO] [MyPet]    added 'Survival_plots' to 'default'
07-30-2018 04:04 [INFO] [MyPet]    added 'world_pvp' to 'default'
07-30-2018 04:04 [INFO] [MyPet] -------------------------------------------------
07-30-2018 04:04 [INFO] [MyPet] version 2.3.4-b1223 ENABLED
07-30-2018 04:06 [INFO] [MyPet] Disabling MyPet v2.3.4
07-30-2018 04:07 [INFO] [MyPet] Enabling MyPet v2.3.4
07-30-2018 04:07 [INFO] [MyPet] No Update available.
07-30-2018 04:07 [INFO] [MyPet] Citizens (2.0.16-SNAPSHOT (build 1267)) hook activated.
07-30-2018 04:07 [INFO] [MyPet] PlaceholderAPI (2.9.1) hook activated.
07-30-2018 04:07 [INFO] [MyPet] PlotSquared (3.5.0-SNAPSHOT-95f8aaa) hook activated.
07-30-2018 04:07 [INFO] [MyPet] ProtocolLib (4.3.0) hook activated.
07-30-2018 04:07 [INFO] [MyPet] Vault (1.5.6-b49) (Economy: Essentials Economy) hook activated.
07-30-2018 04:07 [INFO] [MyPet] WorldGuard (6.1) hook activated.
07-30-2018 04:07 [INFO] [MyPet] Compat mode for v1_8_R3 loaded.
07-30-2018 04:07 [INFO] [MyPet] --- Loading WorldGroups ---------------------------
07-30-2018 04:07 [INFO] [MyPet]    added 'world' to 'default'
07-30-2018 04:07 [INFO] [MyPet]    added 'world_nether' to 'default'
07-30-2018 04:07 [INFO] [MyPet]    added 'world_the_end' to 'default'
07-30-2018 04:07 [INFO] [MyPet]    added 'Survival' to 'default'
07-30-2018 04:07 [INFO] [MyPet]    added 'Survival_plots' to 'default'
07-30-2018 04:07 [INFO] [MyPet]    added 'world_pvp' to 'default'
07-30-2018 04:07 [INFO] [MyPet] -------------------------------------------------
07-30-2018 04:07 [INFO] [MyPet] version 2.3.4-b1223 ENABLED
07-30-2018 04:21 [INFO] [MyPet] Disabling MyPet v2.3.4
07-30-2018 04:21 [INFO] [MyPet] Enabling MyPet v2.3.4
07-30-2018 04:21 [INFO] [MyPet] No Update available.
07-30-2018 04:21 [INFO] [MyPet] Citizens (2.0.16-SNAPSHOT (build 1267)) hook activated.
07-30-2018 04:21 [INFO] [MyPet] PlaceholderAPI (2.9.1) hook activated.
07-30-2018 04:21 [INFO] [MyPet] PlotSquared (3.5.0-SNAPSHOT-95f8aaa) hook activated.
07-30-2018 04:21 [INFO] [MyPet] ProtocolLib (4.3.0) hook activated.
07-30-2018 04:21 [INFO] [MyPet] Vault (1.5.6-b49) (Economy: Essentials Economy) hook activated.
07-30-2018 04:21 [INFO] [MyPet] WorldGuard (6.1) hook activated.
07-30-2018 04:21 [INFO] [MyPet] Compat mode for v1_8_R3 loaded.
07-30-2018 04:21 [INFO] [MyPet] --- Loading WorldGroups ---------------------------
07-30-2018 04:21 [INFO] [MyPet]    added 'world' to 'default'
07-30-2018 04:21 [INFO] [MyPet]    added 'world_nether' to 'default'
07-30-2018 04:21 [INFO] [MyPet]    added 'world_the_end' to 'default'
07-30-2018 04:21 [INFO] [MyPet]    added 'Survival' to 'default'
07-30-2018 04:21 [INFO] [MyPet]    added 'Survival_plots' to 'default'
07-30-2018 04:21 [INFO] [MyPet]    added 'world_pvp' to 'default'
07-30-2018 04:21 [INFO] [MyPet] -------------------------------------------------
07-30-2018 04:21 [INFO] [MyPet] version 2.3.4-b1223 ENABLED
07-30-2018 04:22 [INFO] [MyPet] Disabling MyPet v2.3.4
07-30-2018 04:24 [INFO] [MyPet] Enabling MyPet v2.3.4
07-30-2018 04:24 [INFO] [MyPet] No Update available.
07-30-2018 04:24 [INFO] [MyPet] Citizens (2.0.16-SNAPSHOT (build 1267)) hook activated.
07-30-2018 04:24 [INFO] [MyPet] PlaceholderAPI (2.9.1) hook activated.
07-30-2018 04:24 [INFO] [MyPet] PlotSquared (3.5.0-SNAPSHOT-95f8aaa) hook activated.
07-30-2018 04:24 [INFO] [MyPet] ProtocolLib (4.3.0) hook activated.
07-30-2018 04:24 [INFO] [MyPet] Vault (1.5.6-b49) (Economy: Essentials Economy) hook activated.
07-30-2018 04:24 [INFO] [MyPet] WorldGuard (6.1) hook activated.
07-30-2018 04:24 [INFO] [MyPet] Compat mode for v1_8_R3 loaded.
07-30-2018 04:24 [INFO] [MyPet] --- Loading WorldGroups ---------------------------
07-30-2018 04:24 [INFO] [MyPet]    added 'world' to 'default'
07-30-2018 04:24 [INFO] [MyPet]    added 'world_nether' to 'default'
07-30-2018 04:24 [INFO] [MyPet]    added 'world_the_end' to 'default'
07-30-2018 04:24 [INFO] [MyPet]    added 'Survival' to 'default'
07-30-2018 04:24 [INFO] [MyPet]    added 'Survival_plots' to 'default'
07-30-2018 04:24 [INFO] [MyPet]    added 'world_pvp' to 'default'
07-30-2018 04:24 [INFO] [MyPet] -------------------------------------------------
07-30-2018 04:24 [INFO] [MyPet] version 2.3.4-b1223 ENABLED
07-30-2018 05:43 [INFO] [MyPet] Disabling MyPet v2.3.4
07-30-2018 05:44 [INFO] [MyPet] Enabling MyPet v2.3.4
07-30-2018 05:44 [INFO] [MyPet] No Update available.
07-30-2018 05:44 [INFO] [MyPet] Citizens (2.0.16-SNAPSHOT (build 1267)) hook activated.
07-30-2018 05:44 [INFO] [MyPet] PlaceholderAPI (2.9.1) hook activated.
07-30-2018 05:44 [INFO] [MyPet] PlotSquared (3.5.0-SNAPSHOT-95f8aaa) hook activated.
07-30-2018 05:44 [INFO] [MyPet] ProtocolLib (4.3.0) hook activated.
07-30-2018 05:44 [INFO] [MyPet] Vault (1.5.6-b49) (Economy: Essentials Economy) hook activated.
07-30-2018 05:44 [INFO] [MyPet] WorldGuard (6.1) hook activated.
07-30-2018 05:44 [INFO] [MyPet] Compat mode for v1_8_R3 loaded.
07-30-2018 05:44 [INFO] [MyPet] --- Loading WorldGroups ---------------------------
07-30-2018 05:44 [INFO] [MyPet]    added 'world' to 'default'
07-30-2018 05:44 [INFO] [MyPet]    added 'world_nether' to 'default'
07-30-2018 05:44 [INFO] [MyPet]    added 'world_the_end' to 'default'
07-30-2018 05:44 [INFO] [MyPet]    added 'Survival' to 'default'
07-30-2018 05:44 [INFO] [MyPet]    added 'Survival_plots' to 'default'
07-30-2018 05:44 [INFO] [MyPet]    added 'world_pvp' to 'default'
07-30-2018 05:44 [INFO] [MyPet] -------------------------------------------------
07-30-2018 05:44 [INFO] [MyPet] version 2.3.4-b1223 ENABLED
07-30-2018 05:45 [INFO] [MyPet] Disabling MyPet v2.3.4
07-30-2018 05:46 [INFO] [MyPet] Enabling MyPet v2.3.4
07-30-2018 05:46 [INFO] [MyPet] No Update available.
07-30-2018 05:46 [INFO] [MyPet] Citizens (2.0.16-SNAPSHOT (build 1267)) hook activated.
07-30-2018 05:46 [INFO] [MyPet] PlaceholderAPI (2.9.1) hook activated.
07-30-2018 05:46 [INFO] [MyPet] PlotSquared (3.5.0-SNAPSHOT-95f8aaa) hook activated.
07-30-2018 05:46 [INFO] [MyPet] ProtocolLib (4.3.0) hook activated.
07-30-2018 05:46 [INFO] [MyPet] Vault (1.5.6-b49) (Economy: Essentials Economy) hook activated.
07-30-2018 05:46 [INFO] [MyPet] WorldGuard (6.1) hook activated.
07-30-2018 05:46 [INFO] [MyPet] Compat mode for v1_8_R3 loaded.
07-30-2018 05:46 [INFO] [MyPet] --- Loading WorldGroups ---------------------------
07-30-2018 05:46 [INFO] [MyPet]    added 'world' to 'default'
07-30-2018 05:46 [INFO] [MyPet]    added 'world_nether' to 'default'
07-30-2018 05:46 [INFO] [MyPet]    added 'world_the_end' to 'default'
07-30-2018 05:46 [INFO] [MyPet]    added 'Survival' to 'default'
07-30-2018 05:46 [INFO] [MyPet]    added 'Survival_plots' to 'default'
07-30-2018 05:46 [INFO] [MyPet]    added 'world_pvp' to 'default'
07-30-2018 05:46 [INFO] [MyPet] -------------------------------------------------
07-30-2018 05:46 [INFO] [MyPet] version 2.3.4-b1223 ENABLED
07-30-2018 05:50 [INFO] [MyPet] Disabling MyPet v2.3.4
07-30-2018 05:58 [INFO] [MyPet] Enabling MyPet v2.3.4
07-30-2018 05:58 [INFO] [MyPet] No Update available.
07-30-2018 05:58 [INFO] [MyPet] Citizens (2.0.16-SNAPSHOT (build 1267)) hook activated.
07-30-2018 05:58 [INFO] [MyPet] PlaceholderAPI (2.9.1) hook activated.
07-30-2018 05:58 [INFO] [MyPet] PlotSquared (3.5.0-SNAPSHOT-95f8aaa) hook activated.
07-30-2018 05:58 [INFO] [MyPet] ProtocolLib (4.3.0) hook activated.
07-30-2018 05:58 [INFO] [MyPet] Vault (1.5.6-b49) (Economy: Essentials Economy) hook activated.
07-30-2018 05:58 [INFO] [MyPet] WorldGuard (6.1) hook activated.
07-30-2018 05:58 [INFO] [MyPet] Compat mode for v1_8_R3 loaded.
07-30-2018 05:58 [INFO] [MyPet] --- Loading WorldGroups ---------------------------
07-30-2018 05:58 [INFO] [MyPet]    added 'world' to 'default'
07-30-2018 05:58 [INFO] [MyPet]    added 'world_nether' to 'default'
07-30-2018 05:58 [INFO] [MyPet]    added 'world_the_end' to 'default'
07-30-2018 05:58 [INFO] [MyPet]    added 'Survival' to 'default'
07-30-2018 05:58 [INFO] [MyPet]    added 'Survival_plots' to 'default'
07-30-2018 05:58 [INFO] [MyPet]    added 'world_pvp' to 'default'
07-30-2018 05:58 [INFO] [MyPet] -------------------------------------------------
07-30-2018 05:58 [INFO] [MyPet] version 2.3.4-b1223 ENABLED
07-30-2018 05:59 [INFO] [MyPet] Disabling MyPet v2.3.4
07-30-2018 06:01 [INFO] [MyPet] Enabling MyPet v2.3.4
07-30-2018 06:01 [INFO] [MyPet] No Update available.
07-30-2018 06:01 [INFO] [MyPet] Citizens (2.0.16-SNAPSHOT (build 1267)) hook activated.
07-30-2018 06:01 [INFO] [MyPet] PlaceholderAPI (2.9.1) hook activated.
07-30-2018 06:01 [INFO] [MyPet] PlotSquared (3.5.0-SNAPSHOT-95f8aaa) hook activated.
07-30-2018 06:01 [INFO] [MyPet] ProtocolLib (4.3.0) hook activated.
07-30-2018 06:01 [INFO] [MyPet] Vault (1.5.6-b49) (Economy: Essentials Economy) hook activated.
07-30-2018 06:01 [INFO] [MyPet] WorldGuard (6.1) hook activated.
07-30-2018 06:01 [INFO] [MyPet] Compat mode for v1_8_R3 loaded.
07-30-2018 06:01 [INFO] [MyPet] --- Loading WorldGroups ---------------------------
07-30-2018 06:01 [INFO] [MyPet]    added 'world' to 'default'
07-30-2018 06:01 [INFO] [MyPet]    added 'world_nether' to 'default'
07-30-2018 06:01 [INFO] [MyPet]    added 'world_the_end' to 'default'
07-30-2018 06:01 [INFO] [MyPet]    added 'Survival' to 'default'
07-30-2018 06:01 [INFO] [MyPet]    added 'Survival_plots' to 'default'
07-30-2018 06:01 [INFO] [MyPet]    added 'world_pvp' to 'default'
07-30-2018 06:01 [INFO] [MyPet] -------------------------------------------------
07-30-2018 06:01 [INFO] [MyPet] version 2.3.4-b1223 ENABLED
07-30-2018 06:07 [INFO] [MyPet] Disabling MyPet v2.3.4
07-30-2018 06:08 [INFO] [MyPet] Enabling MyPet v2.3.4
07-30-2018 06:08 [INFO] [MyPet] No Update available.
07-30-2018 06:08 [INFO] [MyPet] Citizens (2.0.16-SNAPSHOT (build 1267)) hook activated.
07-30-2018 06:08 [INFO] [MyPet] PlaceholderAPI (2.9.1) hook activated.
07-30-2018 06:08 [INFO] [MyPet] PlotSquared (3.5.0-SNAPSHOT-95f8aaa) hook activated.
07-30-2018 06:08 [INFO] [MyPet] ProtocolLib (4.3.0) hook activated.
07-30-2018 06:08 [INFO] [MyPet] Vault (1.5.6-b49) (Economy: Essentials Economy) hook activated.
07-30-2018 06:08 [INFO] [MyPet] WorldGuard (6.1) hook activated.
07-30-2018 06:08 [INFO] [MyPet] Compat mode for v1_8_R3 loaded.
07-30-2018 06:08 [INFO] [MyPet] --- Loading WorldGroups ---------------------------
07-30-2018 06:08 [INFO] [MyPet]    added 'world' to 'default'
07-30-2018 06:08 [INFO] [MyPet]    added 'world_nether' to 'default'
07-30-2018 06:08 [INFO] [MyPet]    added 'world_the_end' to 'default'
07-30-2018 06:08 [INFO] [MyPet]    added 'Survival' to 'default'
07-30-2018 06:08 [INFO] [MyPet]    added 'Survival_plots' to 'default'
07-30-2018 06:08 [INFO] [MyPet]    added 'world_pvp' to 'default'
07-30-2018 06:08 [INFO] [MyPet] -------------------------------------------------
07-30-2018 06:08 [INFO] [MyPet] version 2.3.4-b1223 ENABLED
07-30-2018 06:09 [INFO] [MyPet] Disabling MyPet v2.3.4
07-30-2018 19:52 [INFO] [MyPet] Enabling MyPet v2.3.4
07-30-2018 19:52 [INFO] [MyPet] No Update available.
07-30-2018 19:52 [INFO] [MyPet] Citizens (2.0.16-SNAPSHOT (build 1267)) hook activated.
07-30-2018 19:52 [INFO] [MyPet] PlaceholderAPI (2.9.1) hook activated.
07-30-2018 19:52 [INFO] [MyPet] PlotSquared (3.5.0-SNAPSHOT-95f8aaa) hook activated.
07-30-2018 19:52 [INFO] [MyPet] ProtocolLib (4.3.0) hook activated.
07-30-2018 19:52 [INFO] [MyPet] Vault (1.5.6-b49) (Economy: Essentials Economy) hook activated.
07-30-2018 19:52 [INFO] [MyPet] WorldGuard (6.1) hook activated.
07-30-2018 19:52 [INFO] [MyPet] Compat mode for v1_8_R3 loaded.
07-30-2018 19:52 [INFO] [MyPet] --- Loading WorldGroups ---------------------------
07-30-2018 19:52 [INFO] [MyPet]    added 'world' to 'default'
07-30-2018 19:52 [INFO] [MyPet]    added 'world_nether' to 'default'
07-30-2018 19:52 [INFO] [MyPet]    added 'world_the_end' to 'default'
07-30-2018 19:52 [INFO] [MyPet]    added 'Survival' to 'default'
07-30-2018 19:52 [INFO] [MyPet]    added 'Survival_plots' to 'default'
07-30-2018 19:52 [INFO] [MyPet]    added 'world_pvp' to 'default'
07-30-2018 19:52 [INFO] [MyPet] -------------------------------------------------
07-30-2018 19:52 [INFO] [MyPet] version 2.3.4-b1223 ENABLED
07-30-2018 20:07 [INFO] [MyPet] Disabling MyPet v2.3.4
07-30-2018 20:08 [INFO] [MyPet] Enabling MyPet v2.3.4
07-30-2018 20:08 [INFO] [MyPet] No Update available.
07-30-2018 20:08 [INFO] [MyPet] Citizens (2.0.16-SNAPSHOT (build 1267)) hook activated.
07-30-2018 20:08 [INFO] [MyPet] PlaceholderAPI (2.9.1) hook activated.
07-30-2018 20:08 [INFO] [MyPet] PlotSquared (3.5.0-SNAPSHOT-95f8aaa) hook activated.
07-30-2018 20:08 [INFO] [MyPet] ProtocolLib (4.3.0) hook activated.
07-30-2018 20:08 [INFO] [MyPet] Vault (1.5.6-b49) (Economy: Essentials Economy) hook activated.
07-30-2018 20:08 [INFO] [MyPet] WorldGuard (6.1) hook activated.
07-30-2018 20:08 [INFO] [MyPet] Compat mode for v1_8_R3 loaded.
07-30-2018 20:08 [INFO] [MyPet] --- Loading WorldGroups ---------------------------
07-30-2018 20:08 [INFO] [MyPet]    added 'world' to 'default'
07-30-2018 20:08 [INFO] [MyPet]    added 'world_nether' to 'default'
07-30-2018 20:08 [INFO] [MyPet]    added 'world_the_end' to 'default'
07-30-2018 20:08 [INFO] [MyPet]    added 'Survival' to 'default'
07-30-2018 20:08 [INFO] [MyPet]    added 'Survival_plots' to 'default'
07-30-2018 20:08 [INFO] [MyPet]    added 'world_pvp' to 'default'
07-30-2018 20:08 [INFO] [MyPet] -------------------------------------------------
07-30-2018 20:08 [INFO] [MyPet] version 2.3.4-b1223 ENABLED
07-30-2018 20:31 [INFO] [MyPet] Disabling MyPet v2.3.4
07-30-2018 20:31 [INFO] [MyPet] Enabling MyPet v2.3.4
07-30-2018 20:31 [INFO] [MyPet] No Update available.
07-30-2018 20:31 [INFO] [MyPet] Citizens (2.0.16-SNAPSHOT (build 1267)) hook activated.
07-30-2018 20:31 [INFO] [MyPet] PlaceholderAPI (2.9.1) hook activated.
07-30-2018 20:31 [INFO] [MyPet] PlotSquared (3.5.0-SNAPSHOT-95f8aaa) hook activated.
07-30-2018 20:31 [INFO] [MyPet] ProtocolLib (4.3.0) hook activated.
07-30-2018 20:31 [INFO] [MyPet] Vault (1.5.6-b49) (Economy: Essentials Economy) hook activated.
07-30-2018 20:31 [INFO] [MyPet] WorldGuard (6.1) hook activated.
07-30-2018 20:31 [INFO] [MyPet] Compat mode for v1_8_R3 loaded.
07-30-2018 20:31 [INFO] [MyPet] --- Loading WorldGroups ---------------------------
07-30-2018 20:31 [INFO] [MyPet]    added 'world' to 'default'
07-30-2018 20:31 [INFO] [MyPet]    added 'world_nether' to 'default'
07-30-2018 20:31 [INFO] [MyPet]    added 'world_the_end' to 'default'
07-30-2018 20:31 [INFO] [MyPet]    added 'Survival' to 'default'
07-30-2018 20:31 [INFO] [MyPet]    added 'Survival_plots' to 'default'
07-30-2018 20:31 [INFO] [MyPet]    added 'world_pvp' to 'default'
07-30-2018 20:31 [INFO] [MyPet] -------------------------------------------------
07-30-2018 20:31 [INFO] [MyPet] version 2.3.4-b1223 ENABLED
07-30-2018 21:10 [INFO] [MyPet] Disabling MyPet v2.3.4
10-21-2018 11:46 [INFO] [MyPet] Enabling MyPet v2.3.5
10-21-2018 11:46 [INFO] [MyPet] No Update available.
10-21-2018 11:46 [INFO] [MyPet] Citizens (2.0.22-SNAPSHOT (build 1487)) hook activated.
10-21-2018 11:46 [INFO] [MyPet] MiniaturePets (2.0.9) hook activated.
10-21-2018 11:46 [INFO] [MyPet] PlaceholderAPI (2.9.1) hook activated.
10-21-2018 11:46 [INFO] [MyPet] PlotSquared (3.5.0-SNAPSHOT-95f8aaa) hook activated.
10-21-2018 11:46 [INFO] [MyPet] ProtocolLib (4.3.0) hook activated.
10-21-2018 11:46 [INFO] [MyPet] Vault (1.5.6-b49) (Economy: Essentials Economy) hook activated.
10-21-2018 11:46 [INFO] [MyPet] WorldGuard (6.2.1;84bc322) hook activated.
10-21-2018 11:46 [INFO] [MyPet] Custom entity registry found: net.citizensnpcs.nms.v1_12_R1.util.CustomEntityRegistry
10-21-2018 11:46 [INFO] [MyPet] Compat mode for v1_12_R1 loaded.
10-21-2018 11:46 [INFO] [MyPet] --- Loading WorldGroups ---------------------------
10-21-2018 11:46 [INFO] [MyPet]    added 'world' to 'default'
10-21-2018 11:46 [INFO] [MyPet]    added 'world_nether' to 'default'
10-21-2018 11:46 [INFO] [MyPet]    added 'world_the_end' to 'default'
10-21-2018 11:46 [INFO] [MyPet]    added 'Survival' to 'default'
10-21-2018 11:46 [INFO] [MyPet]    added 'Survival_plots' to 'default'
10-21-2018 11:46 [INFO] [MyPet]    added 'world_pvp' to 'default'
10-21-2018 11:46 [INFO] [MyPet] -------------------------------------------------
10-21-2018 11:46 [INFO] [MyPet] version 2.3.5-b1239 ENABLED
10-21-2018 12:15 [INFO] [MyPet] Disabling MyPet v2.3.5
10-21-2018 12:15 [INFO] [MyPet] Custom entity registry found: net.citizensnpcs.nms.v1_12_R1.util.CustomEntityRegistry
10-21-2018 13:28 [INFO] [MyPet] Enabling MyPet v2.3.5
10-21-2018 13:28 [INFO] [MyPet] No Update available.
10-21-2018 13:28 [INFO] [MyPet] Citizens (2.0.22-SNAPSHOT (build 1487)) hook activated.
10-21-2018 13:28 [INFO] [MyPet] MiniaturePets (2.0.9) hook activated.
10-21-2018 13:28 [INFO] [MyPet] PlaceholderAPI (2.9.1) hook activated.
10-21-2018 13:28 [INFO] [MyPet] PlotSquared (3.5.0-SNAPSHOT-95f8aaa) hook activated.
10-21-2018 13:28 [INFO] [MyPet] ProtocolLib (4.3.0) hook activated.
10-21-2018 13:28 [INFO] [MyPet] Vault (1.5.6-b49) (Economy: Essentials Economy) hook activated.
10-21-2018 13:28 [INFO] [MyPet] WorldGuard (6.2.1;84bc322) hook activated.
10-21-2018 13:28 [INFO] [MyPet] Custom entity registry found: net.citizensnpcs.nms.v1_12_R1.util.CustomEntityRegistry
10-21-2018 13:28 [INFO] [MyPet] Compat mode for v1_12_R1 loaded.
10-21-2018 13:28 [INFO] [MyPet] --- Loading WorldGroups ---------------------------
10-21-2018 13:28 [INFO] [MyPet]    added 'world' to 'default'
10-21-2018 13:28 [INFO] [MyPet]    added 'world_nether' to 'default'
10-21-2018 13:28 [INFO] [MyPet]    added 'world_the_end' to 'default'
10-21-2018 13:28 [INFO] [MyPet]    added 'Survival' to 'default'
10-21-2018 13:28 [INFO] [MyPet]    added 'Survival_plots' to 'default'
10-21-2018 13:28 [INFO] [MyPet]    added 'world_pvp' to 'default'
10-21-2018 13:28 [INFO] [MyPet] -------------------------------------------------
10-21-2018 13:28 [INFO] [MyPet] version 2.3.5-b1239 ENABLED
10-21-2018 13:32 [INFO] [MyPet] Disabling MyPet v2.3.5
10-21-2018 13:32 [INFO] [MyPet] Custom entity registry found: net.citizensnpcs.nms.v1_12_R1.util.CustomEntityRegistry
10-21-2018 13:36 [INFO] [MyPet] Enabling MyPet v2.3.5
10-21-2018 13:36 [INFO] [MyPet] No Update available.
10-21-2018 13:36 [INFO] [MyPet] Citizens (2.0.22-SNAPSHOT (build 1487)) hook activated.
10-21-2018 13:36 [INFO] [MyPet] MiniaturePets (2.0.9) hook activated.
10-21-2018 13:36 [INFO] [MyPet] PlaceholderAPI (2.9.1) hook activated.
10-21-2018 13:36 [INFO] [MyPet] PlotSquared (3.5.0-SNAPSHOT-95f8aaa) hook activated.
10-21-2018 13:36 [INFO] [MyPet] ProtocolLib (4.3.0) hook activated.
10-21-2018 13:36 [INFO] [MyPet] Vault (1.5.6-b49) (Economy: Essentials Economy) hook activated.
10-21-2018 13:36 [INFO] [MyPet] WorldGuard (6.2.1;84bc322) hook activated.
10-21-2018 13:36 [INFO] [MyPet] Custom entity registry found: net.citizensnpcs.nms.v1_12_R1.util.CustomEntityRegistry
10-21-2018 13:36 [INFO] [MyPet] Compat mode for v1_12_R1 loaded.
10-21-2018 13:36 [INFO] [MyPet] --- Loading WorldGroups ---------------------------
10-21-2018 13:36 [INFO] [MyPet]    added 'world' to 'default'
10-21-2018 13:36 [INFO] [MyPet]    added 'world_nether' to 'default'
10-21-2018 13:36 [INFO] [MyPet]    added 'world_the_end' to 'default'
10-21-2018 13:36 [INFO] [MyPet]    added 'Survival' to 'default'
10-21-2018 13:36 [INFO] [MyPet]    added 'Survival_plots' to 'default'
10-21-2018 13:36 [INFO] [MyPet]    added 'world_pvp' to 'default'
10-21-2018 13:36 [INFO] [MyPet] -------------------------------------------------
10-21-2018 13:36 [INFO] [MyPet] version 2.3.5-b1239 ENABLED
10-21-2018 13:55 [INFO] [MyPet] Disabling MyPet v2.3.5
10-21-2018 13:55 [INFO] [MyPet] Custom entity registry found: net.citizensnpcs.nms.v1_12_R1.util.CustomEntityRegistry
10-21-2018 15:17 [INFO] [MyPet] Enabling MyPet v2.3.5
10-21-2018 15:17 [INFO] [MyPet] No Update available.
10-21-2018 15:17 [INFO] [MyPet] Citizens (2.0.22-SNAPSHOT (build 1487)) hook activated.
10-21-2018 15:17 [INFO] [MyPet] MiniaturePets (2.0.9) hook activated.
10-21-2018 15:17 [INFO] [MyPet] PlaceholderAPI (2.9.1) hook activated.
10-21-2018 15:17 [INFO] [MyPet] PlotSquared (3.5.0-SNAPSHOT-95f8aaa) hook activated.
10-21-2018 15:17 [INFO] [MyPet] ProtocolLib (4.3.0) hook activated.
10-21-2018 15:17 [INFO] [MyPet] Vault (1.5.6-b49) (Economy: Essentials Economy) hook activated.
10-21-2018 15:17 [INFO] [MyPet] WorldGuard (6.2.1;84bc322) hook activated.
10-21-2018 15:17 [INFO] [MyPet] Custom entity registry found: net.citizensnpcs.nms.v1_12_R1.util.CustomEntityRegistry
10-21-2018 15:17 [INFO] [MyPet] Compat mode for v1_12_R1 loaded.
10-21-2018 15:17 [INFO] [MyPet] --- Loading WorldGroups ---------------------------
10-21-2018 15:17 [INFO] [MyPet]    added 'world' to 'default'
10-21-2018 15:17 [INFO] [MyPet]    added 'world_nether' to 'default'
10-21-2018 15:17 [INFO] [MyPet]    added 'world_the_end' to 'default'
10-21-2018 15:17 [INFO] [MyPet]    added 'Survival' to 'default'
10-21-2018 15:17 [INFO] [MyPet]    added 'Survival_plots' to 'default'
10-21-2018 15:17 [INFO] [MyPet]    added 'world_pvp' to 'default'
10-21-2018 15:17 [INFO] [MyPet] -------------------------------------------------
10-21-2018 15:17 [INFO] [MyPet] version 2.3.5-b1239 ENABLED
10-21-2018 15:32 [INFO] [MyPet] Disabling MyPet v2.3.5
10-21-2018 15:32 [INFO] [MyPet] Custom entity registry found: net.citizensnpcs.nms.v1_12_R1.util.CustomEntityRegistry
